_______                    _____________________ 
__  __ \______________________  /___    |__  __ \
_  / / /__  __ \  _ \_  __ \_  / __  /| |_  /_/ /
/ /_/ /__  /_/ /  __/  / / /  /___  ___ |  ____/ 
\____/ _  .___/\___//_/ /_//_____/_/  |_/_/      
       /_/                                       
=================================================
Vehicle: Ratio 6,9
Track:   FSAE Endurance Germany 2012
Date:    11/08/2025
Time:    11:58:13
=================================================
Simulation started.
Maximum speed calculated at all points.
Found all apexes on track.
Starting acceleration and deceleration.
Running: [||||||||||||||||||||||||||||||] 100 [%]
________________________________________________
|_Apex__|_Point_|_Mode__|___x___|___v___|_vmax_|
      1	    609	      1	  608.0	   7.57	   7.69
      1	    610	      1	  609.0	   7.73	   8.03
      1	    611	      1	  610.0	   7.96	   8.55
      1	    612	      1	  611.0	   8.18	   9.23
      1	    613	      1	  612.0	   8.40	  10.22
      1	    614	      1	  613.0	   8.61	  12.22
      1	    615	      1	  614.0	   8.82	  15.32
      1	    616	      1	  615.0	   9.02	  17.29
      1	    617	      1	  616.0	   9.21	  17.29
      1	    618	      1	  617.0	   9.40	  17.29
      1	    619	      1	  618.0	   9.59	  17.29
      1	    620	      1	  619.0	   9.77	  17.29
      1	    621	      1	  620.0	   9.95	  17.29
      1	    622	      1	  621.0	  10.12	  17.29
      1	    623	      1	  622.0	  10.29	  17.29
      1	    624	      1	  623.0	  10.46	  17.29
      1	    625	      1	  624.0	  10.63	  17.29
      1	    626	      1	  625.0	  10.79	  17.29
      1	    627	      1	  626.0	  10.95	  17.29
      1	    628	      1	  627.0	  11.10	  17.29
      1	    629	      1	  628.0	  11.26	  17.29
      1	    630	      1	  629.0	  11.41	  17.29
      1	    631	      1	  630.0	  11.56	  17.29
      1	    632	      1	  631.0	  11.70	  17.29
      1	    633	      1	  632.0	  11.84	  17.29
      1	    634	      1	  633.0	  11.99	  17.29
      1	    635	      1	  634.0	  12.13	  17.29
      1	    636	      1	  635.0	  12.26	  17.29
      1	    637	      1	  636.0	  12.40	  17.29
      1	    638	      1	  637.0	  12.53	  17.29
      1	    639	      1	  638.0	  12.66	  17.29
      1	    640	      1	  639.0	  12.79	  17.29
      1	    641	      1	  640.0	  12.92	  17.29
      1	    642	      1	  641.0	  13.05	  17.29
      1	    643	      1	  642.0	  13.17	  17.29
      1	    644	      1	  643.0	  13.30	  17.29
      1	    645	      1	  644.0	  13.42	  17.29
      1	    646	      1	  645.0	  13.54	  17.29
      1	    647	      1	  646.0	  13.66	  17.29
      1	    648	      1	  647.0	  13.77	  17.29
      1	    649	      1	  648.0	  13.89	  17.29
      1	    650	      1	  649.0	  14.01	  17.29
      1	    651	      1	  650.0	  14.12	  17.29
      1	    652	      1	  651.0	  14.23	  17.29
      1	    653	      1	  652.0	  14.34	  17.29
      1	    654	      1	  653.0	  14.45	  17.29
      1	    655	      1	  654.0	  14.56	  17.29
      1	    656	      1	  655.0	  14.67	  17.29
      1	    657	      1	  656.0	  14.77	  17.29
      1	    658	      1	  657.0	  14.88	  17.29
      1	    659	      1	  658.0	  14.98	  17.29
      1	    660	      1	  659.0	  15.09	  17.29
      1	    661	      1	  660.0	  15.19	  17.29
      1	    662	      1	  661.0	  15.29	  17.29
      1	    663	      1	  662.0	  15.39	  17.29
      1	    664	      1	  663.0	  15.49	  17.29
      1	    665	      1	  664.0	  15.59	  17.29
      1	    666	      1	  665.0	  15.69	  17.29
      1	    667	      1	  666.0	  15.78	  17.29
      1	    668	      1	  667.0	  15.88	  17.29
      1	    669	      1	  668.0	  15.97	  17.29
      1	    670	      1	  669.0	  16.07	  17.29
      1	    671	      1	  670.0	  16.16	  17.29
      1	    672	      1	  671.0	  16.25	  17.29
      1	    673	      1	  672.0	  16.34	  17.29
      1	    674	      1	  673.0	  16.43	  17.29
      1	    675	      1	  674.0	  16.52	  17.29
      1	    676	      1	  675.0	  16.61	  17.29
      1	    677	      1	  676.0	  16.70	  17.29
      1	    678	      1	  677.0	  16.79	  17.29
      1	    679	      1	  678.0	  16.87	  17.29
      1	    680	      1	  679.0	  16.96	  17.29
      1	    681	      1	  680.0	  17.04	  17.29
      1	    682	      1	  681.0	  17.13	  17.29
      1	    683	      1	  682.0	  17.21	  17.29
      1	    684	      1	  683.0	  17.29	  17.29
      1	    685	      1	  684.0	  17.29	  17.29
      1	    686	      1	  685.0	  17.29	  17.29
      1	    687	      1	  686.0	  17.29	  17.29
      1	    688	      1	  687.0	  17.29	  17.29
      1	    689	      1	  688.0	  17.29	  17.29
      1	    690	      1	  689.0	  17.29	  17.29
      1	    691	      1	  690.0	  17.29	  17.29
      1	    692	      1	  691.0	  17.29	  17.29
      1	    693	      1	  692.0	  17.29	  17.29
      1	    694	      1	  693.0	  17.29	  17.29
      1	    695	      1	  694.0	  17.29	  17.29
      1	    696	      1	  695.0	  17.29	  17.29
      1	    697	      1	  696.0	  17.29	  17.29
      1	    698	      1	  697.0	  17.29	  17.29
      1	    699	      1	  698.0	  17.29	  17.29
      1	    700	      1	  699.0	  17.29	  17.29
      1	    701	      1	  700.0	  17.29	  17.29
      1	    702	      1	  701.0	  17.29	  17.29
      1	    703	      1	  702.0	  17.29	  17.29
      1	    704	      1	  703.0	  17.29	  17.29
      1	    705	      1	  704.0	  17.29	  17.29
      1	    706	      1	  705.0	  17.29	  17.29
      1	    707	      1	  706.0	  17.29	  17.29
      1	    708	      1	  707.0	  17.29	  17.29
      1	    709	      1	  708.0	  17.29	  17.29
      1	    710	      1	  709.0	  17.29	  17.29
      1	    711	      1	  710.0	  17.29	  17.29
      1	    712	      1	  711.0	  17.29	  17.29
      1	    713	      1	  712.0	  17.29	  17.29
      1	    714	      1	  713.0	  17.29	  17.29
      1	    715	      1	  714.0	  17.29	  17.29
      1	    716	      1	  715.0	  17.29	  17.29
      1	    717	      1	  716.0	  17.29	  17.29
      1	    607	      2	  606.0	   7.57	   7.67
      1	    606	      2	  605.0	   7.95	   7.97
      1	    605	      2	  604.0	   8.10	   8.47
      1	    604	      2	  603.0	   8.72	   9.21
      1	    603	      2	  602.0	   9.36	  10.94
      1	    602	      2	  601.0	  10.26	  15.08
      1	    601	      2	  600.0	  11.33	  17.29
      1	    600	      2	  599.0	  12.37	  17.29
      1	    599	      2	  598.0	  13.35	  17.29
      1	    598	      2	  597.0	  14.29	  17.29
      1	    597	      2	  596.0	  15.20	  17.29
      1	    596	      2	  595.0	  16.08	  17.29
      1	    595	      2	  594.0	  16.93	  17.29
      1	    594	      2	  593.0	  17.29	  17.29
      1	    593	      2	  592.0	  17.29	  17.29
      1	    592	      2	  591.0	  17.29	  17.29
      1	    591	      2	  590.0	  17.29	  17.29
      1	    590	      2	  589.0	  17.29	  17.29
      1	    589	      2	  588.0	  17.29	  17.29
      1	    588	      2	  587.0	  17.29	  17.29
      1	    587	      2	  586.0	  17.29	  17.29
      1	    586	      2	  585.0	  17.29	  17.29
      1	    585	      2	  584.0	  17.29	  17.29
      1	    584	      2	  583.0	  17.29	  17.29
      1	    583	      2	  582.0	  17.29	  17.29
      1	    582	      2	  581.0	  17.29	  17.29
      1	    581	      2	  580.0	  17.29	  17.29
      1	    580	      2	  579.0	  17.29	  17.29
      1	    579	      2	  578.0	  17.29	  17.29
      1	    578	      2	  577.0	  17.29	  17.29
      1	    577	      2	  576.0	  17.29	  17.29
      1	    576	      2	  575.0	  17.29	  17.29
      1	    575	      2	  574.0	  17.29	  17.29
      1	    574	      2	  573.0	  17.29	  17.29
      1	    573	      2	  572.0	  17.29	  17.29
      1	    572	      2	  571.0	  17.29	  17.29
      1	    571	      2	  570.0	  17.29	  17.29
      1	    570	      2	  569.0	  17.29	  17.29
      1	    569	      2	  568.0	  17.29	  17.29
      1	    568	      2	  567.0	  17.29	  17.29
      1	    567	      2	  566.0	  17.29	  17.29
      1	    566	      2	  565.0	  17.29	  17.29
      1	    565	      2	  564.0	  17.29	  17.29
      1	    564	      2	  563.0	  17.29	  17.29
      1	    563	      2	  562.0	  17.29	  17.29
      1	    562	      2	  561.0	  17.29	  17.29
      1	    561	      2	  560.0	  17.29	  17.29
      1	    560	      2	  559.0	  17.29	  17.29
      1	    559	      2	  558.0	  17.29	  17.29
      1	    558	      2	  557.0	  17.29	  17.29
      1	    557	      2	  556.0	  17.29	  17.29
      1	    556	      2	  555.0	  17.29	  17.29
      1	    555	      2	  554.0	  17.29	  17.29
      1	    554	      2	  553.0	  17.29	  17.29
      1	    553	      2	  552.0	  17.29	  17.29
      1	    552	      2	  551.0	  17.29	  17.29
      1	    551	      2	  550.0	  17.29	  17.29
      1	    550	      2	  549.0	  17.29	  17.29
      1	    549	      2	  548.0	  17.29	  17.29
      1	    548	      2	  547.0	  17.29	  17.29
      1	    547	      2	  546.0	  17.29	  17.29
      1	    546	      2	  545.0	  17.29	  17.29
      1	    545	      2	  544.0	  17.29	  17.29
      1	    544	      2	  543.0	  17.29	  17.29
      1	    543	      2	  542.0	  17.29	  17.29
      1	    542	      2	  541.0	  17.29	  17.29
      1	    541	      2	  540.0	  17.29	  17.29
      1	    540	      2	  539.0	  17.29	  17.29
      1	    539	      2	  538.0	  17.29	  17.29
      1	    538	      2	  537.0	  17.29	  17.29
      1	    537	      2	  536.0	  17.29	  17.29
      1	    536	      2	  535.0	  17.29	  17.29
      1	    535	      2	  534.0	  17.29	  17.29
      1	    534	      2	  533.0	  17.29	  17.29
      1	    533	      2	  532.0	  17.29	  17.29
      1	    532	      2	  531.0	  17.29	  17.29
      1	    531	      2	  530.0	  17.29	  17.29
      1	    530	      2	  529.0	  17.29	  17.29
      1	    529	      2	  528.0	  17.29	  17.29
      1	    528	      2	  527.0	  17.29	  17.29
      1	    527	      2	  526.0	  17.29	  17.29
      1	    526	      2	  525.0	  17.29	  17.29
      1	    525	      2	  524.0	  17.29	  17.29
      1	    524	      2	  523.0	  17.29	  17.29
      1	    523	      2	  522.0	  17.29	  17.29
      1	    522	      2	  521.0	  17.29	  17.29
      1	    521	      2	  520.0	  17.29	  17.29
      1	    520	      2	  519.0	  17.29	  17.29
      1	    519	      2	  518.0	  17.29	  17.29
      1	    518	      2	  517.0	  17.29	  17.29
      1	    517	      2	  516.0	  17.29	  17.29
      1	    516	      2	  515.0	  17.29	  17.29
      1	    515	      2	  514.0	  17.29	  17.29
      1	    514	      2	  513.0	  17.29	  17.29
      1	    513	      2	  512.0	  17.29	  17.29
      1	    512	      2	  511.0	  17.29	  17.29
      1	    511	      2	  510.0	  17.29	  17.29
      1	    510	      2	  509.0	  17.29	  17.29
      1	    509	      2	  508.0	  17.29	  17.29
      1	    508	      2	  507.0	  17.29	  17.29
      1	    507	      2	  506.0	  17.29	  17.29
      1	    506	      2	  505.0	  17.29	  17.29
      1	    505	      2	  504.0	  17.29	  17.29
      1	    504	      2	  503.0	  17.29	  17.29
      1	    503	      2	  502.0	  17.29	  17.29
      1	    502	      2	  501.0	  17.29	  17.29
      1	    501	      2	  500.0	  17.29	  17.29
      1	    500	      2	  499.0	  17.29	  17.29
      1	    499	      2	  498.0	  17.29	  17.29
      1	    498	      2	  497.0	  17.29	  17.29
      1	    497	      2	  496.0	  17.29	  17.29
      1	    496	      2	  495.0	  17.29	  17.29
      1	    495	      2	  494.0	  17.29	  17.29
      1	    494	      2	  493.0	  17.29	  17.29
      1	    493	      2	  492.0	  17.29	  17.29
      1	    492	      2	  491.0	  17.29	  17.29
      1	    491	      2	  490.0	  17.29	  17.29
      1	    490	      2	  489.0	  17.29	  17.29
      1	    489	      2	  488.0	  17.29	  17.29
      1	    488	      2	  487.0	  17.29	  17.29
      1	    487	      2	  486.0	  17.29	  17.29
      1	    486	      2	  485.0	  17.29	  17.29
      1	    485	      2	  484.0	  17.29	  17.29
      1	    484	      2	  483.0	  17.29	  17.29
      1	    483	      2	  482.0	  17.29	  17.29
      1	    482	      2	  481.0	  17.29	  17.29
      1	    481	      2	  480.0	  17.29	  17.29
      1	    480	      2	  479.0	  17.29	  17.29
      1	    479	      2	  478.0	  17.29	  17.29
      1	    478	      2	  477.0	  17.29	  17.29
      1	    477	      2	  476.0	  17.29	  17.29
      1	    476	      2	  475.0	  17.29	  17.29
      1	    475	      2	  474.0	  17.29	  17.29
      1	    474	      2	  473.0	  17.29	  17.29
      1	    473	      2	  472.0	  17.29	  17.29
      1	    472	      2	  471.0	  17.29	  17.29
      1	    471	      2	  470.0	  17.29	  17.29
      1	    470	      2	  469.0	  17.29	  17.29
      1	    469	      2	  468.0	  17.29	  17.29
      1	    468	      2	  467.0	  17.29	  17.29
      1	    467	      2	  466.0	  17.29	  17.29
      1	    466	      2	  465.0	  17.29	  17.29
      1	    465	      2	  464.0	  17.29	  17.29
      2	    344	      1	  343.0	   7.58	   8.23
      2	    345	      1	  344.0	   7.81	  10.01
      2	    346	      1	  345.0	   8.04	  12.08
      2	    347	      1	  346.0	   8.26	  16.32
      2	    348	      1	  347.0	   8.48	  17.29
      2	    349	      1	  348.0	   8.69	  17.29
      2	    350	      1	  349.0	   8.89	  17.29
      2	    351	      1	  350.0	   9.09	  17.29
      2	    352	      1	  351.0	   9.28	  17.29
      2	    353	      1	  352.0	   9.47	  17.29
      2	    354	      1	  353.0	   9.66	  17.29
      2	    355	      1	  354.0	   9.84	  17.29
      2	    356	      1	  355.0	  10.02	  17.29
      2	    357	      1	  356.0	  10.19	  17.29
      2	    358	      1	  357.0	  10.36	  17.29
      2	    359	      1	  358.0	  10.52	  17.29
      2	    360	      1	  359.0	  10.69	  17.29
      2	    361	      1	  360.0	  10.85	  17.29
      2	    362	      1	  361.0	  11.01	  17.29
      2	    363	      1	  362.0	  11.16	  17.29
      2	    364	      1	  363.0	  11.31	  17.29
      2	    365	      1	  364.0	  11.46	  17.29
      2	    366	      1	  365.0	  11.61	  17.29
      2	    367	      1	  366.0	  11.76	  17.29
      2	    368	      1	  367.0	  11.90	  17.29
      2	    369	      1	  368.0	  12.04	  17.29
      2	    370	      1	  369.0	  12.18	  17.29
      2	    371	      1	  370.0	  12.31	  17.29
      2	    372	      1	  371.0	  12.45	  17.29
      2	    373	      1	  372.0	  12.58	  17.29
      2	    374	      1	  373.0	  12.71	  17.29
      2	    375	      1	  374.0	  12.84	  17.29
      2	    376	      1	  375.0	  12.97	  17.29
      2	    377	      1	  376.0	  13.10	  17.29
      2	    378	      1	  377.0	  13.22	  17.29
      2	    379	      1	  378.0	  13.34	  17.29
      2	    380	      1	  379.0	  13.46	  17.29
      2	    381	      1	  380.0	  13.58	  17.29
      2	    382	      1	  381.0	  13.70	  17.29
      2	    383	      1	  382.0	  13.82	  17.29
      2	    384	      1	  383.0	  13.93	  17.29
      2	    385	      1	  384.0	  14.05	  17.29
      2	    386	      1	  385.0	  14.16	  17.29
      2	    387	      1	  386.0	  14.27	  17.29
      2	    388	      1	  387.0	  14.38	  17.29
      2	    389	      1	  388.0	  14.49	  17.29
      2	    390	      1	  389.0	  14.60	  17.29
      2	    391	      1	  390.0	  14.71	  17.29
      2	    392	      1	  391.0	  14.81	  17.29
      2	    393	      1	  392.0	  14.92	  17.29
      2	    394	      1	  393.0	  15.02	  17.29
      2	    395	      1	  394.0	  15.13	  16.78
      2	    396	      1	  395.0	  15.23	  16.10
      2	    397	      1	  396.0	  15.33	  15.58
      2	    398	      1	  397.0	  15.39	  15.80
      2	    399	      1	  398.0	  15.48	  16.45
      2	    400	      1	  399.0	  15.58	  17.03
      2	    401	      1	  400.0	  15.67	  17.29
      2	    402	      1	  401.0	  15.77	  17.29
      2	    403	      1	  402.0	  15.86	  17.29
      2	    404	      1	  403.0	  15.96	  17.29
      2	    405	      1	  404.0	  16.05	  17.29
      2	    406	      1	  405.0	  16.15	  17.29
      2	    407	      1	  406.0	  16.24	  17.29
      2	    408	      1	  407.0	  16.33	  17.29
      2	    409	      1	  408.0	  16.42	  17.29
      2	    410	      1	  409.0	  16.51	  17.29
      2	    411	      1	  410.0	  16.60	  17.29
      2	    412	      1	  411.0	  16.69	  17.29
      2	    413	      1	  412.0	  16.78	  17.29
      2	    414	      1	  413.0	  16.86	  17.29
      2	    342	      2	  341.0	   7.58	   7.95
      2	    341	      2	  340.0	   8.26	   8.71
      2	    340	      2	  339.0	   8.92	   9.44
      2	    339	      2	  338.0	   9.55	   9.95
      2	    338	      2	  337.0	  10.07	  10.48
      2	    337	      2	  336.0	  10.56	  11.21
      2	    336	      2	  335.0	  11.12	  12.19
      2	    335	      2	  334.0	  11.76	  13.45
      2	    334	      2	  333.0	  12.46	  15.64
      2	    333	      2	  332.0	  13.26	  17.29
      2	    332	      2	  331.0	  14.09	  17.29
      2	    331	      2	  330.0	  14.92	  17.29
      2	    330	      2	  329.0	  15.75	  17.29
      2	    329	      2	  328.0	  16.57	  17.29
      2	    328	      2	  327.0	  17.29	  17.29
      2	    327	      2	  326.0	  17.29	  17.29
      2	    326	      2	  325.0	  17.29	  17.29
      2	    325	      2	  324.0	  17.29	  17.29
      2	    324	      2	  323.0	  17.29	  17.29
      2	    323	      2	  322.0	  17.29	  17.29
      2	    322	      2	  321.0	  17.29	  17.29
      2	    321	      2	  320.0	  17.29	  17.29
      2	    320	      2	  319.0	  17.29	  17.29
      2	    319	      2	  318.0	  17.29	  17.29
      2	    318	      2	  317.0	  17.29	  17.29
      2	    317	      2	  316.0	  17.29	  17.29
      2	    316	      2	  315.0	  17.29	  17.29
      2	    315	      2	  314.0	  17.29	  17.29
      2	    314	      2	  313.0	  17.29	  17.29
      2	    313	      2	  312.0	  17.29	  17.29
      2	    312	      2	  311.0	  17.29	  17.29
      2	    311	      2	  310.0	  17.29	  17.29
      2	    310	      2	  309.0	  17.29	  17.29
      2	    309	      2	  308.0	  17.29	  17.29
      2	    308	      2	  307.0	  17.29	  17.29
      2	    307	      2	  306.0	  17.29	  17.29
      2	    306	      2	  305.0	  17.29	  17.29
      2	    305	      2	  304.0	  17.29	  17.29
      2	    304	      2	  303.0	  17.29	  17.29
      2	    303	      2	  302.0	  17.29	  17.29
      2	    302	      2	  301.0	  17.29	  17.29
      2	    301	      2	  300.0	  17.29	  17.29
      2	    300	      2	  299.0	  17.29	  17.29
      2	    299	      2	  298.0	  17.29	  17.29
      2	    298	      2	  297.0	  17.29	  17.29
      2	    297	      2	  296.0	  17.29	  17.29
      2	    296	      2	  295.0	  17.29	  17.29
      2	    295	      2	  294.0	  17.29	  17.29
      2	    294	      2	  293.0	  17.29	  17.29
      2	    293	      2	  292.0	  17.29	  17.29
      2	    292	      2	  291.0	  17.29	  17.29
      2	    291	      2	  290.0	  17.29	  17.29
      2	    290	      2	  289.0	  17.29	  17.29
      2	    289	      2	  288.0	  17.29	  17.29
      2	    288	      2	  287.0	  17.29	  17.29
      2	    287	      2	  286.0	  17.29	  17.29
      2	    286	      2	  285.0	  17.29	  17.29
      2	    285	      2	  284.0	  17.29	  17.29
      2	    284	      2	  283.0	  17.29	  17.29
      2	    283	      2	  282.0	  17.29	  17.29
      2	    282	      2	  281.0	  17.29	  17.29
      2	    281	      2	  280.0	  17.29	  17.29
      2	    280	      2	  279.0	  17.29	  17.29
      2	    279	      2	  278.0	  17.29	  17.29
      2	    278	      2	  277.0	  17.29	  17.29
      2	    277	      2	  276.0	  17.29	  17.29
      2	    276	      2	  275.0	  17.29	  17.29
      2	    275	      2	  274.0	  17.29	  17.29
      2	    274	      2	  273.0	  17.29	  17.29
      2	    273	      2	  272.0	  17.29	  17.29
      3	   1172	      1	 1171.0	   7.58	   7.79
      3	   1173	      1	 1172.0	   7.78	   8.52
      3	   1174	      1	 1173.0	   8.01	   9.54
      3	   1175	      1	 1174.0	   8.23	  10.94
      3	   1176	      1	 1175.0	   8.45	  12.47
      3	   1177	      1	 1176.0	   8.66	  13.67
      3	   1178	      1	 1177.0	   8.86	  14.54
      3	   1179	      1	 1178.0	   9.06	  15.64
      3	   1180	      1	 1179.0	   9.26	  17.02
      3	   1181	      1	 1180.0	   9.45	  17.29
      3	   1182	      1	 1181.0	   9.63	  17.29
      3	   1183	      1	 1182.0	   9.81	  17.29
      3	   1184	      1	 1183.0	   9.99	  17.29
      3	   1185	      1	 1184.0	  10.16	  17.29
      3	   1186	      1	 1185.0	  10.33	  17.29
      3	   1187	      1	 1186.0	  10.50	  17.29
      3	   1188	      1	 1187.0	  10.67	  17.29
      3	   1189	      1	 1188.0	  10.83	  17.29
      3	   1190	      1	 1189.0	  10.98	  17.29
      3	   1191	      1	 1190.0	  11.14	  17.29
      3	   1192	      1	 1191.0	  11.29	  17.29
      3	   1193	      1	 1192.0	  11.44	  17.29
      3	   1194	      1	 1193.0	  11.59	  17.29
      3	   1195	      1	 1194.0	  11.74	  17.29
      3	   1196	      1	 1195.0	  11.88	  17.29
      3	   1197	      1	 1196.0	  12.02	  17.29
      3	   1198	      1	 1197.0	  12.16	  17.29
      3	   1199	      1	 1198.0	  12.29	  17.29
      3	   1200	      1	 1199.0	  12.43	  17.29
      3	   1201	      1	 1200.0	  12.56	  17.29
      3	   1202	      1	 1201.0	  12.69	  17.29
      3	   1203	      1	 1202.0	  12.82	  17.29
      3	   1204	      1	 1203.0	  12.95	  17.29
      3	   1205	      1	 1204.0	  13.08	  17.29
      3	   1206	      1	 1205.0	  13.20	  17.29
      3	   1207	      1	 1206.0	  13.33	  17.29
      3	   1208	      1	 1207.0	  13.45	  17.29
      3	   1209	      1	 1208.0	  13.57	  17.29
      3	   1210	      1	 1209.0	  13.69	  17.29
      3	   1211	      1	 1210.0	  13.80	  17.29
      3	   1212	      1	 1211.0	  13.92	  17.29
      3	   1213	      1	 1212.0	  14.03	  17.29
      3	   1214	      1	 1213.0	  14.15	  17.29
      3	   1215	      1	 1214.0	  14.26	  17.29
      3	   1216	      1	 1215.0	  14.37	  17.29
      3	   1217	      1	 1216.0	  14.48	  17.29
      3	   1218	      1	 1217.0	  14.59	  17.29
      3	   1219	      1	 1218.0	  14.69	  17.29
      3	   1220	      1	 1219.0	  14.80	  17.29
      3	   1221	      1	 1220.0	  14.90	  17.29
      3	   1222	      1	 1221.0	  15.01	  17.29
      3	   1223	      1	 1222.0	  15.11	  16.60
      3	   1224	      1	 1223.0	  15.21	  17.11
      3	   1225	      1	 1224.0	  15.31	  17.29
      3	   1226	      1	 1225.0	  15.41	  17.29
      3	   1227	      1	 1226.0	  15.51	  17.29
      3	   1228	      1	 1227.0	  15.61	  17.29
      3	   1229	      1	 1228.0	  15.71	  17.29
      3	   1230	      1	 1229.0	  15.80	  17.29
      3	   1231	      1	 1230.0	  15.90	  17.29
      3	   1232	      1	 1231.0	  15.99	  17.29
      3	   1233	      1	 1232.0	  16.09	  17.29
      3	   1234	      1	 1233.0	  16.18	  17.29
      3	   1235	      1	 1234.0	  16.27	  17.29
      3	   1236	      1	 1235.0	  16.36	  17.29
      3	   1237	      1	 1236.0	  16.45	  17.29
      3	   1238	      1	 1237.0	  16.54	  17.04
      3	   1239	      1	 1238.0	  16.63	  16.71
      3	   1240	      1	 1239.0	  16.58	  16.58
      3	   1241	      1	 1240.0	  16.58	  16.69
      3	   1242	      1	 1241.0	  16.61	  17.00
      3	   1243	      1	 1242.0	  16.68	  17.29
      3	   1244	      1	 1243.0	  16.77	  17.29
      3	   1245	      1	 1244.0	  16.85	  17.29
      3	   1246	      1	 1245.0	  16.94	  17.29
      3	   1247	      1	 1246.0	  17.03	  17.29
      3	   1248	      1	 1247.0	  17.11	  17.29
      3	   1249	      1	 1248.0	  17.19	  17.29
      3	   1250	      1	 1249.0	  17.28	  17.29
      3	   1251	      1	 1250.0	  17.29	  17.29
      3	   1252	      1	 1251.0	  17.29	  17.29
      3	   1253	      1	 1252.0	  17.24	  17.24
      3	   1170	      2	 1169.0	   7.58	   7.94
      3	   1169	      2	 1168.0	   8.25	   8.68
      3	   1168	      2	 1167.0	   8.90	   9.49
      3	   1167	      2	 1166.0	   9.57	  10.29
      3	   1166	      2	 1165.0	  10.23	  11.16
      3	   1165	      2	 1164.0	  10.90	  12.18
      3	   1164	      2	 1163.0	  11.60	  14.75
      3	   1163	      2	 1162.0	  12.46	  17.29
      3	   1162	      2	 1161.0	  13.36	  17.29
      3	   1161	      2	 1160.0	  14.27	  17.29
      3	   1160	      2	 1159.0	  15.17	  17.29
      3	   1159	      2	 1158.0	  16.04	  17.29
      3	   1158	      2	 1157.0	  16.88	  17.29
      3	   1157	      2	 1156.0	  17.29	  17.29
      3	   1156	      2	 1155.0	  17.29	  17.29
      3	   1155	      2	 1154.0	  17.29	  17.29
      3	   1154	      2	 1153.0	  17.29	  17.29
      3	   1153	      2	 1152.0	  17.29	  17.29
      3	   1152	      2	 1151.0	  17.29	  17.29
      3	   1151	      2	 1150.0	  17.29	  17.29
      3	   1150	      2	 1149.0	  17.29	  17.29
      3	   1149	      2	 1148.0	  17.29	  17.29
      3	   1148	      2	 1147.0	  17.29	  17.29
      3	   1147	      2	 1146.0	  17.29	  17.29
      3	   1146	      2	 1145.0	  17.29	  17.29
      3	   1145	      2	 1144.0	  17.29	  17.29
      3	   1144	      2	 1143.0	  17.29	  17.29
      3	   1143	      2	 1142.0	  17.29	  17.29
      3	   1142	      2	 1141.0	  17.29	  17.29
      3	   1141	      2	 1140.0	  17.29	  17.29
      3	   1140	      2	 1139.0	  17.29	  17.29
      3	   1139	      2	 1138.0	  17.29	  17.29
      3	   1138	      2	 1137.0	  17.29	  17.29
      3	   1137	      2	 1136.0	  17.29	  17.29
      3	   1136	      2	 1135.0	  17.29	  17.29
      3	   1135	      2	 1134.0	  17.29	  17.29
      3	   1134	      2	 1133.0	  17.29	  17.29
      3	   1133	      2	 1132.0	  17.29	  17.29
      3	   1132	      2	 1131.0	  17.29	  17.29
      3	   1131	      2	 1130.0	  17.29	  17.29
      3	   1130	      2	 1129.0	  17.29	  17.29
      3	   1129	      2	 1128.0	  17.29	  17.29
      3	   1128	      2	 1127.0	  17.29	  17.29
      3	   1127	      2	 1126.0	  17.29	  17.29
      3	   1126	      2	 1125.0	  17.29	  17.29
      3	   1125	      2	 1124.0	  17.29	  17.29
      3	   1124	      2	 1123.0	  17.29	  17.29
      3	   1123	      2	 1122.0	  17.29	  17.29
      3	   1122	      2	 1121.0	  17.29	  17.29
      3	   1121	      2	 1120.0	  17.29	  17.29
      3	   1120	      2	 1119.0	  17.29	  17.29
      3	   1119	      2	 1118.0	  17.29	  17.29
      3	   1118	      2	 1117.0	  17.29	  17.29
      3	   1117	      2	 1116.0	  17.29	  17.29
      3	   1116	      2	 1115.0	  17.29	  17.29
      3	   1115	      2	 1114.0	  17.29	  17.29
      3	   1114	      2	 1113.0	  17.29	  17.29
      3	   1113	      2	 1112.0	  17.29	  17.29
      3	   1112	      2	 1111.0	  17.29	  17.29
      3	   1111	      2	 1110.0	  17.29	  17.29
      3	   1110	      2	 1109.0	  17.29	  17.29
      3	   1109	      2	 1108.0	  17.29	  17.29
      3	   1108	      2	 1107.0	  17.29	  17.29
      3	   1107	      2	 1106.0	  17.29	  17.29
      3	   1106	      2	 1105.0	  17.29	  17.29
      4	    903	      1	  902.0	   7.58	   7.86
      4	    904	      1	  903.0	   7.81	   8.74
      4	    905	      1	  904.0	   8.04	   9.77
      4	    906	      1	  905.0	   8.26	  11.13
      4	    907	      1	  906.0	   8.48	  13.06
      4	    908	      1	  907.0	   8.68	  14.67
      4	    909	      1	  908.0	   8.89	  16.10
      4	    910	      1	  909.0	   9.09	  17.29
      4	    911	      1	  910.0	   9.28	  17.29
      4	    912	      1	  911.0	   9.47	  17.29
      4	    913	      1	  912.0	   9.65	  17.29
      4	    914	      1	  913.0	   9.84	  17.29
      4	    915	      1	  914.0	  10.01	  17.29
      4	    916	      1	  915.0	  10.19	  17.29
      4	    917	      1	  916.0	  10.36	  17.29
      4	    918	      1	  917.0	  10.52	  16.99
      4	    919	      1	  918.0	  10.69	  16.42
      4	    920	      1	  919.0	  10.85	  15.72
      4	    921	      1	  920.0	  11.00	  15.65
      4	    922	      1	  921.0	  11.16	  16.27
      4	    923	      1	  922.0	  11.31	  16.81
      4	    924	      1	  923.0	  11.46	  17.24
      4	    925	      1	  924.0	  11.61	  17.29
      4	    926	      1	  925.0	  11.75	  17.29
      4	    927	      1	  926.0	  11.90	  17.29
      4	    928	      1	  927.0	  12.04	  17.29
      4	    929	      1	  928.0	  12.18	  17.29
      4	    930	      1	  929.0	  12.31	  17.29
      4	    931	      1	  930.0	  12.45	  17.29
      4	    932	      1	  931.0	  12.58	  17.29
      4	    933	      1	  932.0	  12.71	  17.29
      4	    934	      1	  933.0	  12.84	  17.29
      4	    935	      1	  934.0	  12.97	  17.29
      4	    936	      1	  935.0	  13.09	  17.29
      4	    937	      1	  936.0	  13.22	  17.29
      4	    938	      1	  937.0	  13.34	  17.29
      4	    939	      1	  938.0	  13.46	  17.29
      4	    940	      1	  939.0	  13.58	  17.29
      4	    941	      1	  940.0	  13.70	  17.29
      4	    942	      1	  941.0	  13.82	  17.29
      4	    943	      1	  942.0	  13.93	  17.29
      4	    944	      1	  943.0	  14.05	  17.29
      4	    945	      1	  944.0	  14.16	  17.29
      4	    946	      1	  945.0	  14.27	  17.29
      4	    947	      1	  946.0	  14.38	  17.29
      4	    948	      1	  947.0	  14.49	  17.29
      4	    949	      1	  948.0	  14.60	  17.29
      4	    950	      1	  949.0	  14.71	  17.29
      4	    951	      1	  950.0	  14.81	  17.29
      4	    952	      1	  951.0	  14.92	  17.29
      4	    953	      1	  952.0	  15.02	  17.29
      4	    954	      1	  953.0	  15.12	  17.29
      4	    955	      1	  954.0	  15.23	  17.29
      4	    956	      1	  955.0	  15.33	  17.29
      4	    957	      1	  956.0	  15.43	  17.29
      4	    958	      1	  957.0	  15.53	  17.29
      4	    959	      1	  958.0	  15.62	  17.29
      4	    960	      1	  959.0	  15.72	  17.29
      4	    961	      1	  960.0	  15.82	  17.29
      4	    962	      1	  961.0	  15.91	  17.29
      4	    963	      1	  962.0	  16.01	  17.29
      4	    964	      1	  963.0	  16.10	  17.29
      4	    965	      1	  964.0	  16.19	  17.29
      4	    966	      1	  965.0	  16.28	  17.29
      4	    967	      1	  966.0	  16.37	  17.29
      4	    968	      1	  967.0	  16.46	  17.29
      4	    969	      1	  968.0	  16.55	  17.29
      4	    970	      1	  969.0	  16.64	  17.29
      4	    971	      1	  970.0	  16.73	  17.29
      4	    972	      1	  971.0	  16.82	  17.29
      4	    973	      1	  972.0	  16.90	  17.29
      4	    974	      1	  973.0	  16.99	  17.29
      4	    975	      1	  974.0	  17.07	  17.29
      4	    976	      1	  975.0	  17.16	  17.29
      4	    977	      1	  976.0	  17.24	  17.29
      4	    978	      1	  977.0	  17.29	  17.29
      4	    979	      1	  978.0	  17.29	  17.29
      4	    980	      1	  979.0	  17.29	  17.29
      4	    981	      1	  980.0	  17.29	  17.29
      4	    982	      1	  981.0	  17.29	  17.29
      4	    983	      1	  982.0	  17.29	  17.29
      4	    984	      1	  983.0	  17.29	  17.29
      4	    901	      2	  900.0	   7.58	   8.07
      4	    900	      2	  899.0	   8.34	   9.06
      4	    899	      2	  898.0	   9.12	  10.11
      4	    898	      2	  897.0	   9.91	  11.72
      4	    897	      2	  896.0	  10.79	  13.42
      4	    896	      2	  895.0	  11.68	  14.86
      4	    895	      2	  894.0	  12.53	  16.11
      4	    894	      2	  893.0	  13.35	  17.29
      4	    893	      2	  892.0	  14.15	  17.29
      4	    892	      2	  891.0	  14.96	  17.29
      4	    891	      2	  890.0	  15.77	  17.29
      4	    890	      2	  889.0	  16.57	  17.29
      4	    889	      2	  888.0	  17.29	  17.29
      4	    888	      2	  887.0	  17.29	  17.29
      4	    887	      2	  886.0	  17.29	  17.29
      4	    886	      2	  885.0	  17.29	  17.29
      4	    885	      2	  884.0	  17.29	  17.29
      4	    884	      2	  883.0	  17.29	  17.29
      4	    883	      2	  882.0	  17.29	  17.29
      4	    882	      2	  881.0	  17.29	  17.29
      4	    881	      2	  880.0	  17.29	  17.29
      4	    880	      2	  879.0	  17.29	  17.29
      4	    879	      2	  878.0	  17.29	  17.29
      4	    878	      2	  877.0	  17.29	  17.29
      4	    877	      2	  876.0	  17.29	  17.29
      4	    876	      2	  875.0	  17.29	  17.29
      4	    875	      2	  874.0	  17.29	  17.29
      4	    874	      2	  873.0	  17.29	  17.29
      4	    873	      2	  872.0	  17.29	  17.29
      4	    872	      2	  871.0	  17.29	  17.29
      4	    871	      2	  870.0	  17.29	  17.29
      4	    870	      2	  869.0	  17.29	  17.29
      4	    869	      2	  868.0	  17.29	  17.29
      4	    868	      2	  867.0	  17.29	  17.29
      4	    867	      2	  866.0	  17.29	  17.29
      4	    866	      2	  865.0	  17.29	  17.29
      4	    865	      2	  864.0	  17.29	  17.29
      4	    864	      2	  863.0	  17.29	  17.29
      4	    863	      2	  862.0	  17.29	  17.29
      4	    862	      2	  861.0	  17.29	  17.29
      4	    861	      2	  860.0	  17.29	  17.29
      4	    860	      2	  859.0	  17.29	  17.29
      4	    859	      2	  858.0	  17.29	  17.29
      4	    858	      2	  857.0	  17.29	  17.29
      4	    857	      2	  856.0	  17.29	  17.29
      4	    856	      2	  855.0	  17.29	  17.29
      4	    855	      2	  854.0	  17.29	  17.29
      4	    854	      2	  853.0	  17.29	  17.29
      4	    853	      2	  852.0	  17.29	  17.29
      4	    852	      2	  851.0	  17.29	  17.29
      4	    851	      2	  850.0	  17.29	  17.29
      4	    850	      2	  849.0	  17.29	  17.29
      4	    849	      2	  848.0	  17.29	  17.29
      4	    848	      2	  847.0	  17.29	  17.29
      4	    847	      2	  846.0	  17.29	  17.29
      4	    846	      2	  845.0	  17.29	  17.29
      4	    845	      2	  844.0	  17.29	  17.29
      4	    844	      2	  843.0	  17.29	  17.29
      4	    843	      2	  842.0	  17.29	  17.29
      4	    842	      2	  841.0	  17.29	  17.29
      4	    841	      2	  840.0	  17.29	  17.29
      4	    840	      2	  839.0	  17.29	  17.29
      4	    839	      2	  838.0	  17.29	  17.29
      4	    838	      2	  837.0	  17.29	  17.29
      4	    837	      2	  836.0	  17.22	  17.22
      5	    439	      1	  438.0	   9.31	   9.55
      5	    440	      1	  439.0	   9.47	  10.17
      5	    441	      1	  440.0	   9.65	  11.00
      5	    442	      1	  441.0	   9.83	  12.15
      5	    443	      1	  442.0	  10.01	  12.90
      5	    444	      1	  443.0	  10.18	  13.67
      5	    445	      1	  444.0	  10.35	  14.61
      5	    446	      1	  445.0	  10.52	  16.02
      5	    447	      1	  446.0	  10.68	  17.29
      5	    448	      1	  447.0	  10.84	  17.29
      5	    449	      1	  448.0	  11.00	  17.29
      5	    450	      1	  449.0	  11.16	  17.29
      5	    451	      1	  450.0	  11.31	  17.29
      5	    452	      1	  451.0	  11.46	  16.38
      5	    453	      1	  452.0	  11.61	  14.23
      5	    454	      1	  453.0	  11.75	  13.40
      5	    455	      1	  454.0	  11.89	  12.59
      5	    456	      1	  455.0	  11.96	  11.96
      5	    437	      2	  436.0	   9.31	   9.55
      5	    436	      2	  435.0	   9.74	  10.15
      5	    435	      2	  434.0	  10.25	  11.05
      5	    434	      2	  433.0	  10.89	  12.88
      5	    433	      2	  432.0	  11.70	  15.67
      5	    432	      2	  431.0	  12.60	  17.29
      5	    431	      2	  430.0	  13.52	  17.29
      5	    430	      2	  429.0	  14.46	  17.29
      5	    429	      2	  428.0	  15.37	  17.29
      5	    428	      2	  427.0	  16.24	  17.29
      5	    427	      2	  426.0	  16.99	  17.29
      6	   1100	      1	 1099.0	   9.32	   9.65
      6	   1101	      1	 1100.0	   9.50	  10.35
      6	   1102	      1	 1101.0	   9.68	  11.17
      6	   1103	      1	 1102.0	   9.86	  12.24
      6	   1104	      1	 1103.0	  10.04	  13.66
      6	   1105	      1	 1104.0	  10.21	  16.17
      6	   1106	      1	 1105.0	  10.38	  17.29
      6	   1107	      1	 1106.0	  10.55	  17.29
      6	   1108	      1	 1107.0	  10.71	  17.29
      6	   1109	      1	 1108.0	  10.87	  17.29
      6	   1110	      1	 1109.0	  11.03	  17.29
      6	   1111	      1	 1110.0	  11.18	  17.29
      6	   1112	      1	 1111.0	  11.34	  17.29
      6	   1113	      1	 1112.0	  11.48	  17.29
      6	   1114	      1	 1113.0	  11.63	  17.29
      6	   1115	      1	 1114.0	  11.78	  17.29
      6	   1116	      1	 1115.0	  11.92	  17.29
      6	   1117	      1	 1116.0	  12.06	  17.29
      6	   1118	      1	 1117.0	  12.20	  17.29
      6	   1119	      1	 1118.0	  12.33	  17.29
      6	   1120	      1	 1119.0	  12.47	  17.29
      6	   1121	      1	 1120.0	  12.60	  17.29
      6	   1122	      1	 1121.0	  12.73	  17.29
      6	   1123	      1	 1122.0	  12.86	  17.29
      6	   1124	      1	 1123.0	  12.99	  17.29
      6	   1125	      1	 1124.0	  13.11	  17.29
      6	   1126	      1	 1125.0	  13.24	  17.29
      6	   1127	      1	 1126.0	  13.36	  17.29
      6	   1128	      1	 1127.0	  13.48	  17.29
      6	   1129	      1	 1128.0	  13.60	  17.29
      6	   1130	      1	 1129.0	  13.72	  17.29
      6	   1131	      1	 1130.0	  13.84	  17.29
      6	   1132	      1	 1131.0	  13.95	  17.29
      6	   1133	      1	 1132.0	  14.07	  17.29
      6	   1134	      1	 1133.0	  14.18	  17.29
      6	   1135	      1	 1134.0	  14.29	  17.29
      6	   1136	      1	 1135.0	  14.40	  17.29
      6	   1137	      1	 1136.0	  14.51	  17.29
      6	   1138	      1	 1137.0	  14.62	  17.29
      6	   1139	      1	 1138.0	  14.72	  17.29
      6	   1140	      1	 1139.0	  14.83	  17.29
      6	   1141	      1	 1140.0	  14.93	  17.29
      6	   1142	      1	 1141.0	  15.04	  17.29
      6	   1143	      1	 1142.0	  15.14	  17.29
      6	   1144	      1	 1143.0	  15.24	  17.29
      6	   1145	      1	 1144.0	  15.34	  17.29
      6	   1146	      1	 1145.0	  15.44	  17.29
      6	   1147	      1	 1146.0	  15.54	  17.29
      6	   1148	      1	 1147.0	  15.64	  17.29
      6	   1149	      1	 1148.0	  15.74	  17.29
      6	   1150	      1	 1149.0	  15.83	  17.29
      6	   1151	      1	 1150.0	  15.93	  17.29
      6	   1152	      1	 1151.0	  16.02	  17.29
      6	   1153	      1	 1152.0	  16.11	  17.29
      6	   1154	      1	 1153.0	  16.21	  17.29
      6	   1155	      1	 1154.0	  16.30	  17.29
      6	   1156	      1	 1155.0	  16.39	  17.29
      6	   1157	      1	 1156.0	  16.48	  17.29
      6	   1158	      1	 1157.0	  16.57	  17.29
      6	   1098	      2	 1097.0	   9.32	   9.64
      6	   1097	      2	 1096.0	   9.81	  10.51
      6	   1096	      2	 1095.0	  10.44	  11.48
      6	   1095	      2	 1094.0	  11.12	  12.89
      6	   1094	      2	 1093.0	  11.88	  14.71
      6	   1093	      2	 1092.0	  12.70	  16.02
      6	   1092	      2	 1091.0	  13.49	  17.29
      6	   1091	      2	 1090.0	  14.30	  17.29
      6	   1090	      2	 1089.0	  15.12	  17.29
      6	   1089	      2	 1088.0	  15.94	  17.29
      6	   1088	      2	 1087.0	  16.75	  17.29
      6	   1087	      2	 1086.0	  17.29	  17.29
      6	   1086	      2	 1085.0	  17.29	  17.29
      6	   1085	      2	 1084.0	  17.29	  17.29
      6	   1084	      2	 1083.0	  17.29	  17.29
      6	   1083	      2	 1082.0	  17.29	  17.29
      6	   1082	      2	 1081.0	  17.29	  17.29
      6	   1081	      2	 1080.0	  17.29	  17.29
      6	   1080	      2	 1079.0	  17.29	  17.29
      6	   1079	      2	 1078.0	  17.29	  17.29
      6	   1078	      2	 1077.0	  17.29	  17.29
      6	   1077	      2	 1076.0	  17.29	  17.29
      6	   1076	      2	 1075.0	  17.29	  17.29
      6	   1075	      2	 1074.0	  17.29	  17.29
      6	   1074	      2	 1073.0	  17.29	  17.29
      6	   1073	      2	 1072.0	  17.29	  17.29
      6	   1072	      2	 1071.0	  17.29	  17.29
      6	   1071	      2	 1070.0	  17.29	  17.29
      6	   1070	      2	 1069.0	  17.29	  17.29
      6	   1069	      2	 1068.0	  17.29	  17.29
      6	   1068	      2	 1067.0	  17.29	  17.29
      6	   1067	      2	 1066.0	  17.29	  17.29
      6	   1066	      2	 1065.0	  17.29	  17.29
      6	   1065	      2	 1064.0	  17.29	  17.29
      6	   1064	      2	 1063.0	  17.29	  17.29
      6	   1063	      2	 1062.0	  17.29	  17.29
      6	   1062	      2	 1061.0	  17.29	  17.29
      6	   1061	      2	 1060.0	  17.29	  17.29
      6	   1060	      2	 1059.0	  17.29	  17.29
      6	   1059	      2	 1058.0	  17.29	  17.29
      6	   1058	      2	 1057.0	  17.29	  17.29
      6	   1057	      2	 1056.0	  17.29	  17.29
      6	   1056	      2	 1055.0	  17.29	  17.29
      6	   1055	      2	 1054.0	  17.29	  17.29
      6	   1054	      2	 1053.0	  17.29	  17.29
      6	   1053	      2	 1052.0	  17.29	  17.29
      6	   1052	      2	 1051.0	  17.29	  17.29
      6	   1051	      2	 1050.0	  17.29	  17.29
      6	   1050	      2	 1049.0	  17.29	  17.29
      6	   1049	      2	 1048.0	  17.29	  17.29
      6	   1048	      2	 1047.0	  17.29	  17.29
      6	   1047	      2	 1046.0	  17.29	  17.29
      6	   1046	      2	 1045.0	  17.29	  17.29
      6	   1045	      2	 1044.0	  17.29	  17.29
      6	   1044	      2	 1043.0	  17.29	  17.29
      6	   1043	      2	 1042.0	  17.29	  17.29
      6	   1042	      2	 1041.0	  17.29	  17.29
      6	   1041	      2	 1040.0	  17.29	  17.29
      6	   1040	      2	 1039.0	  17.29	  17.29
      6	   1039	      2	 1038.0	  17.29	  17.29
      6	   1038	      2	 1037.0	  17.29	  17.29
      6	   1037	      2	 1036.0	  17.29	  17.29
      6	   1036	      2	 1035.0	  17.29	  17.29
      6	   1035	      2	 1034.0	  17.29	  17.29
      6	   1034	      2	 1033.0	  17.29	  17.29
      6	   1033	      2	 1032.0	  17.29	  17.29
      6	   1032	      2	 1031.0	  17.29	  17.29
      6	   1031	      2	 1030.0	  17.29	  17.29
      6	   1030	      2	 1029.0	  17.29	  17.29
      6	   1029	      2	 1028.0	  17.29	  17.29
      6	   1028	      2	 1027.0	  17.29	  17.29
      6	   1027	      2	 1026.0	  17.29	  17.29
      6	   1026	      2	 1025.0	  17.29	  17.29
      6	   1025	      2	 1024.0	  17.29	  17.29
      6	   1024	      2	 1023.0	  17.29	  17.29
      6	   1023	      2	 1022.0	  17.29	  17.29
      6	   1022	      2	 1021.0	  17.29	  17.29
      6	   1021	      2	 1020.0	  17.29	  17.29
      6	   1020	      2	 1019.0	  17.29	  17.29
      6	   1019	      2	 1018.0	  17.29	  17.29
      6	   1018	      2	 1017.0	  17.29	  17.29
      6	   1017	      2	 1016.0	  17.29	  17.29
      6	   1016	      2	 1015.0	  17.29	  17.29
      6	   1015	      2	 1014.0	  17.29	  17.29
      6	   1014	      2	 1013.0	  17.29	  17.29
      6	   1013	      2	 1012.0	  17.29	  17.29
      6	   1012	      2	 1011.0	  17.29	  17.29
      6	   1011	      2	 1010.0	  17.29	  17.29
      6	   1010	      2	 1009.0	  17.29	  17.29
      6	   1009	      2	 1008.0	  17.29	  17.29
      6	   1008	      2	 1007.0	  17.29	  17.29
      6	   1007	      2	 1006.0	  17.29	  17.29
      6	   1006	      2	 1005.0	  17.29	  17.29
      6	   1005	      2	 1004.0	  17.29	  17.29
      7	    995	      1	  994.0	   9.33	   9.38
      7	    996	      1	  995.0	   9.40	   9.67
      7	    997	      1	  996.0	   9.56	  10.12
      7	    998	      1	  997.0	   9.74	  10.67
      7	    999	      1	  998.0	   9.92	  11.26
      7	   1000	      1	  999.0	  10.10	  12.07
      7	   1001	      1	 1000.0	  10.27	  13.30
      7	   1002	      1	 1001.0	  10.44	  14.41
      7	   1003	      1	 1002.0	  10.60	  15.41
      7	   1004	      1	 1003.0	  10.76	  17.18
      7	   1005	      1	 1004.0	  10.92	  17.29
      7	   1006	      1	 1005.0	  11.08	  17.29
      7	   1007	      1	 1006.0	  11.23	  17.29
      7	   1008	      1	 1007.0	  11.38	  17.29
      7	   1009	      1	 1008.0	  11.53	  17.29
      7	   1010	      1	 1009.0	  11.68	  17.29
      7	   1011	      1	 1010.0	  11.82	  17.29
      7	   1012	      1	 1011.0	  11.96	  17.29
      7	   1013	      1	 1012.0	  12.10	  17.29
      7	   1014	      1	 1013.0	  12.24	  17.29
      7	   1015	      1	 1014.0	  12.38	  17.29
      7	   1016	      1	 1015.0	  12.51	  17.29
      7	   1017	      1	 1016.0	  12.64	  17.29
      7	   1018	      1	 1017.0	  12.77	  17.29
      7	   1019	      1	 1018.0	  12.90	  17.29
      7	   1020	      1	 1019.0	  13.03	  17.29
      7	   1021	      1	 1020.0	  13.15	  17.29
      7	   1022	      1	 1021.0	  13.28	  17.29
      7	   1023	      1	 1022.0	  13.40	  17.29
      7	   1024	      1	 1023.0	  13.52	  17.29
      7	   1025	      1	 1024.0	  13.64	  17.29
      7	   1026	      1	 1025.0	  13.76	  17.29
      7	   1027	      1	 1026.0	  13.87	  17.29
      7	   1028	      1	 1027.0	  13.99	  17.29
      7	   1029	      1	 1028.0	  14.10	  17.29
      7	   1030	      1	 1029.0	  14.21	  17.29
      7	   1031	      1	 1030.0	  14.33	  17.29
      7	   1032	      1	 1031.0	  14.44	  17.29
      7	   1033	      1	 1032.0	  14.54	  17.29
      7	   1034	      1	 1033.0	  14.65	  17.29
      7	   1035	      1	 1034.0	  14.76	  17.29
      7	   1036	      1	 1035.0	  14.86	  17.29
      7	   1037	      1	 1036.0	  14.97	  17.29
      7	   1038	      1	 1037.0	  15.07	  17.29
      7	   1039	      1	 1038.0	  15.17	  17.29
      7	   1040	      1	 1039.0	  15.28	  17.29
      7	   1041	      1	 1040.0	  15.38	  17.29
      7	   1042	      1	 1041.0	  15.47	  17.29
      7	   1043	      1	 1042.0	  15.57	  17.29
      7	   1044	      1	 1043.0	  15.67	  17.29
      7	   1045	      1	 1044.0	  15.77	  17.29
      7	   1046	      1	 1045.0	  15.86	  17.29
      7	   1047	      1	 1046.0	  15.96	  17.29
      7	   1048	      1	 1047.0	  16.05	  17.29
      7	   1049	      1	 1048.0	  16.14	  17.29
      7	   1050	      1	 1049.0	  16.24	  17.29
      7	   1051	      1	 1050.0	  16.33	  17.29
      7	   1052	      1	 1051.0	  16.42	  17.29
      7	   1053	      1	 1052.0	  16.51	  17.29
      7	   1054	      1	 1053.0	  16.60	  17.29
      7	   1055	      1	 1054.0	  16.69	  17.29
      7	   1056	      1	 1055.0	  16.77	  17.29
      7	   1057	      1	 1056.0	  16.86	  17.29
      7	   1058	      1	 1057.0	  16.95	  17.29
      7	   1059	      1	 1058.0	  17.03	  17.29
      7	   1060	      1	 1059.0	  17.12	  17.29
      7	   1061	      1	 1060.0	  17.20	  17.29
      7	   1062	      1	 1061.0	  17.28	  17.29
      7	   1063	      1	 1062.0	  17.29	  17.29
      7	   1064	      1	 1063.0	  17.29	  17.29
      7	   1065	      1	 1064.0	  17.29	  17.29
      7	   1066	      1	 1065.0	  17.29	  17.29
      7	   1067	      1	 1066.0	  17.29	  17.29
      7	   1068	      1	 1067.0	  17.29	  17.29
      7	   1069	      1	 1068.0	  17.29	  17.29
      7	   1070	      1	 1069.0	  17.29	  17.29
      7	   1071	      1	 1070.0	  17.29	  17.29
      7	   1072	      1	 1071.0	  17.29	  17.29
      7	   1073	      1	 1072.0	  17.29	  17.29
      7	   1074	      1	 1073.0	  17.29	  17.29
      7	   1075	      1	 1074.0	  17.29	  17.29
      7	   1076	      1	 1075.0	  17.29	  17.29
      7	   1077	      1	 1076.0	  17.29	  17.29
      7	   1078	      1	 1077.0	  17.29	  17.29
      7	   1079	      1	 1078.0	  17.29	  17.29
      7	   1080	      1	 1079.0	  17.29	  17.29
      7	   1081	      1	 1080.0	  17.29	  17.29
      7	   1082	      1	 1081.0	  17.29	  17.29
      7	   1083	      1	 1082.0	  17.29	  17.29
      7	   1084	      1	 1083.0	  17.29	  17.29
      7	   1085	      1	 1084.0	  17.29	  17.29
      7	   1086	      1	 1085.0	  17.29	  17.29
      7	   1087	      1	 1086.0	  17.29	  17.29
      7	    993	      2	  992.0	   9.33	   9.54
      7	    992	      2	  991.0	   9.74	   9.97
      7	    991	      2	  990.0	  10.14	  10.53
      7	    990	      2	  989.0	  10.62	  11.11
      7	    989	      2	  988.0	  11.11	  11.83
      7	    988	      2	  987.0	  11.66	  12.75
      7	    987	      2	  986.0	  12.27	  13.96
      7	    986	      2	  985.0	  12.94	  15.23
      7	    985	      2	  984.0	  13.63	  16.34
      7	    984	      2	  983.0	  14.32	  17.29
      7	    983	      2	  982.0	  15.05	  17.29
      7	    982	      2	  981.0	  15.78	  17.29
      7	    981	      2	  980.0	  16.50	  17.29
      7	    980	      2	  979.0	  17.23	  17.29
      7	    979	      2	  978.0	  17.29	  17.29
      7	    978	      2	  977.0	  17.29	  17.29
      8	     12	      1	   11.0	   9.48	   9.52
      8	     13	      1	   12.0	   9.54	  10.70
      8	     14	      1	   13.0	   9.72	  11.49
      8	     15	      1	   14.0	   9.90	  12.46
      8	     16	      1	   15.0	  10.07	  14.42
      8	     17	      1	   16.0	  10.25	  16.81
      8	     18	      1	   17.0	  10.41	  17.29
      8	     19	      1	   18.0	  10.58	  17.29
      8	     20	      1	   19.0	  10.74	  17.29
      8	     21	      1	   20.0	  10.90	  17.29
      8	     22	      1	   21.0	  11.06	  16.88
      8	     23	      1	   22.0	  11.21	  14.89
      8	     24	      1	   23.0	  11.36	  13.96
      8	     25	      1	   24.0	  11.51	  13.24
      8	     26	      1	   25.0	  11.66	  12.54
      8	     27	      1	   26.0	  11.80	  12.14
      8	     28	      1	   27.0	  11.93	  12.35
      8	     29	      1	   28.0	  12.07	  12.99
      8	     30	      1	   29.0	  12.20	  13.65
      8	     31	      1	   30.0	  12.34	  14.45
      8	     32	      1	   31.0	  12.47	  16.46
      8	     33	      1	   32.0	  12.61	  17.29
      8	     34	      1	   33.0	  12.74	  17.29
      8	     35	      1	   34.0	  12.87	  17.29
      8	     36	      1	   35.0	  12.99	  17.29
      8	     37	      1	   36.0	  13.12	  17.29
      8	     38	      1	   37.0	  13.24	  17.29
      8	     39	      1	   38.0	  13.37	  17.29
      8	     40	      1	   39.0	  13.49	  17.29
      8	     41	      1	   40.0	  13.61	  17.29
      8	     42	      1	   41.0	  13.72	  17.29
      8	     43	      1	   42.0	  13.84	  17.29
      8	     44	      1	   43.0	  13.96	  17.29
      8	     45	      1	   44.0	  14.07	  17.29
      8	     46	      1	   45.0	  14.18	  17.29
      8	     47	      1	   46.0	  14.30	  17.29
      8	     48	      1	   47.0	  14.41	  17.29
      8	     49	      1	   48.0	  14.51	  17.29
      8	     50	      1	   49.0	  14.62	  17.29
      8	     51	      1	   50.0	  14.73	  17.29
      8	     52	      1	   51.0	  14.83	  17.29
      8	     53	      1	   52.0	  14.94	  17.29
      8	     54	      1	   53.0	  15.04	  17.29
      8	     55	      1	   54.0	  15.15	  17.29
      8	     56	      1	   55.0	  15.25	  17.29
      8	     57	      1	   56.0	  15.35	  17.29
      8	     58	      1	   57.0	  15.45	  17.29
      8	     59	      1	   58.0	  15.55	  17.29
      8	     60	      1	   59.0	  15.64	  17.29
      8	     61	      1	   60.0	  15.74	  17.29
      8	     62	      1	   61.0	  15.84	  17.29
      8	     63	      1	   62.0	  15.93	  17.29
      8	     64	      1	   63.0	  16.03	  17.29
      8	     65	      1	   64.0	  16.12	  17.29
      8	     66	      1	   65.0	  16.21	  17.29
      8	     67	      1	   66.0	  16.30	  17.29
      8	     10	      2	    9.0	   9.48	  10.36
      8	      9	      2	    8.0	  10.20	  11.11
      8	      8	      2	    7.0	  10.87	  11.67
      8	      7	      2	    6.0	  11.46	  12.65
      8	      6	      2	    5.0	  12.10	  14.06
      8	      5	      2	    4.0	  12.81	  15.26
      8	      4	      2	    3.0	  13.53	  17.29
      8	      3	      2	    2.0	  14.29	  17.29
      8	      2	      2	    1.0	  15.10	  17.29
      8	      1	      2	    0.0	  15.92	  17.29
      8	   1425	      2	 1423.5	  16.75	  17.29
      8	   1424	      2	 1423.0	  17.15	  17.29
      8	   1423	      2	 1422.0	  17.29	  17.29
      8	   1422	      2	 1421.0	  17.29	  17.29
      8	   1421	      2	 1420.0	  17.29	  17.29
      8	   1420	      2	 1419.0	  17.29	  17.29
      8	   1419	      2	 1418.0	  17.29	  17.29
      8	   1418	      2	 1417.0	  17.29	  17.29
      8	   1417	      2	 1416.0	  17.29	  17.29
      8	   1416	      2	 1415.0	  17.29	  17.29
      8	   1415	      2	 1414.0	  17.29	  17.29
      8	   1414	      2	 1413.0	  17.29	  17.29
      8	   1413	      2	 1412.0	  17.29	  17.29
      8	   1412	      2	 1411.0	  17.29	  17.29
      8	   1411	      2	 1410.0	  17.29	  17.29
      8	   1410	      2	 1409.0	  17.29	  17.29
      8	   1409	      2	 1408.0	  17.29	  17.29
      8	   1408	      2	 1407.0	  17.29	  17.29
      8	   1407	      2	 1406.0	  17.29	  17.29
      8	   1406	      2	 1405.0	  17.29	  17.29
      8	   1405	      2	 1404.0	  17.29	  17.29
      8	   1404	      2	 1403.0	  17.29	  17.29
      8	   1403	      2	 1402.0	  17.29	  17.29
      8	   1402	      2	 1401.0	  17.29	  17.29
      8	   1401	      2	 1400.0	  17.29	  17.29
      8	   1400	      2	 1399.0	  17.29	  17.29
      9	    267	      1	  266.0	  10.80	  11.14
      9	    268	      1	  267.0	  10.95	  11.90
      9	    269	      1	  268.0	  11.10	  12.97
      9	    270	      1	  269.0	  11.26	  14.11
      9	    271	      1	  270.0	  11.41	  15.10
      9	    272	      1	  271.0	  11.56	  17.18
      9	    273	      1	  272.0	  11.70	  17.29
      9	    274	      1	  273.0	  11.85	  17.29
      9	    275	      1	  274.0	  11.99	  17.29
      9	    276	      1	  275.0	  12.13	  17.29
      9	    277	      1	  276.0	  12.26	  17.29
      9	    278	      1	  277.0	  12.40	  17.29
      9	    279	      1	  278.0	  12.53	  17.29
      9	    280	      1	  279.0	  12.66	  17.29
      9	    281	      1	  280.0	  12.79	  17.29
      9	    282	      1	  281.0	  12.92	  17.29
      9	    283	      1	  282.0	  13.05	  17.29
      9	    284	      1	  283.0	  13.17	  17.29
      9	    285	      1	  284.0	  13.30	  17.29
      9	    286	      1	  285.0	  13.42	  17.29
      9	    287	      1	  286.0	  13.54	  17.29
      9	    288	      1	  287.0	  13.66	  17.29
      9	    289	      1	  288.0	  13.78	  17.29
      9	    290	      1	  289.0	  13.89	  17.29
      9	    291	      1	  290.0	  14.01	  17.29
      9	    292	      1	  291.0	  14.12	  17.29
      9	    293	      1	  292.0	  14.23	  17.29
      9	    294	      1	  293.0	  14.34	  17.29
      9	    295	      1	  294.0	  14.45	  17.29
      9	    296	      1	  295.0	  14.56	  17.29
      9	    297	      1	  296.0	  14.67	  17.29
      9	    298	      1	  297.0	  14.77	  17.29
      9	    299	      1	  298.0	  14.88	  17.29
      9	    300	      1	  299.0	  14.98	  17.29
      9	    301	      1	  300.0	  15.09	  17.29
      9	    302	      1	  301.0	  15.19	  17.29
      9	    303	      1	  302.0	  15.29	  17.29
      9	    304	      1	  303.0	  15.39	  17.29
      9	    305	      1	  304.0	  15.49	  17.29
      9	    306	      1	  305.0	  15.59	  17.29
      9	    307	      1	  306.0	  15.69	  17.29
      9	    308	      1	  307.0	  15.78	  17.29
      9	    309	      1	  308.0	  15.88	  17.29
      9	    310	      1	  309.0	  15.97	  17.29
      9	    311	      1	  310.0	  16.07	  17.29
      9	    312	      1	  311.0	  16.16	  17.29
      9	    313	      1	  312.0	  16.25	  17.29
      9	    314	      1	  313.0	  16.34	  17.29
      9	    315	      1	  314.0	  16.43	  17.29
      9	    316	      1	  315.0	  16.52	  17.29
      9	    317	      1	  316.0	  16.61	  17.29
      9	    318	      1	  317.0	  16.70	  17.29
      9	    319	      1	  318.0	  16.79	  17.29
      9	    320	      1	  319.0	  16.87	  17.29
      9	    321	      1	  320.0	  16.96	  17.29
      9	    322	      1	  321.0	  17.04	  17.29
      9	    323	      1	  322.0	  17.13	  17.29
      9	    324	      1	  323.0	  17.21	  17.29
      9	    325	      1	  324.0	  17.29	  17.29
      9	    326	      1	  325.0	  17.29	  17.29
      9	    327	      1	  326.0	  17.29	  17.29
      9	    328	      1	  327.0	  17.29	  17.29
      9	    265	      2	  264.0	  10.80	  11.03
      9	    264	      2	  263.0	  11.15	  11.58
      9	    263	      2	  262.0	  11.59	  12.25
      9	    262	      2	  261.0	  12.10	  13.05
      9	    261	      2	  260.0	  12.65	  14.07
      9	    260	      2	  259.0	  13.26	  15.87
      9	    259	      2	  258.0	  13.96	  17.13
      9	    258	      2	  257.0	  14.66	  17.29
      9	    257	      2	  256.0	  15.36	  17.29
      9	    256	      2	  255.0	  16.06	  17.29
      9	    255	      2	  254.0	  16.75	  17.29
      9	    254	      2	  253.0	  17.29	  17.29
      9	    253	      2	  252.0	  17.29	  17.29
      9	    252	      2	  251.0	  17.29	  17.29
      9	    251	      2	  250.0	  17.29	  17.29
      9	    250	      2	  249.0	  17.29	  17.29
      9	    249	      2	  248.0	  17.29	  17.29
      9	    248	      2	  247.0	  17.29	  17.29
      9	    247	      2	  246.0	  17.29	  17.29
      9	    246	      2	  245.0	  17.29	  17.29
      9	    245	      2	  244.0	  17.29	  17.29
      9	    244	      2	  243.0	  17.29	  17.29
      9	    243	      2	  242.0	  17.29	  17.29
      9	    242	      2	  241.0	  17.29	  17.29
      9	    241	      2	  240.0	  17.29	  17.29
      9	    240	      2	  239.0	  17.29	  17.29
     10	    831	      1	  830.0	  10.81	  10.89
     10	    832	      1	  831.0	  10.87	  11.16
     10	    833	      1	  832.0	  11.00	  11.60
     10	    834	      1	  833.0	  11.16	  12.19
     10	    835	      1	  834.0	  11.31	  13.44
     10	    836	      1	  835.0	  11.46	  14.99
     10	    837	      1	  836.0	  11.61	  17.22
     10	    838	      1	  837.0	  11.75	  17.29
     10	    839	      1	  838.0	  11.90	  17.29
     10	    840	      1	  839.0	  12.04	  17.29
     10	    841	      1	  840.0	  12.17	  17.29
     10	    842	      1	  841.0	  12.31	  17.29
     10	    843	      1	  842.0	  12.45	  17.29
     10	    844	      1	  843.0	  12.58	  17.29
     10	    845	      1	  844.0	  12.71	  17.29
     10	    846	      1	  845.0	  12.84	  17.29
     10	    847	      1	  846.0	  12.97	  17.29
     10	    848	      1	  847.0	  13.09	  17.29
     10	    849	      1	  848.0	  13.22	  17.29
     10	    850	      1	  849.0	  13.34	  17.29
     10	    851	      1	  850.0	  13.46	  17.29
     10	    852	      1	  851.0	  13.58	  17.29
     10	    853	      1	  852.0	  13.70	  17.29
     10	    854	      1	  853.0	  13.82	  17.29
     10	    855	      1	  854.0	  13.93	  17.29
     10	    856	      1	  855.0	  14.05	  17.29
     10	    857	      1	  856.0	  14.16	  17.29
     10	    858	      1	  857.0	  14.27	  17.29
     10	    859	      1	  858.0	  14.38	  17.29
     10	    860	      1	  859.0	  14.49	  17.29
     10	    861	      1	  860.0	  14.60	  17.29
     10	    862	      1	  861.0	  14.71	  17.29
     10	    863	      1	  862.0	  14.81	  17.29
     10	    864	      1	  863.0	  14.92	  17.29
     10	    865	      1	  864.0	  15.02	  17.29
     10	    866	      1	  865.0	  15.12	  17.29
     10	    867	      1	  866.0	  15.23	  17.29
     10	    868	      1	  867.0	  15.33	  17.29
     10	    869	      1	  868.0	  15.43	  17.29
     10	    870	      1	  869.0	  15.52	  17.29
     10	    871	      1	  870.0	  15.62	  17.29
     10	    872	      1	  871.0	  15.72	  17.29
     10	    873	      1	  872.0	  15.82	  17.29
     10	    874	      1	  873.0	  15.91	  17.29
     10	    875	      1	  874.0	  16.00	  17.29
     10	    876	      1	  875.0	  16.10	  17.29
     10	    877	      1	  876.0	  16.19	  17.29
     10	    878	      1	  877.0	  16.28	  17.29
     10	    879	      1	  878.0	  16.37	  17.29
     10	    880	      1	  879.0	  16.46	  17.29
     10	    881	      1	  880.0	  16.55	  17.29
     10	    882	      1	  881.0	  16.64	  17.29
     10	    883	      1	  882.0	  16.73	  17.29
     10	    884	      1	  883.0	  16.82	  17.29
     10	    885	      1	  884.0	  16.90	  17.29
     10	    886	      1	  885.0	  16.99	  17.29
     10	    887	      1	  886.0	  17.07	  17.29
     10	    888	      1	  887.0	  17.16	  17.29
     10	    889	      1	  888.0	  17.24	  17.29
     10	    829	      2	  828.0	  10.81	  10.91
     10	    828	      2	  827.0	  11.06	  11.18
     10	    827	      2	  826.0	  11.32	  11.62
     10	    826	      2	  825.0	  11.69	  12.27
     10	    825	      2	  824.0	  12.16	  14.23
     10	    824	      2	  823.0	  12.88	  17.29
     10	    823	      2	  822.0	  13.72	  17.29
     10	    822	      2	  821.0	  14.59	  17.29
     10	    821	      2	  820.0	  15.44	  17.29
     10	    820	      2	  819.0	  16.28	  17.29
     10	    819	      2	  818.0	  17.09	  17.29
     10	    818	      2	  817.0	  17.29	  17.29
     10	    817	      2	  816.0	  17.29	  17.29
     10	    816	      2	  815.0	  17.29	  17.29
     10	    815	      2	  814.0	  17.29	  17.29
     10	    814	      2	  813.0	  17.29	  17.29
     10	    813	      2	  812.0	  17.29	  17.29
     10	    812	      2	  811.0	  17.29	  17.29
     10	    811	      2	  810.0	  17.29	  17.29
     10	    810	      2	  809.0	  17.29	  17.29
     10	    809	      2	  808.0	  17.29	  17.29
     10	    808	      2	  807.0	  17.29	  17.29
     10	    807	      2	  806.0	  17.29	  17.29
     10	    806	      2	  805.0	  17.29	  17.29
     10	    805	      2	  804.0	  17.29	  17.29
     10	    804	      2	  803.0	  17.29	  17.29
     10	    803	      2	  802.0	  17.29	  17.29
     10	    802	      2	  801.0	  17.29	  17.29
     10	    801	      2	  800.0	  17.29	  17.29
     10	    800	      2	  799.0	  17.29	  17.29
     10	    799	      2	  798.0	  17.29	  17.29
     10	    798	      2	  797.0	  17.29	  17.29
     10	    797	      2	  796.0	  17.29	  17.29
     10	    796	      2	  795.0	  17.29	  17.29
     10	    795	      2	  794.0	  17.29	  17.29
     10	    794	      2	  793.0	  17.29	  17.29
     10	    793	      2	  792.0	  17.29	  17.29
     10	    792	      2	  791.0	  17.29	  17.29
     10	    791	      2	  790.0	  17.29	  17.29
     10	    790	      2	  789.0	  17.29	  17.29
     10	    789	      2	  788.0	  17.29	  17.29
     10	    788	      2	  787.0	  17.29	  17.29
     10	    787	      2	  786.0	  17.29	  17.29
     10	    786	      2	  785.0	  17.29	  17.29
     10	    785	      2	  784.0	  17.29	  17.29
     10	    784	      2	  783.0	  17.29	  17.29
     10	    783	      2	  782.0	  17.29	  17.29
     10	    782	      2	  781.0	  17.29	  17.29
     10	    781	      2	  780.0	  17.29	  17.29
     10	    780	      2	  779.0	  17.29	  17.29
     10	    779	      2	  778.0	  17.29	  17.29
     10	    778	      2	  777.0	  17.29	  17.29
     10	    777	      2	  776.0	  17.25	  17.25
     11	    460	      1	  459.0	  10.81	  10.93
     11	    461	      1	  460.0	  10.89	  11.33
     11	    462	      1	  461.0	  11.05	  11.98
     11	    463	      1	  462.0	  11.20	  13.24
     11	    464	      1	  463.0	  11.35	  14.62
     11	    465	      1	  464.0	  11.50	  17.29
     11	    466	      1	  465.0	  11.65	  17.29
     11	    467	      1	  466.0	  11.79	  17.29
     11	    468	      1	  467.0	  11.94	  17.29
     11	    469	      1	  468.0	  12.08	  17.29
     11	    470	      1	  469.0	  12.21	  17.29
     11	    471	      1	  470.0	  12.35	  17.29
     11	    472	      1	  471.0	  12.48	  17.29
     11	    473	      1	  472.0	  12.62	  17.29
     11	    474	      1	  473.0	  12.75	  17.29
     11	    475	      1	  474.0	  12.88	  17.29
     11	    476	      1	  475.0	  13.00	  17.29
     11	    477	      1	  476.0	  13.13	  17.29
     11	    478	      1	  477.0	  13.25	  17.29
     11	    479	      1	  478.0	  13.37	  17.29
     11	    480	      1	  479.0	  13.50	  17.29
     11	    481	      1	  480.0	  13.61	  17.29
     11	    482	      1	  481.0	  13.73	  17.29
     11	    483	      1	  482.0	  13.85	  17.29
     11	    484	      1	  483.0	  13.96	  17.29
     11	    485	      1	  484.0	  14.08	  17.29
     11	    486	      1	  485.0	  14.19	  17.29
     11	    487	      1	  486.0	  14.30	  17.29
     11	    488	      1	  487.0	  14.41	  17.29
     11	    489	      1	  488.0	  14.52	  17.29
     11	    490	      1	  489.0	  14.63	  17.29
     11	    491	      1	  490.0	  14.74	  17.29
     11	    492	      1	  491.0	  14.84	  17.29
     11	    493	      1	  492.0	  14.95	  17.29
     11	    494	      1	  493.0	  15.05	  17.29
     11	    495	      1	  494.0	  15.15	  17.29
     11	    496	      1	  495.0	  15.25	  17.29
     11	    497	      1	  496.0	  15.35	  17.29
     11	    498	      1	  497.0	  15.45	  17.29
     11	    499	      1	  498.0	  15.55	  17.29
     11	    500	      1	  499.0	  15.65	  17.29
     11	    501	      1	  500.0	  15.75	  17.29
     11	    502	      1	  501.0	  15.84	  17.29
     11	    503	      1	  502.0	  15.94	  17.29
     11	    504	      1	  503.0	  16.03	  17.29
     11	    505	      1	  504.0	  16.12	  17.29
     11	    506	      1	  505.0	  16.22	  17.29
     11	    507	      1	  506.0	  16.31	  17.29
     11	    508	      1	  507.0	  16.40	  17.29
     11	    509	      1	  508.0	  16.49	  17.29
     11	    510	      1	  509.0	  16.58	  17.29
     11	    511	      1	  510.0	  16.67	  17.29
     11	    512	      1	  511.0	  16.75	  17.29
     11	    513	      1	  512.0	  16.84	  17.29
     11	    514	      1	  513.0	  16.93	  17.29
     11	    515	      1	  514.0	  17.01	  17.29
     11	    516	      1	  515.0	  17.10	  17.29
     11	    517	      1	  516.0	  17.18	  17.29
     11	    518	      1	  517.0	  17.27	  17.29
     11	    519	      1	  518.0	  17.29	  17.29
     11	    520	      1	  519.0	  17.29	  17.29
     11	    521	      1	  520.0	  17.29	  17.29
     11	    522	      1	  521.0	  17.29	  17.29
     11	    523	      1	  522.0	  17.29	  17.29
     11	    524	      1	  523.0	  17.29	  17.29
     11	    525	      1	  524.0	  17.29	  17.29
     11	    526	      1	  525.0	  17.29	  17.29
     11	    527	      1	  526.0	  17.29	  17.29
     11	    528	      1	  527.0	  17.29	  17.29
     11	    529	      1	  528.0	  17.29	  17.29
     11	    530	      1	  529.0	  17.29	  17.29
     11	    531	      1	  530.0	  17.29	  17.29
     11	    532	      1	  531.0	  17.29	  17.29
     11	    533	      1	  532.0	  17.29	  17.29
     11	    534	      1	  533.0	  17.29	  17.29
     11	    535	      1	  534.0	  17.29	  17.29
     11	    536	      1	  535.0	  17.29	  17.29
     11	    537	      1	  536.0	  17.29	  17.29
     11	    538	      1	  537.0	  17.29	  17.29
     11	    539	      1	  538.0	  17.29	  17.29
     11	    540	      1	  539.0	  17.29	  17.29
     11	    541	      1	  540.0	  17.29	  17.29
     11	    542	      1	  541.0	  17.29	  17.29
     11	    543	      1	  542.0	  17.29	  17.29
     11	    544	      1	  543.0	  17.29	  17.29
     11	    545	      1	  544.0	  17.29	  17.29
     11	    546	      1	  545.0	  17.29	  17.29
     11	    547	      1	  546.0	  17.29	  17.29
     11	    548	      1	  547.0	  17.29	  17.29
     11	    549	      1	  548.0	  17.29	  17.29
     11	    550	      1	  549.0	  17.29	  17.29
     11	    551	      1	  550.0	  17.29	  17.29
     11	    552	      1	  551.0	  17.29	  17.29
     11	    553	      1	  552.0	  17.29	  17.29
     11	    554	      1	  553.0	  17.29	  17.29
     11	    555	      1	  554.0	  17.29	  17.29
     11	    556	      1	  555.0	  17.29	  17.29
     11	    557	      1	  556.0	  17.29	  17.29
     11	    558	      1	  557.0	  17.29	  17.29
     11	    559	      1	  558.0	  17.29	  17.29
     11	    560	      1	  559.0	  17.29	  17.29
     11	    561	      1	  560.0	  17.29	  17.29
     11	    562	      1	  561.0	  17.29	  17.29
     11	    563	      1	  562.0	  17.29	  17.29
     11	    564	      1	  563.0	  17.29	  17.29
     11	    565	      1	  564.0	  17.29	  17.29
     11	    566	      1	  565.0	  17.29	  17.29
     11	    567	      1	  566.0	  17.29	  17.29
     11	    568	      1	  567.0	  17.29	  17.29
     11	    569	      1	  568.0	  17.29	  17.29
     11	    570	      1	  569.0	  17.29	  17.29
     11	    571	      1	  570.0	  17.29	  17.29
     11	    572	      1	  571.0	  17.29	  17.29
     11	    573	      1	  572.0	  17.29	  17.29
     11	    574	      1	  573.0	  17.29	  17.29
     11	    575	      1	  574.0	  17.29	  17.29
     11	    576	      1	  575.0	  17.29	  17.29
     11	    577	      1	  576.0	  17.29	  17.29
     11	    578	      1	  577.0	  17.29	  17.29
     11	    579	      1	  578.0	  17.29	  17.29
     11	    580	      1	  579.0	  17.29	  17.29
     11	    581	      1	  580.0	  17.29	  17.29
     11	    582	      1	  581.0	  17.29	  17.29
     11	    583	      1	  582.0	  17.29	  17.29
     11	    584	      1	  583.0	  17.29	  17.29
     11	    585	      1	  584.0	  17.29	  17.29
     11	    586	      1	  585.0	  17.29	  17.29
     11	    587	      1	  586.0	  17.29	  17.29
     11	    588	      1	  587.0	  17.29	  17.29
     11	    589	      1	  588.0	  17.29	  17.29
     11	    590	      1	  589.0	  17.29	  17.29
     11	    591	      1	  590.0	  17.29	  17.29
     11	    592	      1	  591.0	  17.29	  17.29
     11	    593	      1	  592.0	  17.29	  17.29
     11	    594	      1	  593.0	  17.29	  17.29
     11	    458	      2	  457.0	  10.81	  11.00
     11	    457	      2	  456.0	  11.13	  11.41
     11	    456	      2	  455.0	  11.50	  11.96
     11	    455	      2	  454.0	  11.94	  12.59
     12	     88	      1	   87.0	  10.81	  10.96
     12	     89	      1	   88.0	  10.90	  11.28
     12	     90	      1	   89.0	  11.05	  11.75
     12	     91	      1	   90.0	  11.21	  12.43
     12	     92	      1	   91.0	  11.36	  13.60
     12	     93	      1	   92.0	  11.51	  14.76
     12	     94	      1	   93.0	  11.65	  17.29
     12	     95	      1	   94.0	  11.80	  17.29
     12	     96	      1	   95.0	  11.94	  17.29
     12	     97	      1	   96.0	  12.08	  17.29
     12	     98	      1	   97.0	  12.22	  17.29
     12	     99	      1	   98.0	  12.36	  17.29
     12	    100	      1	   99.0	  12.49	  17.29
     12	    101	      1	  100.0	  12.62	  17.29
     12	    102	      1	  101.0	  12.75	  17.29
     12	    103	      1	  102.0	  12.88	  17.29
     12	    104	      1	  103.0	  13.01	  17.29
     12	    105	      1	  104.0	  13.13	  17.29
     12	    106	      1	  105.0	  13.26	  17.29
     12	    107	      1	  106.0	  13.38	  17.29
     12	    108	      1	  107.0	  13.50	  17.29
     12	    109	      1	  108.0	  13.62	  17.29
     12	    110	      1	  109.0	  13.74	  17.29
     12	    111	      1	  110.0	  13.85	  17.29
     12	    112	      1	  111.0	  13.97	  17.29
     12	    113	      1	  112.0	  14.08	  17.29
     12	    114	      1	  113.0	  14.20	  17.29
     12	    115	      1	  114.0	  14.31	  17.29
     12	    116	      1	  115.0	  14.42	  17.29
     12	    117	      1	  116.0	  14.53	  17.29
     12	    118	      1	  117.0	  14.63	  17.29
     12	    119	      1	  118.0	  14.74	  17.29
     12	    120	      1	  119.0	  14.85	  17.29
     12	    121	      1	  120.0	  14.95	  17.29
     12	    122	      1	  121.0	  15.05	  17.29
     12	    123	      1	  122.0	  15.16	  17.29
     12	    124	      1	  123.0	  15.26	  17.29
     12	    125	      1	  124.0	  15.36	  17.29
     12	    126	      1	  125.0	  15.46	  17.29
     12	    127	      1	  126.0	  15.56	  17.29
     12	    128	      1	  127.0	  15.65	  17.29
     12	    129	      1	  128.0	  15.75	  17.29
     12	    130	      1	  129.0	  15.85	  17.29
     12	    131	      1	  130.0	  15.94	  17.29
     12	    132	      1	  131.0	  16.04	  17.29
     12	    133	      1	  132.0	  16.13	  17.29
     12	    134	      1	  133.0	  16.22	  17.29
     12	    135	      1	  134.0	  16.31	  17.29
     12	    136	      1	  135.0	  16.40	  17.29
     12	    137	      1	  136.0	  16.49	  17.29
     12	    138	      1	  137.0	  16.58	  17.29
     12	    139	      1	  138.0	  16.67	  17.29
     12	    140	      1	  139.0	  16.76	  17.29
     12	    141	      1	  140.0	  16.85	  17.29
     12	    142	      1	  141.0	  16.93	  17.29
     12	    143	      1	  142.0	  17.02	  17.29
     12	    144	      1	  143.0	  17.10	  17.29
     12	    145	      1	  144.0	  17.19	  17.29
     12	     86	      2	   85.0	  10.81	  10.85
     12	     85	      2	   84.0	  10.97	  11.02
     12	     84	      2	   83.0	  11.16	  11.34
     12	     83	      2	   82.0	  11.46	  11.79
     12	     82	      2	   81.0	  11.84	  12.50
     12	     81	      2	   80.0	  12.33	  14.32
     12	     80	      2	   79.0	  13.03	  17.29
     12	     79	      2	   78.0	  13.86	  17.29
     12	     78	      2	   77.0	  14.79	  17.29
     12	     77	      2	   76.0	  15.65	  17.09
     13	    764	      1	  763.0	  10.81	  11.01
     13	    765	      1	  764.0	  10.92	  11.80
     13	    766	      1	  765.0	  11.08	  13.08
     13	    767	      1	  766.0	  11.23	  14.98
     13	    768	      1	  767.0	  11.38	  17.29
     13	    769	      1	  768.0	  11.53	  17.29
     13	    770	      1	  769.0	  11.68	  17.29
     13	    771	      1	  770.0	  11.82	  17.29
     13	    772	      1	  771.0	  11.96	  15.82
     13	    773	      1	  772.0	  12.10	  14.99
     13	    774	      1	  773.0	  12.24	  14.54
     13	    775	      1	  774.0	  12.38	  14.66
     13	    776	      1	  775.0	  12.51	  15.64
     13	    777	      1	  776.0	  12.64	  17.25
     13	    778	      1	  777.0	  12.77	  17.29
     13	    779	      1	  778.0	  12.90	  17.29
     13	    780	      1	  779.0	  13.03	  17.29
     13	    781	      1	  780.0	  13.15	  17.29
     13	    782	      1	  781.0	  13.28	  17.29
     13	    783	      1	  782.0	  13.40	  17.29
     13	    784	      1	  783.0	  13.52	  17.29
     13	    785	      1	  784.0	  13.64	  17.29
     13	    786	      1	  785.0	  13.76	  17.29
     13	    787	      1	  786.0	  13.87	  17.29
     13	    788	      1	  787.0	  13.99	  17.29
     13	    789	      1	  788.0	  14.10	  17.29
     13	    790	      1	  789.0	  14.21	  17.29
     13	    791	      1	  790.0	  14.32	  17.29
     13	    792	      1	  791.0	  14.43	  17.29
     13	    793	      1	  792.0	  14.54	  17.29
     13	    794	      1	  793.0	  14.65	  17.29
     13	    795	      1	  794.0	  14.76	  17.29
     13	    796	      1	  795.0	  14.86	  17.29
     13	    797	      1	  796.0	  14.97	  17.29
     13	    798	      1	  797.0	  15.07	  17.29
     13	    799	      1	  798.0	  15.17	  17.29
     13	    800	      1	  799.0	  15.27	  17.29
     13	    801	      1	  800.0	  15.37	  17.29
     13	    802	      1	  801.0	  15.47	  17.29
     13	    803	      1	  802.0	  15.57	  17.29
     13	    804	      1	  803.0	  15.67	  17.29
     13	    805	      1	  804.0	  15.77	  17.29
     13	    806	      1	  805.0	  15.86	  17.29
     13	    807	      1	  806.0	  15.96	  17.29
     13	    808	      1	  807.0	  16.05	  17.29
     13	    809	      1	  808.0	  16.14	  17.29
     13	    810	      1	  809.0	  16.24	  17.29
     13	    811	      1	  810.0	  16.33	  17.29
     13	    812	      1	  811.0	  16.42	  17.29
     13	    813	      1	  812.0	  16.51	  17.29
     13	    814	      1	  813.0	  16.60	  17.29
     13	    815	      1	  814.0	  16.68	  17.29
     13	    816	      1	  815.0	  16.77	  17.29
     13	    817	      1	  816.0	  16.86	  17.29
     13	    818	      1	  817.0	  16.94	  17.29
     13	    819	      1	  818.0	  17.03	  17.29
     13	    762	      2	  761.0	  10.81	  11.01
     13	    761	      2	  760.0	  11.14	  11.41
     13	    760	      2	  759.0	  11.50	  11.93
     13	    759	      2	  758.0	  11.92	  12.49
     13	    758	      2	  757.0	  12.38	  13.23
     13	    757	      2	  756.0	  12.89	  14.13
     13	    756	      2	  755.0	  13.46	  15.00
     13	    755	      2	  754.0	  14.04	  16.11
     13	    754	      2	  753.0	  14.65	  17.29
     13	    753	      2	  752.0	  15.33	  17.29
     13	    752	      2	  751.0	  16.06	  17.29
     13	    751	      2	  750.0	  16.79	  17.29
     13	    750	      2	  749.0	  17.29	  17.29
     13	    749	      2	  748.0	  17.29	  17.29
     13	    748	      2	  747.0	  17.29	  17.29
     13	    747	      2	  746.0	  17.29	  17.29
     13	    746	      2	  745.0	  17.29	  17.29
     13	    745	      2	  744.0	  17.29	  17.29
     13	    744	      2	  743.0	  17.29	  17.29
     13	    743	      2	  742.0	  17.29	  17.29
     13	    742	      2	  741.0	  17.29	  17.29
     13	    741	      2	  740.0	  17.29	  17.29
     13	    740	      2	  739.0	  17.29	  17.29
     13	    739	      2	  738.0	  17.29	  17.29
     13	    738	      2	  737.0	  17.29	  17.29
     13	    737	      2	  736.0	  17.29	  17.29
     13	    736	      2	  735.0	  17.29	  17.29
     13	    735	      2	  734.0	  17.29	  17.29
     13	    734	      2	  733.0	  17.29	  17.29
     13	    733	      2	  732.0	  17.29	  17.29
     13	    732	      2	  731.0	  17.29	  17.29
     13	    731	      2	  730.0	  17.29	  17.29
     13	    730	      2	  729.0	  17.29	  17.29
     13	    729	      2	  728.0	  17.29	  17.29
     13	    728	      2	  727.0	  17.29	  17.29
     13	    727	      2	  726.0	  17.29	  17.29
     13	    726	      2	  725.0	  17.29	  17.29
     13	    725	      2	  724.0	  17.29	  17.29
     13	    724	      2	  723.0	  17.29	  17.29
     13	    723	      2	  722.0	  17.29	  17.29
     14	    197	      1	  196.0	  10.93	  11.65
     14	    198	      1	  197.0	  11.09	  12.33
     14	    199	      1	  198.0	  11.24	  12.84
     14	    200	      1	  199.0	  11.39	  13.43
     14	    201	      1	  200.0	  11.54	  14.29
     14	    202	      1	  201.0	  11.69	  15.10
     14	    203	      1	  202.0	  11.83	  15.77
     14	    204	      1	  203.0	  11.97	  16.30
     14	    205	      1	  204.0	  12.11	  16.80
     14	    206	      1	  205.0	  12.25	  17.29
     14	    207	      1	  206.0	  12.38	  17.29
     14	    208	      1	  207.0	  12.52	  17.29
     14	    209	      1	  208.0	  12.65	  17.29
     14	    210	      1	  209.0	  12.78	  17.29
     14	    211	      1	  210.0	  12.91	  17.29
     14	    212	      1	  211.0	  13.03	  17.29
     14	    213	      1	  212.0	  13.16	  17.29
     14	    214	      1	  213.0	  13.28	  17.29
     14	    215	      1	  214.0	  13.40	  17.29
     14	    216	      1	  215.0	  13.53	  17.29
     14	    217	      1	  216.0	  13.64	  17.29
     14	    218	      1	  217.0	  13.76	  17.29
     14	    219	      1	  218.0	  13.88	  17.29
     14	    220	      1	  219.0	  13.99	  17.29
     14	    221	      1	  220.0	  14.11	  17.29
     14	    222	      1	  221.0	  14.22	  17.29
     14	    223	      1	  222.0	  14.33	  17.29
     14	    224	      1	  223.0	  14.44	  17.29
     14	    225	      1	  224.0	  14.55	  16.75
     14	    226	      1	  225.0	  14.66	  14.75
     14	    195	      2	  194.0	  10.93	  10.97
     14	    194	      2	  193.0	  11.10	  11.90
     14	    193	      2	  192.0	  11.67	  12.61
     14	    192	      2	  191.0	  12.24	  13.22
     14	    191	      2	  190.0	  12.79	  13.81
     14	    190	      2	  189.0	  13.32	  14.37
     14	    189	      2	  188.0	  13.83	  14.87
     14	    188	      2	  187.0	  14.32	  15.36
     14	    187	      2	  186.0	  14.79	  15.56
     14	    186	      2	  185.0	  15.18	  15.36
     15	   1277	      1	 1276.0	  12.13	  12.20
     15	   1278	      1	 1277.0	  12.18	  12.37
     15	   1279	      1	 1278.0	  12.27	  12.63
     15	   1280	      1	 1279.0	  12.39	  12.96
     15	   1281	      1	 1280.0	  12.52	  13.34
     15	   1282	      1	 1281.0	  12.65	  13.92
     15	   1283	      1	 1282.0	  12.78	  14.71
     15	   1284	      1	 1283.0	  12.91	  15.61
     15	   1285	      1	 1284.0	  13.04	  16.41
     15	   1286	      1	 1285.0	  13.16	  17.29
     15	   1287	      1	 1286.0	  13.29	  17.29
     15	   1288	      1	 1287.0	  13.41	  17.29
     15	   1289	      1	 1288.0	  13.53	  17.29
     15	   1290	      1	 1289.0	  13.65	  17.29
     15	   1291	      1	 1290.0	  13.76	  17.29
     15	   1292	      1	 1291.0	  13.88	  17.29
     15	   1293	      1	 1292.0	  14.00	  17.29
     15	   1294	      1	 1293.0	  14.11	  17.29
     15	   1295	      1	 1294.0	  14.22	  17.29
     15	   1296	      1	 1295.0	  14.33	  17.29
     15	   1297	      1	 1296.0	  14.44	  17.29
     15	   1298	      1	 1297.0	  14.55	  17.29
     15	   1299	      1	 1298.0	  14.66	  17.29
     15	   1300	      1	 1299.0	  14.77	  17.29
     15	   1301	      1	 1300.0	  14.87	  17.29
     15	   1302	      1	 1301.0	  14.97	  17.29
     15	   1303	      1	 1302.0	  15.08	  17.29
     15	   1304	      1	 1303.0	  15.18	  17.29
     15	   1305	      1	 1304.0	  15.28	  17.29
     15	   1306	      1	 1305.0	  15.38	  17.29
     15	   1307	      1	 1306.0	  15.48	  17.29
     15	   1308	      1	 1307.0	  15.58	  17.29
     15	   1309	      1	 1308.0	  15.68	  17.29
     15	   1310	      1	 1309.0	  15.77	  17.29
     15	   1311	      1	 1310.0	  15.87	  17.29
     15	   1312	      1	 1311.0	  15.96	  17.29
     15	   1313	      1	 1312.0	  16.06	  17.29
     15	   1314	      1	 1313.0	  16.15	  17.29
     15	   1315	      1	 1314.0	  16.24	  17.29
     15	   1316	      1	 1315.0	  16.33	  17.29
     15	   1317	      1	 1316.0	  16.42	  17.29
     15	   1318	      1	 1317.0	  16.51	  17.29
     15	   1319	      1	 1318.0	  16.60	  17.29
     15	   1320	      1	 1319.0	  16.69	  17.29
     15	   1321	      1	 1320.0	  16.78	  17.29
     15	   1322	      1	 1321.0	  16.86	  17.29
     15	   1323	      1	 1322.0	  16.95	  17.29
     15	   1324	      1	 1323.0	  17.04	  17.29
     15	   1325	      1	 1324.0	  17.12	  17.29
     15	   1326	      1	 1325.0	  17.20	  17.29
     15	   1327	      1	 1326.0	  17.29	  17.29
     15	   1328	      1	 1327.0	  17.29	  17.29
     15	   1329	      1	 1328.0	  17.29	  17.29
     15	   1330	      1	 1329.0	  17.29	  17.29
     15	   1331	      1	 1330.0	  17.29	  17.29
     15	   1332	      1	 1331.0	  17.29	  17.29
     15	   1333	      1	 1332.0	  17.29	  17.29
     15	   1334	      1	 1333.0	  17.29	  17.29
     15	   1335	      1	 1334.0	  17.29	  17.29
     15	   1336	      1	 1335.0	  17.29	  17.29
     15	   1337	      1	 1336.0	  17.29	  17.29
     15	   1338	      1	 1337.0	  17.29	  17.29
     15	   1339	      1	 1338.0	  17.29	  17.29
     15	   1340	      1	 1339.0	  17.29	  17.29
     15	   1341	      1	 1340.0	  17.29	  17.29
     15	   1342	      1	 1341.0	  17.29	  17.29
     15	   1343	      1	 1342.0	  17.29	  17.29
     15	   1344	      1	 1343.0	  17.29	  17.29
     15	   1345	      1	 1344.0	  17.29	  17.29
     15	   1346	      1	 1345.0	  17.29	  17.29
     15	   1347	      1	 1346.0	  17.29	  17.29
     15	   1348	      1	 1347.0	  17.29	  17.29
     15	   1349	      1	 1348.0	  17.29	  17.29
     15	   1350	      1	 1349.0	  17.29	  17.29
     15	   1351	      1	 1350.0	  17.29	  17.29
     15	   1352	      1	 1351.0	  17.29	  17.29
     15	   1353	      1	 1352.0	  17.29	  17.29
     15	   1354	      1	 1353.0	  17.29	  17.29
     15	   1355	      1	 1354.0	  17.29	  17.29
     15	   1356	      1	 1355.0	  17.29	  17.29
     15	   1275	      2	 1274.0	  12.13	  12.17
     15	   1274	      2	 1273.0	  12.27	  12.27
     15	   1273	      2	 1272.0	  12.34	  12.42
     15	   1272	      2	 1271.0	  12.54	  12.62
     15	   1271	      2	 1270.0	  12.73	  12.85
     15	   1270	      2	 1269.0	  12.95	  13.09
     15	   1269	      2	 1268.0	  13.18	  13.32
     15	   1268	      2	 1267.0	  13.41	  13.55
     15	   1267	      2	 1266.0	  13.63	  13.80
     15	   1266	      2	 1265.0	  13.87	  14.07
     15	   1265	      2	 1264.0	  14.12	  14.37
     15	   1264	      2	 1263.0	  14.39	  14.71
     15	   1263	      2	 1262.0	  14.67	  15.11
     15	   1262	      2	 1261.0	  14.99	  15.47
     15	   1261	      2	 1260.0	  15.32	  15.72
     15	   1260	      2	 1259.0	  15.62	  15.93
     15	   1259	      2	 1258.0	  15.88	  16.10
     15	   1258	      2	 1257.0	  16.10	  16.27
     15	   1257	      2	 1256.0	  16.30	  16.44
     15	   1256	      2	 1255.0	  16.49	  16.64
     15	   1255	      2	 1254.0	  16.68	  16.82
     15	   1254	      2	 1253.0	  16.86	  17.01
     15	   1253	      2	 1252.0	  17.05	  17.24
     15	   1252	      2	 1251.0	  17.25	  17.29
     15	   1251	      2	 1250.0	  17.29	  17.29
     16	    152	      1	  151.0	  12.14	  12.22
     16	    153	      1	  152.0	  12.19	  12.53
     16	    154	      1	  153.0	  12.31	  13.02
     16	    155	      1	  154.0	  12.45	  13.71
     16	    156	      1	  155.0	  12.58	  15.06
     16	    157	      1	  156.0	  12.71	  17.29
     16	    158	      1	  157.0	  12.84	  17.29
     16	    159	      1	  158.0	  12.97	  17.29
     16	    160	      1	  159.0	  13.09	  17.29
     16	    161	      1	  160.0	  13.22	  17.29
     16	    162	      1	  161.0	  13.34	  17.29
     16	    163	      1	  162.0	  13.46	  17.29
     16	    164	      1	  163.0	  13.58	  17.29
     16	    165	      1	  164.0	  13.70	  17.29
     16	    166	      1	  165.0	  13.82	  17.29
     16	    167	      1	  166.0	  13.93	  17.29
     16	    168	      1	  167.0	  14.05	  17.29
     16	    169	      1	  168.0	  14.16	  17.29
     16	    170	      1	  169.0	  14.27	  17.29
     16	    171	      1	  170.0	  14.38	  17.29
     16	    172	      1	  171.0	  14.49	  16.65
     16	    173	      1	  172.0	  14.60	  16.28
     16	    174	      1	  173.0	  14.71	  16.03
     16	    175	      1	  174.0	  14.81	  15.84
     16	    176	      1	  175.0	  14.92	  15.67
     16	    177	      1	  176.0	  15.02	  15.47
     16	    178	      1	  177.0	  15.11	  15.25
     16	    179	      1	  178.0	  15.02	  15.02
     16	    150	      2	  149.0	  12.14	  12.30
     16	    149	      2	  148.0	  12.40	  12.67
     16	    148	      2	  147.0	  12.72	  13.19
     16	    147	      2	  146.0	  13.11	  13.97
     16	    146	      2	  145.0	  13.59	  15.34
     16	    145	      2	  144.0	  14.19	  17.29
     16	    144	      2	  143.0	  14.89	  17.29
     16	    143	      2	  142.0	  15.65	  17.29
     16	    142	      2	  141.0	  16.41	  17.29
     17	     28	      1	   27.0	  12.14	  12.35
     17	     26	      2	   25.0	  12.14	  12.54
     18	    421	      1	  420.0	  12.14	  12.19
     18	    422	      1	  421.0	  12.18	  12.43
     18	    423	      1	  422.0	  12.28	  12.84
     18	    424	      1	  423.0	  12.42	  13.39
     18	    425	      1	  424.0	  12.55	  14.45
     18	    426	      1	  425.0	  12.68	  16.31
     18	    427	      1	  426.0	  12.81	  17.29
     18	    428	      1	  427.0	  12.94	  17.29
     18	    429	      1	  428.0	  13.06	  17.29
     18	    430	      1	  429.0	  13.19	  17.29
     18	    431	      1	  430.0	  13.31	  17.29
     18	    419	      2	  418.0	  12.14	  12.31
     18	    418	      2	  417.0	  12.41	  12.66
     18	    417	      2	  416.0	  12.72	  13.16
     18	    416	      2	  415.0	  13.10	  13.98
     18	    415	      2	  414.0	  13.58	  15.54
     18	    414	      2	  413.0	  14.21	  17.29
     18	    413	      2	  412.0	  14.92	  17.29
     18	    412	      2	  411.0	  15.67	  17.29
     18	    411	      2	  410.0	  16.46	  17.29
     19	    232	      1	  231.0	  12.15	  12.16
     19	    233	      1	  232.0	  12.16	  12.31
     19	    234	      1	  233.0	  12.23	  12.58
     19	    235	      1	  234.0	  12.35	  12.97
     19	    236	      1	  235.0	  12.49	  13.48
     19	    237	      1	  236.0	  12.62	  14.49
     19	    238	      1	  237.0	  12.75	  15.33
     19	    239	      1	  238.0	  12.88	  16.77
     19	    240	      1	  239.0	  13.01	  17.29
     19	    241	      1	  240.0	  13.13	  17.29
     19	    242	      1	  241.0	  13.25	  17.29
     19	    243	      1	  242.0	  13.38	  17.29
     19	    244	      1	  243.0	  13.50	  17.29
     19	    245	      1	  244.0	  13.62	  17.29
     19	    246	      1	  245.0	  13.73	  17.29
     19	    247	      1	  246.0	  13.85	  17.29
     19	    248	      1	  247.0	  13.97	  17.29
     19	    249	      1	  248.0	  14.08	  17.29
     19	    250	      1	  249.0	  14.19	  17.29
     19	    251	      1	  250.0	  14.30	  17.29
     19	    252	      1	  251.0	  14.41	  17.29
     19	    253	      1	  252.0	  14.52	  17.29
     19	    254	      1	  253.0	  14.63	  17.29
     19	    255	      1	  254.0	  14.74	  17.29
     19	    256	      1	  255.0	  14.84	  17.29
     19	    257	      1	  256.0	  14.95	  17.29
     19	    230	      2	  229.0	  12.15	  12.29
     19	    229	      2	  228.0	  12.40	  12.57
     19	    228	      2	  227.0	  12.66	  12.96
     19	    227	      2	  226.0	  12.99	  13.50
     19	    226	      2	  225.0	  13.38	  14.75
     19	    225	      2	  224.0	  13.94	  16.75
     20	     74	      1	   73.0	  12.16	  12.26
     20	     75	      1	   74.0	  12.22	  12.88
     20	     76	      1	   75.0	  12.35	  14.06
     20	     77	      1	   76.0	  12.49	  17.09
     20	     78	      1	   77.0	  12.62	  17.29
     20	     79	      1	   78.0	  12.75	  17.29
     20	     80	      1	   79.0	  12.88	  17.29
     20	     72	      2	   71.0	  12.16	  12.43
     20	     71	      2	   70.0	  12.48	  12.94
     20	     70	      2	   69.0	  12.88	  13.65
     20	     69	      2	   68.0	  13.35	  14.73
     20	     68	      2	   67.0	  13.91	  15.72
     20	     67	      2	   66.0	  14.50	  17.29
     20	     66	      2	   65.0	  15.16	  17.29
     20	     65	      2	   64.0	  15.87	  17.29
     21	    721	      1	  720.0	  14.49	  14.88
     21	    722	      1	  721.0	  14.58	  15.82
     21	    723	      1	  722.0	  14.69	  17.29
     21	    724	      1	  723.0	  14.80	  17.29
     21	    725	      1	  724.0	  14.90	  17.29
     21	    726	      1	  725.0	  15.01	  17.29
     21	    727	      1	  726.0	  15.11	  17.29
     21	    728	      1	  727.0	  15.21	  17.29
     21	    729	      1	  728.0	  15.31	  17.29
     21	    730	      1	  729.0	  15.41	  17.29
     21	    731	      1	  730.0	  15.51	  17.29
     21	    732	      1	  731.0	  15.61	  17.29
     21	    733	      1	  732.0	  15.70	  17.29
     21	    734	      1	  733.0	  15.80	  17.29
     21	    735	      1	  734.0	  15.90	  17.29
     21	    736	      1	  735.0	  15.99	  17.29
     21	    737	      1	  736.0	  16.08	  17.29
     21	    738	      1	  737.0	  16.18	  17.29
     21	    739	      1	  738.0	  16.27	  17.29
     21	    740	      1	  739.0	  16.36	  17.29
     21	    741	      1	  740.0	  16.45	  17.29
     21	    742	      1	  741.0	  16.54	  17.29
     21	    743	      1	  742.0	  16.63	  17.29
     21	    744	      1	  743.0	  16.72	  17.29
     21	    745	      1	  744.0	  16.80	  17.29
     21	    746	      1	  745.0	  16.89	  17.29
     21	    747	      1	  746.0	  16.98	  17.29
     21	    748	      1	  747.0	  17.06	  17.29
     21	    749	      1	  748.0	  17.15	  17.29
     21	    750	      1	  749.0	  17.23	  17.29
     21	    719	      2	  718.0	  14.49	  14.93
     21	    718	      2	  717.0	  14.81	  15.86
     21	    717	      2	  716.0	  15.26	  17.29
     21	    716	      2	  715.0	  15.84	  17.29
     21	    715	      2	  714.0	  16.48	  17.29
     21	    714	      2	  713.0	  17.15	  17.29
     21	    713	      2	  712.0	  17.29	  17.29
     21	    712	      2	  711.0	  17.29	  17.29
     21	    711	      2	  710.0	  17.29	  17.29
     21	    710	      2	  709.0	  17.29	  17.29
     21	    709	      2	  708.0	  17.29	  17.29
     21	    708	      2	  707.0	  17.29	  17.29
     21	    707	      2	  706.0	  17.29	  17.29
     21	    706	      2	  705.0	  17.29	  17.29
     21	    705	      2	  704.0	  17.29	  17.29
     21	    704	      2	  703.0	  17.29	  17.29
     21	    703	      2	  702.0	  17.29	  17.29
     21	    702	      2	  701.0	  17.29	  17.29
     21	    701	      2	  700.0	  17.29	  17.29
     21	    700	      2	  699.0	  17.29	  17.29
     21	    699	      2	  698.0	  17.29	  17.29
     21	    698	      2	  697.0	  17.29	  17.29
     21	    697	      2	  696.0	  17.29	  17.29
     21	    696	      2	  695.0	  17.29	  17.29
     21	    695	      2	  694.0	  17.29	  17.29
     21	    694	      2	  693.0	  17.29	  17.29
     21	    693	      2	  692.0	  17.29	  17.29
     21	    692	      2	  691.0	  17.29	  17.29
     21	    691	      2	  690.0	  17.29	  17.29
     21	    690	      2	  689.0	  17.29	  17.29
     21	    689	      2	  688.0	  17.29	  17.29
     21	    688	      2	  687.0	  17.29	  17.29
     21	    687	      2	  686.0	  17.29	  17.29
     21	    686	      2	  685.0	  17.29	  17.29
     21	    685	      2	  684.0	  17.29	  17.29
     21	    684	      2	  683.0	  17.29	  17.29
     22	    184	      1	  183.0	  14.49	  14.65
     22	    185	      1	  184.0	  14.54	  14.99
     22	    186	      1	  185.0	  14.64	  15.36
     22	    187	      1	  186.0	  14.75	  15.56
     22	    182	      2	  181.0	  14.49	  14.53
     22	    181	      2	  180.0	  14.62	  14.64
     22	    180	      2	  179.0	  14.73	  14.81
     22	    179	      2	  178.0	  14.89	  15.02
     22	    178	      2	  177.0	  15.09	  15.25
     23	    775	      1	  774.0	  14.54	  14.66
     23	    773	      2	  772.0	  14.54	  14.99
     24	   1393	      1	 1392.0	  15.56	  15.59
     24	   1394	      1	 1393.0	  15.57	  15.66
     24	   1395	      1	 1394.0	  15.61	  15.78
     24	   1396	      1	 1395.0	  15.65	  15.94
     24	   1397	      1	 1396.0	  15.72	  16.15
     24	   1398	      1	 1397.0	  15.81	  16.40
     24	   1399	      1	 1398.0	  15.90	  16.81
     24	   1400	      1	 1399.0	  15.99	  17.29
     24	   1401	      1	 1400.0	  16.09	  17.29
     24	   1402	      1	 1401.0	  16.18	  17.29
     24	   1403	      1	 1402.0	  16.27	  17.29
     24	   1404	      1	 1403.0	  16.36	  17.29
     24	   1405	      1	 1404.0	  16.45	  17.29
     24	   1406	      1	 1405.0	  16.54	  17.29
     24	   1407	      1	 1406.0	  16.63	  17.29
     24	   1408	      1	 1407.0	  16.72	  17.29
     24	   1409	      1	 1408.0	  16.81	  17.29
     24	   1410	      1	 1409.0	  16.89	  17.29
     24	   1411	      1	 1410.0	  16.98	  17.29
     24	   1412	      1	 1411.0	  17.06	  17.29
     24	   1413	      1	 1412.0	  17.15	  17.29
     24	   1414	      1	 1413.0	  17.23	  17.29
     24	   1415	      1	 1414.0	  17.29	  17.29
     24	   1416	      1	 1415.0	  17.29	  17.29
     24	   1417	      1	 1416.0	  17.29	  17.29
     24	   1418	      1	 1417.0	  17.29	  17.29
     24	   1419	      1	 1418.0	  17.29	  17.29
     24	   1420	      1	 1419.0	  17.29	  17.29
     24	   1421	      1	 1420.0	  17.29	  17.29
     24	   1422	      1	 1421.0	  17.29	  17.29
     24	   1423	      1	 1422.0	  17.29	  17.29
     24	   1391	      2	 1390.0	  15.56	  15.57
     24	   1390	      2	 1389.0	  15.62	  15.62
     24	   1389	      2	 1388.0	  15.72	  15.72
     24	   1388	      2	 1387.0	  15.81	  15.84
     24	   1387	      2	 1386.0	  15.93	  16.00
     24	   1386	      2	 1385.0	  16.08	  16.19
     24	   1385	      2	 1384.0	  16.26	  16.42
     24	   1384	      2	 1383.0	  16.45	  16.70
     24	   1383	      2	 1382.0	  16.68	  17.27
     24	   1382	      2	 1381.0	  16.99	  17.29
     24	   1381	      2	 1380.0	  17.29	  17.29
     24	   1380	      2	 1379.0	  17.29	  17.29
     24	   1379	      2	 1378.0	  17.29	  17.29
     24	   1378	      2	 1377.0	  17.29	  17.29
     24	   1377	      2	 1376.0	  17.29	  17.29
     24	   1376	      2	 1375.0	  17.29	  17.29
     24	   1375	      2	 1374.0	  17.29	  17.29
     24	   1374	      2	 1373.0	  17.29	  17.29
     24	   1373	      2	 1372.0	  17.29	  17.29
     24	   1372	      2	 1371.0	  17.29	  17.29
     24	   1371	      2	 1370.0	  17.29	  17.29
     24	   1370	      2	 1369.0	  17.29	  17.29
     24	   1369	      2	 1368.0	  17.29	  17.29
     24	   1368	      2	 1367.0	  17.29	  17.29
     24	   1367	      2	 1366.0	  17.29	  17.29
     24	   1366	      2	 1365.0	  17.29	  17.29
     24	   1365	      2	 1364.0	  17.29	  17.29
     24	   1364	      2	 1363.0	  17.29	  17.29
     24	   1363	      2	 1362.0	  17.29	  17.29
     25	   1360	      1	 1359.0	  15.57	  15.63
     25	   1361	      1	 1360.0	  15.59	  15.95
     25	   1362	      1	 1361.0	  15.67	  16.44
     25	   1363	      1	 1362.0	  15.77	  17.29
     25	   1364	      1	 1363.0	  15.86	  17.29
     25	   1365	      1	 1364.0	  15.96	  17.29
     25	   1366	      1	 1365.0	  16.05	  17.29
     25	   1367	      1	 1366.0	  16.14	  17.29
     25	   1368	      1	 1367.0	  16.24	  17.29
     25	   1369	      1	 1368.0	  16.33	  17.29
     25	   1370	      1	 1369.0	  16.42	  17.29
     25	   1371	      1	 1370.0	  16.51	  17.29
     25	   1372	      1	 1371.0	  16.60	  17.29
     25	   1373	      1	 1372.0	  16.69	  17.29
     25	   1374	      1	 1373.0	  16.77	  17.29
     25	   1375	      1	 1374.0	  16.86	  17.29
     25	   1376	      1	 1375.0	  16.95	  17.29
     25	   1377	      1	 1376.0	  17.03	  17.29
     25	   1378	      1	 1377.0	  17.12	  17.29
     25	   1379	      1	 1378.0	  17.20	  17.29
     25	   1380	      1	 1379.0	  17.28	  17.29
     25	   1381	      1	 1380.0	  17.29	  17.29
     25	   1358	      2	 1357.0	  15.57	  15.79
     25	   1357	      2	 1356.0	  15.80	  16.25
     25	   1356	      2	 1355.0	  16.10	  17.29
     25	   1355	      2	 1354.0	  16.55	  17.29
     25	   1354	      2	 1353.0	  17.13	  17.29
     25	   1353	      2	 1352.0	  17.29	  17.29
     25	   1352	      2	 1351.0	  17.29	  17.29
     25	   1351	      2	 1350.0	  17.29	  17.29
     25	   1350	      2	 1349.0	  17.29	  17.29
     25	   1349	      2	 1348.0	  17.29	  17.29
     25	   1348	      2	 1347.0	  17.29	  17.29
     25	   1347	      2	 1346.0	  17.29	  17.29
     25	   1346	      2	 1345.0	  17.29	  17.29
     25	   1345	      2	 1344.0	  17.29	  17.29
     25	   1344	      2	 1343.0	  17.29	  17.29
     25	   1343	      2	 1342.0	  17.29	  17.29
     25	   1342	      2	 1341.0	  17.29	  17.29
     25	   1341	      2	 1340.0	  17.29	  17.29
     25	   1340	      2	 1339.0	  17.29	  17.29
     25	   1339	      2	 1338.0	  17.29	  17.29
     25	   1338	      2	 1337.0	  17.29	  17.29
     25	   1337	      2	 1336.0	  17.29	  17.29
     25	   1336	      2	 1335.0	  17.29	  17.29
     25	   1335	      2	 1334.0	  17.29	  17.29
     25	   1334	      2	 1333.0	  17.29	  17.29
     25	   1333	      2	 1332.0	  17.29	  17.29
     25	   1332	      2	 1331.0	  17.29	  17.29
     25	   1331	      2	 1330.0	  17.29	  17.29
     25	   1330	      2	 1329.0	  17.29	  17.29
     25	   1329	      2	 1328.0	  17.29	  17.29
     25	   1328	      2	 1327.0	  17.29	  17.29
     26	    398	      1	  397.0	  15.58	  15.80
     26	    396	      2	  395.0	  15.58	  16.10
     27	    922	      1	  921.0	  15.65	  16.27
     27	    920	      2	  919.0	  15.65	  15.72
     28	   1241	      1	 1240.0	  16.58	  16.69
     28	   1242	      1	 1241.0	  16.61	  17.00
     28	   1243	      1	 1242.0	  16.68	  17.29
     28	   1244	      1	 1243.0	  16.77	  17.29
     28	   1245	      1	 1244.0	  16.85	  17.29
     28	   1246	      1	 1245.0	  16.94	  17.29
     28	   1247	      1	 1246.0	  17.03	  17.29
     28	   1248	      1	 1247.0	  17.11	  17.29
     28	   1249	      1	 1248.0	  17.19	  17.29
     28	   1250	      1	 1249.0	  17.28	  17.29
     28	   1239	      2	 1238.0	  16.58	  16.71
     29	   1224	      1	 1223.0	  16.60	  17.11
     29	   1222	      2	 1221.0	  16.60	  17.29
________________________________________________
Velocity profile calculated successfully.
Solver time is: 0.282398 [s]
Post-processing initialised.
Correct solution selected from modes.
Laptime calculated.
Forces calculated.
Yaw motion calculated.
Steering angles calculated.
Vehicle slip angles calculated.
Engine metrics calculated.
KPIs calculated.
Post-processing finished.
Simulation results saved.
Simulation completed.
Laptime   : 104.987 [s]
Sector   1:  37.002 [s]
Sector   2:  34.060 [s]
Sector   3:  33.716 [s]
Plots created and saved.
Export initialised.
Exported .csv file successfully.
Elapsed time is: 2.472647 [s]
