_______                    _____________________ 
__  __ \______________________  /___    |__  __ \
_  / / /__  __ \  _ \_  __ \_  / __  /| |_  /_/ /
/ /_/ /__  /_/ /  __/  / / /  /___  ___ |  ____/ 
\____/ _  .___/\___//_/ /_//_____/_/  |_/_/      
       /_/                                       
=================================================
Vehicle: Peak Ratio
Track:   FSAE Autocross Germany 2012
Date:    11/08/2025
Time:    12:13:43
=================================================
Simulation started.
Maximum speed calculated at all points.
Found all apexes on track.
Starting acceleration and deceleration.
Running: [||||||||||||||||||||||||||||| ] 100 [%]
________________________________________________
|_Apex__|_Point_|_Mode__|___x___|___v___|_vmax_|
      1	    499	      1	  498.0	   9.01	   9.59
      1	    500	      1	  499.0	   9.23	   9.23
      1	    501	      1	  500.0	   9.23	   9.27
      1	    502	      1	  501.0	   9.24	   9.24
      1	    503	      1	  502.0	   9.25	   9.93
      1	    504	      1	  503.0	   9.51	  10.59
      1	    505	      1	  504.0	   9.81	  11.70
      1	    506	      1	  505.0	  10.16	  15.15
      1	    507	      1	  506.0	  10.59	  13.99
      1	    508	      1	  507.0	  10.96	  13.03
      1	    509	      1	  508.0	  11.27	  14.32
      1	    510	      1	  509.0	  11.61	  15.66
      1	    511	      1	  510.0	  11.96	  17.59
      1	    512	      1	  511.0	  12.32	  21.63
      1	    513	      1	  512.0	  12.70	  29.40
      1	    514	      1	  513.0	  13.08	  32.33
      1	    515	      1	  514.0	  13.45	  30.59
      1	    516	      1	  515.0	  13.82	  32.33
      1	    517	      1	  516.0	  14.17	  32.33
      1	    518	      1	  517.0	  14.53	  32.33
      1	    519	      1	  518.0	  14.87	  32.33
      1	    520	      1	  519.0	  15.20	  32.33
      1	    521	      1	  520.0	  15.53	  32.33
      1	    522	      1	  521.0	  15.85	  32.33
      1	    523	      1	  522.0	  16.16	  32.33
      1	    524	      1	  523.0	  16.46	  32.33
      1	    525	      1	  524.0	  16.75	  32.33
      1	    526	      1	  525.0	  17.04	  32.33
      1	    527	      1	  526.0	  17.32	  32.33
      1	    528	      1	  527.0	  17.60	  32.33
      1	    529	      1	  528.0	  17.86	  31.53
      1	    530	      1	  529.0	  18.12	  30.62
      1	    531	      1	  530.0	  18.37	  32.18
      1	    532	      1	  531.0	  18.62	  32.33
      1	    533	      1	  532.0	  18.88	  32.33
      1	    534	      1	  533.0	  19.14	  32.33
      1	    535	      1	  534.0	  19.40	  32.33
      1	    536	      1	  535.0	  19.66	  32.33
      1	    537	      1	  536.0	  19.91	  32.33
      1	    538	      1	  537.0	  20.16	  32.33
      1	    539	      1	  538.0	  20.40	  32.33
      1	    540	      1	  539.0	  20.64	  32.33
      1	    541	      1	  540.0	  20.88	  32.33
      1	    542	      1	  541.0	  21.12	  32.33
      1	    543	      1	  542.0	  21.35	  32.33
      1	    544	      1	  543.0	  21.59	  32.33
      1	    545	      1	  544.0	  21.82	  32.33
      1	    546	      1	  545.0	  22.05	  32.33
      1	    547	      1	  546.0	  22.28	  32.33
      1	    548	      1	  547.0	  22.51	  32.33
      1	    549	      1	  548.0	  22.73	  32.33
      1	    550	      1	  549.0	  22.95	  32.33
      1	    551	      1	  550.0	  23.17	  32.33
      1	    552	      1	  551.0	  23.38	  32.33
      1	    553	      1	  552.0	  23.60	  32.33
      1	    554	      1	  553.0	  23.81	  32.33
      1	    555	      1	  554.0	  24.02	  32.33
      1	    556	      1	  555.0	  24.22	  32.33
      1	    557	      1	  556.0	  24.42	  32.33
      1	    558	      1	  557.0	  24.61	  32.33
      1	    559	      1	  558.0	  24.79	  32.33
      1	    560	      1	  559.0	  24.97	  32.33
      1	    561	      1	  560.0	  25.14	  32.33
      1	    562	      1	  561.0	  25.30	  32.33
      1	    563	      1	  562.0	  25.45	  32.33
      1	    564	      1	  563.0	  25.59	  31.12
      1	    565	      1	  564.0	  25.72	  29.26
      1	    566	      1	  565.0	  25.82	  27.38
      1	    567	      1	  566.0	  25.89	  26.14
      1	    497	      2	  496.0	   9.01	   9.10
      1	    496	      2	  495.0	   9.30	  10.83
      1	    495	      2	  494.0	  10.19	  10.59
      1	    494	      2	  493.0	  10.40	  10.40
      1	    493	      2	  492.0	  10.46	  12.14
      1	    492	      2	  491.0	  11.27	  12.54
      1	    491	      2	  490.0	  11.94	  12.58
      1	    490	      2	  489.0	  12.42	  14.72
      1	    489	      2	  488.0	  13.15	  17.19
      1	    488	      2	  487.0	  13.94	  18.48
      1	    487	      2	  486.0	  14.71	  21.41
      1	    486	      2	  485.0	  15.50	  30.45
      1	    485	      2	  484.0	  16.33	  32.33
      1	    484	      2	  483.0	  17.17	  32.33
      1	    483	      2	  482.0	  17.97	  32.33
      1	    482	      2	  481.0	  18.75	  32.33
      1	    481	      2	  480.0	  19.50	  32.33
      1	    480	      2	  479.0	  20.23	  32.33
      1	    479	      2	  478.0	  20.94	  32.33
      1	    478	      2	  477.0	  21.64	  32.33
      1	    477	      2	  476.0	  22.33	  32.33
      1	    476	      2	  475.0	  23.01	  32.33
      1	    475	      2	  474.0	  23.67	  32.33
      1	    474	      2	  473.0	  24.30	  28.86
      2	    501	      1	  500.0	   9.23	   9.27
      2	    499	      2	  498.0	   9.23	   9.59
      3	    503	      1	  502.0	   9.24	   9.93
      3	    504	      1	  503.0	   9.50	  10.59
      3	    505	      1	  504.0	   9.80	  11.70
      3	    506	      1	  505.0	  10.15	  15.15
      3	    507	      1	  506.0	  10.58	  13.99
      3	    508	      1	  507.0	  10.96	  13.03
      3	    509	      1	  508.0	  11.27	  14.32
      3	    510	      1	  509.0	  11.61	  15.66
      3	    511	      1	  510.0	  11.96	  17.59
      3	    512	      1	  511.0	  12.32	  21.63
      3	    513	      1	  512.0	  12.70	  29.40
      3	    514	      1	  513.0	  13.08	  32.33
      3	    515	      1	  514.0	  13.45	  30.59
      3	    516	      1	  515.0	  13.81	  32.33
      3	    517	      1	  516.0	  14.17	  32.33
      3	    518	      1	  517.0	  14.52	  32.33
      3	    519	      1	  518.0	  14.87	  32.33
      3	    520	      1	  519.0	  15.20	  32.33
      3	    521	      1	  520.0	  15.53	  32.33
      3	    522	      1	  521.0	  15.85	  32.33
      3	    523	      1	  522.0	  16.15	  32.33
      3	    524	      1	  523.0	  16.46	  32.33
      3	    525	      1	  524.0	  16.75	  32.33
      3	    526	      1	  525.0	  17.04	  32.33
      3	    527	      1	  526.0	  17.32	  32.33
      3	    528	      1	  527.0	  17.60	  32.33
      3	    529	      1	  528.0	  17.86	  31.53
      3	    530	      1	  529.0	  18.12	  30.62
      3	    531	      1	  530.0	  18.37	  32.18
      3	    532	      1	  531.0	  18.62	  32.33
      3	    533	      1	  532.0	  18.88	  32.33
      3	    534	      1	  533.0	  19.14	  32.33
      3	    535	      1	  534.0	  19.40	  32.33
      3	    536	      1	  535.0	  19.66	  32.33
      3	    537	      1	  536.0	  19.91	  32.33
      3	    538	      1	  537.0	  20.16	  32.33
      3	    539	      1	  538.0	  20.40	  32.33
      3	    540	      1	  539.0	  20.64	  32.33
      3	    541	      1	  540.0	  20.88	  32.33
      3	    542	      1	  541.0	  21.12	  32.33
      3	    543	      1	  542.0	  21.35	  32.33
      3	    544	      1	  543.0	  21.59	  32.33
      3	    545	      1	  544.0	  21.82	  32.33
      3	    546	      1	  545.0	  22.05	  32.33
      3	    547	      1	  546.0	  22.28	  32.33
      3	    548	      1	  547.0	  22.51	  32.33
      3	    549	      1	  548.0	  22.73	  32.33
      3	    550	      1	  549.0	  22.95	  32.33
      3	    551	      1	  550.0	  23.17	  32.33
      3	    552	      1	  551.0	  23.38	  32.33
      3	    553	      1	  552.0	  23.59	  32.33
      3	    554	      1	  553.0	  23.81	  32.33
      3	    555	      1	  554.0	  24.01	  32.33
      3	    556	      1	  555.0	  24.22	  32.33
      3	    557	      1	  556.0	  24.42	  32.33
      3	    558	      1	  557.0	  24.61	  32.33
      3	    559	      1	  558.0	  24.79	  32.33
      3	    560	      1	  559.0	  24.97	  32.33
      3	    561	      1	  560.0	  25.14	  32.33
      3	    562	      1	  561.0	  25.30	  32.33
      3	    563	      1	  562.0	  25.45	  32.33
      3	    564	      1	  563.0	  25.59	  31.12
      3	    565	      1	  564.0	  25.72	  29.26
      3	    566	      1	  565.0	  25.82	  27.38
      3	    567	      1	  566.0	  25.89	  26.14
      3	    501	      2	  500.0	   9.24	   9.27
      4	    963	      1	  962.0	   9.26	   9.85
      4	    964	      1	  963.0	   9.50	   9.82
      4	    965	      1	  964.0	   9.68	  10.58
      4	    966	      1	  965.0	   9.95	  12.44
      4	    967	      1	  966.0	  10.32	  12.82
      4	    968	      1	  967.0	  10.68	  13.72
      4	    969	      1	  968.0	  11.04	  14.26
      4	    970	      1	  969.0	  11.39	  14.06
      4	    971	      1	  970.0	  11.71	  14.36
      4	    972	      1	  971.0	  12.02	  15.24
      4	    973	      1	  972.0	  12.34	  17.76
      4	    974	      1	  973.0	  12.68	  21.69
      4	    975	      1	  974.0	  13.05	  23.00
      4	    976	      1	  975.0	  13.40	  23.93
      4	    977	      1	  976.0	  13.75	  30.72
      4	    978	      1	  977.0	  14.10	  32.33
      4	    979	      1	  978.0	  14.45	  32.33
      4	    980	      1	  979.0	  14.80	  32.33
      4	    981	      1	  980.0	  15.14	  32.33
      4	    982	      1	  981.0	  15.47	  32.33
      4	    983	      1	  982.0	  15.79	  32.33
      4	    984	      1	  983.0	  16.11	  32.33
      4	    985	      1	  984.0	  16.42	  32.33
      4	    986	      1	  985.0	  16.72	  32.33
      4	    987	      1	  986.0	  17.02	  32.33
      4	    988	      1	  987.0	  17.31	  32.33
      4	    989	      1	  988.0	  17.58	  25.80
      4	    990	      1	  989.0	  17.83	  23.68
      4	    991	      1	  990.0	  18.05	  23.19
      4	    992	      1	  991.0	  18.25	  24.55
      4	    993	      1	  992.0	  18.47	  26.56
      4	    994	      1	  993.0	  18.70	  26.17
      4	    995	      1	  994.0	  18.92	  26.27
      4	    996	      1	  995.0	  19.13	  27.59
      4	    997	      1	  996.0	  19.35	  32.33
      4	    998	      1	  997.0	  19.59	  32.33
      4	    999	      1	  998.0	  19.82	  28.10
      4	   1000	      1	  999.0	  20.03	  22.33
      4	   1001	      1	 1000.0	  19.76	  19.76
      4	    961	      2	  960.0	   9.26	   9.35
      4	    960	      2	  959.0	   9.55	   9.66
      4	    959	      2	  958.0	   9.62	   9.62
      4	    958	      2	  957.0	   9.68	  10.32
      4	    957	      2	  956.0	  10.20	  10.20
      4	    956	      2	  955.0	  10.27	  10.79
      4	    955	      2	  954.0	  10.80	  10.83
      4	    954	      2	  953.0	  10.82	  10.82
      5	    960	      1	  959.0	   9.62	   9.66
      5	    958	      2	  957.0	   9.62	  10.32
      6	    965	      1	  964.0	   9.82	  10.58
      6	    963	      2	  962.0	   9.82	   9.85
      7	    271	      1	  270.0	  10.19	  10.69
      7	    272	      1	  271.0	  10.38	  10.42
      7	    273	      1	  272.0	  10.28	  10.28
      7	    274	      1	  273.0	  10.28	  11.20
      7	    275	      1	  274.0	  10.53	  13.43
      7	    276	      1	  275.0	  10.90	  13.92
      7	    277	      1	  276.0	  11.25	  15.56
      7	    278	      1	  277.0	  11.62	  16.87
      7	    279	      1	  278.0	  11.99	  18.01
      7	    280	      1	  279.0	  12.35	  20.34
      7	    281	      1	  280.0	  12.72	  18.60
      7	    282	      1	  281.0	  13.06	  18.83
      7	    283	      1	  282.0	  13.39	  17.47
      7	    284	      1	  283.0	  13.68	  17.56
      7	    285	      1	  284.0	  13.96	  19.59
      7	    286	      1	  285.0	  14.26	  21.41
      7	    287	      1	  286.0	  14.57	  19.92
      7	    288	      1	  287.0	  14.85	  19.32
      7	    289	      1	  288.0	  15.11	  18.14
      7	    290	      1	  289.0	  15.33	  15.78
      7	    269	      2	  268.0	  10.19	  10.25
      7	    268	      2	  267.0	  10.35	  10.35
      7	    267	      2	  266.0	  10.42	  10.76
      7	    266	      2	  265.0	  10.85	  11.06
      7	    265	      2	  264.0	  11.18	  11.66
      7	    264	      2	  263.0	  11.64	  12.99
      7	    263	      2	  262.0	  12.30	  13.90
      7	    262	      2	  261.0	  12.95	  15.77
      7	    261	      2	  260.0	  13.69	  21.65
      7	    260	      2	  259.0	  14.56	  32.33
      7	    259	      2	  258.0	  15.46	  32.33
      7	    258	      2	  257.0	  16.33	  32.33
      7	    257	      2	  256.0	  17.17	  32.33
      7	    256	      2	  255.0	  17.98	  32.33
      7	    255	      2	  254.0	  18.76	  32.33
      7	    254	      2	  253.0	  19.51	  32.33
      7	    253	      2	  252.0	  20.25	  32.33
      7	    252	      2	  251.0	  20.97	  32.33
      7	    251	      2	  250.0	  21.67	  32.33
      7	    250	      2	  249.0	  22.35	  32.33
      7	    249	      2	  248.0	  23.03	  32.33
      7	    248	      2	  247.0	  23.69	  32.33
      7	    247	      2	  246.0	  24.34	  32.33
      7	    246	      2	  245.0	  24.98	  32.33
      7	    245	      2	  244.0	  25.59	  32.33
      7	    244	      2	  243.0	  26.16	  32.33
      7	    243	      2	  242.0	  26.73	  32.33
      7	    242	      2	  241.0	  27.30	  32.33
      7	    241	      2	  240.0	  27.88	  32.33
      7	    240	      2	  239.0	  28.46	  32.33
      7	    239	      2	  238.0	  29.03	  32.33
      7	    238	      2	  237.0	  29.61	  32.33
      7	    237	      2	  236.0	  30.19	  32.33
      7	    236	      2	  235.0	  30.76	  32.33
      7	    235	      2	  234.0	  31.33	  32.33
      7	    234	      2	  233.0	  31.89	  32.33
      8	    958	      1	  957.0	  10.20	  10.32
      8	    956	      2	  955.0	  10.20	  10.79
      8	    955	      2	  954.0	  10.77	  10.83
      9	    627	      1	  626.0	  10.24	  10.85
      9	    628	      1	  627.0	  10.45	  11.55
      9	    629	      1	  628.0	  10.71	  11.80
      9	    630	      1	  629.0	  10.97	  11.92
      9	    631	      1	  630.0	  11.20	  14.01
      9	    632	      1	  631.0	  11.53	  15.76
      9	    633	      1	  632.0	  11.89	  15.28
      9	    634	      1	  633.0	  12.21	  14.35
      9	    635	      1	  634.0	  12.48	  14.88
      9	    636	      1	  635.0	  12.75	  16.25
      9	    637	      1	  636.0	  13.05	  16.65
      9	    638	      1	  637.0	  13.34	  16.83
      9	    639	      1	  638.0	  13.63	  16.98
      9	    640	      1	  639.0	  13.90	  17.46
      9	    641	      1	  640.0	  14.16	  19.54
      9	    642	      1	  641.0	  14.45	  22.85
      9	    643	      1	  642.0	  14.76	  22.03
      9	    644	      1	  643.0	  15.06	  20.52
      9	    645	      1	  644.0	  15.33	  19.81
      9	    646	      1	  645.0	  15.58	  19.83
      9	    647	      1	  646.0	  15.82	  17.31
      9	    648	      1	  647.0	  15.75	  15.75
      9	    649	      1	  648.0	  15.75	  15.88
      9	    650	      1	  649.0	  15.79	  18.19
      9	    651	      1	  650.0	  15.98	  18.71
      9	    652	      1	  651.0	  16.18	  17.17
      9	    653	      1	  652.0	  16.09	  16.09
      9	    625	      2	  624.0	  10.24	  10.55
      9	    624	      2	  623.0	  10.67	  11.09
      9	    623	      2	  622.0	  10.91	  10.91
      9	    622	      2	  621.0	  10.98	  12.87
      9	    621	      2	  620.0	  11.77	  16.34
      9	    620	      2	  619.0	  12.69	  18.35
      9	    619	      2	  618.0	  13.57	  32.33
      9	    618	      2	  617.0	  14.54	  15.10
     10	    274	      1	  273.0	  10.28	  11.20
     10	    275	      1	  274.0	  10.53	  13.43
     10	    276	      1	  275.0	  10.89	  13.92
     10	    277	      1	  276.0	  11.25	  15.56
     10	    278	      1	  277.0	  11.62	  16.87
     10	    279	      1	  278.0	  11.99	  18.01
     10	    280	      1	  279.0	  12.35	  20.34
     10	    281	      1	  280.0	  12.72	  18.60
     10	    282	      1	  281.0	  13.06	  18.83
     10	    283	      1	  282.0	  13.39	  17.47
     10	    284	      1	  283.0	  13.68	  17.56
     10	    285	      1	  284.0	  13.96	  19.59
     10	    286	      1	  285.0	  14.26	  21.41
     10	    287	      1	  286.0	  14.56	  19.92
     10	    288	      1	  287.0	  14.84	  19.32
     10	    289	      1	  288.0	  15.11	  18.14
     10	    290	      1	  289.0	  15.33	  15.78
     10	    272	      2	  271.0	  10.28	  10.42
     11	    495	      1	  494.0	  10.40	  10.59
     11	    493	      2	  492.0	  10.40	  12.14
     11	    492	      2	  491.0	  11.22	  12.54
     11	    491	      2	  490.0	  11.90	  12.58
     11	    490	      2	  489.0	  12.39	  14.72
     11	    489	      2	  488.0	  13.12	  17.19
     11	    488	      2	  487.0	  13.92	  18.48
     11	    487	      2	  486.0	  14.70	  21.41
     11	    486	      2	  485.0	  15.49	  30.45
     11	    485	      2	  484.0	  16.32	  32.33
     11	    484	      2	  483.0	  17.15	  32.33
     11	    483	      2	  482.0	  17.96	  32.33
     11	    482	      2	  481.0	  18.74	  32.33
     11	    481	      2	  480.0	  19.48	  32.33
     11	    480	      2	  479.0	  20.21	  32.33
     11	    479	      2	  478.0	  20.93	  32.33
     11	    478	      2	  477.0	  21.63	  32.33
     11	    477	      2	  476.0	  22.32	  32.33
     11	    476	      2	  475.0	  22.99	  32.33
     11	    475	      2	  474.0	  23.66	  32.33
     11	    474	      2	  473.0	  24.29	  28.86
     12	    217	      1	  216.0	  10.43	  11.16
     12	    218	      1	  217.0	  10.65	  11.06
     12	    219	      1	  218.0	  10.73	  10.73
     12	    215	      2	  214.0	  10.43	  10.80
     12	    214	      2	  213.0	  10.88	  11.80
     12	    213	      2	  212.0	  11.50	  12.40
     12	    212	      2	  211.0	  12.07	  14.98
     12	    211	      2	  210.0	  12.88	  21.61
     12	    210	      2	  209.0	  13.81	  27.11
     12	    209	      2	  208.0	  14.72	  30.46
     12	    208	      2	  207.0	  15.59	  32.33
     12	    207	      2	  206.0	  16.44	  32.33
     12	    206	      2	  205.0	  17.26	  32.33
     12	    205	      2	  204.0	  18.06	  32.33
     12	    204	      2	  203.0	  18.82	  32.33
     12	    203	      2	  202.0	  19.56	  32.33
     12	    202	      2	  201.0	  20.29	  32.33
     12	    201	      2	  200.0	  21.01	  32.33
     12	    200	      2	  199.0	  21.70	  32.33
     12	    199	      2	  198.0	  22.36	  32.33
     12	    198	      2	  197.0	  23.01	  32.33
     12	    197	      2	  196.0	  23.65	  32.33
     12	    196	      2	  195.0	  24.30	  32.33
     12	    195	      2	  194.0	  24.94	  32.33
     12	    194	      2	  193.0	  25.55	  32.33
     13	    221	      1	  220.0	  10.47	  11.48
     13	    222	      1	  221.0	  10.72	  13.25
     13	    223	      1	  222.0	  11.06	  16.53
     13	    224	      1	  223.0	  11.46	  16.61
     13	    225	      1	  224.0	  11.83	  16.46
     13	    226	      1	  225.0	  12.18	  17.62
     13	    227	      1	  226.0	  12.53	  19.28
     13	    228	      1	  227.0	  12.89	  22.06
     13	    229	      1	  228.0	  13.25	  24.66
     13	    230	      1	  229.0	  13.60	  24.57
     13	    231	      1	  230.0	  13.94	  23.42
     13	    232	      1	  231.0	  14.27	  23.24
     13	    233	      1	  232.0	  14.59	  27.52
     13	    234	      1	  233.0	  14.91	  32.33
     13	    235	      1	  234.0	  15.24	  32.33
     13	    236	      1	  235.0	  15.57	  32.33
     13	    237	      1	  236.0	  15.89	  32.33
     13	    238	      1	  237.0	  16.21	  32.33
     13	    239	      1	  238.0	  16.52	  32.33
     13	    240	      1	  239.0	  16.82	  32.33
     13	    241	      1	  240.0	  17.11	  32.33
     13	    242	      1	  241.0	  17.41	  32.33
     13	    243	      1	  242.0	  17.69	  32.33
     13	    244	      1	  243.0	  17.97	  32.33
     13	    245	      1	  244.0	  18.24	  32.33
     13	    246	      1	  245.0	  18.51	  32.33
     13	    247	      1	  246.0	  18.78	  32.33
     13	    248	      1	  247.0	  19.04	  32.33
     13	    249	      1	  248.0	  19.31	  32.33
     13	    250	      1	  249.0	  19.57	  32.33
     13	    251	      1	  250.0	  19.82	  32.33
     13	    252	      1	  251.0	  20.08	  32.33
     13	    219	      2	  218.0	  10.47	  10.73
     13	    218	      2	  217.0	  10.85	  11.06
     14	    954	      1	  953.0	  10.52	  10.82
     14	    955	      1	  954.0	  10.67	  10.83
     14	    952	      2	  951.0	  10.52	  10.87
     14	    951	      2	  950.0	  10.96	  12.30
     14	    950	      2	  949.0	  11.67	  16.34
     14	    949	      2	  948.0	  12.60	  21.68
     14	    948	      2	  947.0	  13.55	  32.33
     14	    947	      2	  946.0	  14.52	  24.65
     14	    946	      2	  945.0	  15.36	  21.12
     14	    945	      2	  944.0	  16.10	  21.26
     14	    944	      2	  943.0	  16.78	  20.48
     14	    943	      2	  942.0	  17.38	  19.82
     14	    942	      2	  941.0	  17.89	  22.37
     14	    941	      2	  940.0	  18.49	  26.34
     14	    940	      2	  939.0	  19.14	  25.52
     14	    939	      2	  938.0	  19.75	  23.51
     14	    938	      2	  937.0	  20.26	  24.61
     14	    937	      2	  936.0	  20.78	  29.60
     14	    936	      2	  935.0	  21.38	  32.33
     14	    935	      2	  934.0	  22.02	  32.33
     14	    934	      2	  933.0	  22.63	  29.49
     14	    933	      2	  932.0	  23.16	  25.19
     14	    932	      2	  931.0	  23.52	  24.61
     14	    931	      2	  930.0	  23.81	  24.49
     14	    930	      2	  929.0	  24.06	  24.75
     14	    929	      2	  928.0	  24.30	  25.15
     14	    928	      2	  927.0	  24.57	  25.84
     14	    927	      2	  926.0	  24.86	  28.04
     14	    926	      2	  925.0	  25.26	  29.50
     14	    925	      2	  924.0	  25.68	  27.57
     14	    924	      2	  923.0	  26.01	  27.59
     14	    923	      2	  922.0	  26.31	  29.10
     14	    922	      2	  921.0	  26.68	  32.33
     14	    921	      2	  920.0	  27.13	  31.53
     15	   1231	      1	 1230.0	  10.68	  11.41
     15	   1232	      1	 1231.0	  10.89	  12.35
     15	   1233	      1	 1232.0	  11.17	  12.13
     15	   1234	      1	 1233.0	  11.39	  13.43
     15	   1235	      1	 1234.0	  11.69	  19.13
     15	   1236	      1	 1235.0	  12.08	  19.18
     15	   1237	      1	 1236.0	  12.45	  32.33
     15	   1238	      1	 1237.0	  12.84	  22.09
     15	   1239	      1	 1238.0	  13.20	  16.45
     15	   1240	      1	 1239.0	  13.48	  16.55
     15	   1241	      1	 1240.0	  13.75	  18.69
     15	   1242	      1	 1241.0	  14.04	  19.66
     15	   1243	      1	 1242.0	  14.34	  19.11
     15	   1244	      1	 1243.0	  14.62	  19.02
     15	   1245	      1	 1244.0	  14.89	  21.98
     15	   1246	      1	 1245.0	  15.18	  27.13
     15	   1247	      1	 1246.0	  15.48	  32.33
     15	   1248	      1	 1247.0	  15.80	  32.33
     15	   1249	      1	 1248.0	  16.12	  32.33
     15	   1250	      1	 1249.0	  16.43	  32.33
     15	   1251	      1	 1250.0	  16.73	  32.33
     15	   1252	      1	 1251.0	  17.03	  32.33
     15	   1253	      1	 1252.0	  17.32	  32.33
     15	   1254	      1	 1253.0	  17.60	  32.33
     15	   1255	      1	 1254.0	  17.88	  32.33
     15	   1256	      1	 1255.0	  18.16	  32.33
     15	   1257	      1	 1256.0	  18.43	  32.33
     15	   1258	      1	 1257.0	  18.70	  32.33
     15	   1259	      1	 1258.0	  18.97	  32.33
     15	   1260	      1	 1259.0	  19.23	  32.33
     15	   1261	      1	 1260.0	  19.49	  32.33
     15	   1262	      1	 1261.0	  19.75	  32.33
     15	   1263	      1	 1262.0	  19.99	  32.33
     15	   1264	      1	 1263.0	  20.24	  32.33
     15	   1265	      1	 1264.0	  20.48	  32.33
     15	   1266	      1	 1265.0	  20.73	  32.19
     15	   1229	      2	 1228.0	  10.68	  10.76
     15	   1228	      2	 1227.0	  10.70	  10.70
     15	   1227	      2	 1226.0	  10.77	  10.93
     15	   1226	      2	 1225.0	  11.07	  11.41
     15	   1225	      2	 1224.0	  11.41	  11.41
     15	   1224	      2	 1223.0	  11.48	  12.39
     15	   1223	      2	 1222.0	  12.06	  13.07
     15	   1222	      2	 1221.0	  12.63	  13.32
     15	   1221	      2	 1220.0	  13.09	  16.65
     15	   1220	      2	 1219.0	  13.87	  26.49
     15	   1219	      2	 1218.0	  14.77	  32.33
     15	   1218	      2	 1217.0	  15.66	  32.33
     15	   1217	      2	 1216.0	  16.51	  32.33
     15	   1216	      2	 1215.0	  17.33	  32.33
     15	   1215	      2	 1214.0	  18.13	  32.33
     15	   1214	      2	 1213.0	  18.90	  32.33
     15	   1213	      2	 1212.0	  19.65	  32.33
     15	   1212	      2	 1211.0	  20.38	  32.33
     15	   1211	      2	 1210.0	  21.09	  32.33
     15	   1210	      2	 1209.0	  21.79	  32.33
     15	   1209	      2	 1208.0	  22.47	  32.33
     15	   1208	      2	 1207.0	  23.14	  32.33
     15	   1207	      2	 1206.0	  23.80	  32.33
     15	   1206	      2	 1205.0	  24.44	  32.33
     15	   1205	      2	 1204.0	  25.08	  32.33
     15	   1204	      2	 1203.0	  25.71	  32.33
     15	   1203	      2	 1202.0	  26.33	  32.33
     15	   1202	      2	 1201.0	  26.94	  32.33
     15	   1201	      2	 1200.0	  27.55	  32.33
     15	   1200	      2	 1199.0	  28.15	  32.33
     15	   1199	      2	 1198.0	  28.75	  32.33
     15	   1198	      2	 1197.0	  29.34	  32.33
     15	   1197	      2	 1196.0	  29.92	  32.33
     15	   1196	      2	 1195.0	  30.50	  32.33
     15	   1195	      2	 1194.0	  31.07	  32.33
     15	   1194	      2	 1193.0	  31.64	  32.33
     15	   1193	      2	 1192.0	  32.21	  32.33
     15	   1192	      2	 1191.0	  32.33	  32.33
     15	   1191	      2	 1190.0	  32.33	  32.33
     15	   1190	      2	 1189.0	  32.33	  32.33
     15	   1189	      2	 1188.0	  32.33	  32.33
     15	   1188	      2	 1187.0	  32.33	  32.33
     15	   1187	      2	 1186.0	  32.33	  32.33
     15	   1186	      2	 1185.0	  32.33	  32.33
     15	   1185	      2	 1184.0	  32.33	  32.33
     15	   1184	      2	 1183.0	  32.33	  32.33
     15	   1183	      2	 1182.0	  32.33	  32.33
     15	   1182	      2	 1181.0	  32.33	  32.33
     15	   1181	      2	 1180.0	  32.33	  32.33
     15	   1180	      2	 1179.0	  32.33	  32.33
     15	   1179	      2	 1178.0	  32.33	  32.33
     15	   1178	      2	 1177.0	  32.33	  32.33
     15	   1177	      2	 1176.0	  32.33	  32.33
     15	   1176	      2	 1175.0	  32.33	  32.33
     15	   1175	      2	 1174.0	  32.33	  32.33
     15	   1174	      2	 1173.0	  32.33	  32.33
     15	   1173	      2	 1172.0	  32.33	  32.33
     15	   1172	      2	 1171.0	  32.33	  32.33
     15	   1171	      2	 1170.0	  32.33	  32.33
     15	   1170	      2	 1169.0	  32.33	  32.33
     15	   1169	      2	 1168.0	  32.33	  32.33
     15	   1168	      2	 1167.0	  32.33	  32.33
     15	   1167	      2	 1166.0	  32.33	  32.33
     15	   1166	      2	 1165.0	  32.33	  32.33
     15	   1165	      2	 1164.0	  32.33	  32.33
     15	   1164	      2	 1163.0	  32.33	  32.33
     15	   1163	      2	 1162.0	  32.33	  32.33
     16	   1229	      1	 1228.0	  10.70	  10.76
     16	   1227	      2	 1226.0	  10.70	  10.93
     16	   1226	      2	 1225.0	  11.06	  11.41
     17	    848	      1	  847.0	  10.74	  10.84
     17	    849	      1	  848.0	  10.82	  11.36
     17	    850	      1	  849.0	  11.00	  11.24
     17	    851	      1	  850.0	  11.12	  11.21
     17	    852	      1	  851.0	  11.18	  11.85
     17	    853	      1	  852.0	  11.37	  12.68
     17	    854	      1	  853.0	  11.62	  13.27
     17	    855	      1	  854.0	  11.89	  15.08
     17	    856	      1	  855.0	  12.21	  16.27
     17	    857	      1	  856.0	  12.53	  17.05
     17	    858	      1	  857.0	  12.86	  16.63
     17	    859	      1	  858.0	  13.16	  16.76
     17	    860	      1	  859.0	  13.45	  21.95
     17	    861	      1	  860.0	  13.79	  32.33
     17	    862	      1	  861.0	  14.15	  20.91
     17	    863	      1	  862.0	  14.45	  17.61
     17	    864	      1	  863.0	  14.70	  17.20
     17	    865	      1	  864.0	  14.92	  17.93
     17	    866	      1	  865.0	  15.15	  19.55
     17	    867	      1	  866.0	  15.40	  21.18
     17	    868	      1	  867.0	  15.67	  23.51
     17	    869	      1	  868.0	  15.95	  25.96
     17	    870	      1	  869.0	  16.23	  27.37
     17	    871	      1	  870.0	  16.51	  26.41
     17	    872	      1	  871.0	  16.78	  29.61
     17	    873	      1	  872.0	  17.06	  32.33
     17	    874	      1	  873.0	  17.35	  26.02
     17	    875	      1	  874.0	  17.54	  17.54
     17	    846	      2	  845.0	  10.74	  11.43
     17	    845	      2	  844.0	  11.30	  11.38
     17	    844	      2	  843.0	  11.51	  11.84
     17	    843	      2	  842.0	  11.89	  12.83
     17	    842	      2	  841.0	  12.45	  13.05
     17	    841	      2	  840.0	  12.89	  13.39
     17	    840	      2	  839.0	  13.29	  14.10
     17	    839	      2	  838.0	  13.75	  15.16
     17	    838	      2	  837.0	  14.30	  18.58
     17	    837	      2	  836.0	  15.04	  32.33
     17	    836	      2	  835.0	  15.91	  32.33
     17	    835	      2	  834.0	  16.74	  19.78
     17	    834	      2	  833.0	  17.31	  18.10
     17	    833	      2	  832.0	  17.65	  18.25
     17	    832	      2	  831.0	  17.95	  21.45
     17	    831	      2	  830.0	  18.50	  32.33
     17	    830	      2	  829.0	  19.26	  19.83
     18	    624	      1	  623.0	  10.91	  11.09
     18	    622	      2	  621.0	  10.91	  12.87
     18	    621	      2	  620.0	  11.71	  16.34
     18	    620	      2	  619.0	  12.64	  18.35
     18	    619	      2	  618.0	  13.53	  32.33
     18	    618	      2	  617.0	  14.50	  15.10
     19	    852	      1	  851.0	  11.21	  11.85
     19	    850	      2	  849.0	  11.21	  11.24
     20	    846	      1	  845.0	  11.38	  11.43
     20	    844	      2	  843.0	  11.38	  11.84
     20	    843	      2	  842.0	  11.83	  12.83
     20	    842	      2	  841.0	  12.40	  13.05
     20	    841	      2	  840.0	  12.86	  13.39
     20	    840	      2	  839.0	  13.27	  14.10
     20	    839	      2	  838.0	  13.73	  15.16
     20	    838	      2	  837.0	  14.29	  18.58
     20	    837	      2	  836.0	  15.03	  32.33
     20	    836	      2	  835.0	  15.90	  32.33
     20	    835	      2	  834.0	  16.73	  19.78
     20	    834	      2	  833.0	  17.30	  18.10
     20	    833	      2	  832.0	  17.64	  18.25
     20	    832	      2	  831.0	  17.94	  21.45
     20	    831	      2	  830.0	  18.49	  32.33
     20	    830	      2	  829.0	  19.26	  19.83
     21	   1026	      1	 1025.0	  11.64	  11.65
     21	   1027	      1	 1026.0	  11.64	  11.64
     21	   1028	      1	 1027.0	  11.65	  11.76
     21	   1029	      1	 1028.0	  11.71	  12.22
     21	   1030	      1	 1029.0	  11.87	  11.89
     21	   1031	      1	 1030.0	  11.87	  11.87
     21	   1032	      1	 1031.0	  11.87	  12.08
     21	   1033	      1	 1032.0	  11.94	  11.94
     21	   1034	      1	 1033.0	  11.94	  11.97
     21	   1035	      1	 1034.0	  11.97	  12.12
     21	   1036	      1	 1035.0	  12.04	  12.15
     21	   1037	      1	 1036.0	  11.95	  11.95
     21	   1038	      1	 1037.0	  11.95	  11.98
     21	   1039	      1	 1038.0	  11.98	  13.73
     21	   1040	      1	 1039.0	  12.24	  15.05
     21	   1041	      1	 1040.0	  12.53	  13.75
     21	   1042	      1	 1041.0	  12.74	  13.35
     21	   1043	      1	 1042.0	  12.89	  14.24
     21	   1044	      1	 1043.0	  13.10	  14.93
     21	   1045	      1	 1044.0	  13.33	  13.80
     21	   1046	      1	 1045.0	  13.45	  13.48
     21	   1047	      1	 1046.0	  13.47	  13.98
     21	   1048	      1	 1047.0	  13.59	  13.78
     21	   1049	      1	 1048.0	  13.66	  13.72
     21	   1050	      1	 1049.0	  13.69	  14.26
     21	   1051	      1	 1050.0	  13.82	  15.65
     21	   1052	      1	 1051.0	  14.03	  16.70
     21	   1053	      1	 1052.0	  14.27	  17.55
     21	   1054	      1	 1053.0	  14.53	  19.46
     21	   1055	      1	 1054.0	  14.80	  20.33
     21	   1056	      1	 1055.0	  15.08	  20.06
     21	   1057	      1	 1056.0	  15.34	  19.90
     21	   1058	      1	 1057.0	  15.59	  20.41
     21	   1059	      1	 1058.0	  15.84	  21.97
     21	   1060	      1	 1059.0	  16.10	  22.20
     21	   1061	      1	 1060.0	  16.36	  22.89
     21	   1062	      1	 1061.0	  16.61	  26.17
     21	   1063	      1	 1062.0	  16.88	  32.33
     21	   1064	      1	 1063.0	  17.17	  32.33
     21	   1065	      1	 1064.0	  17.46	  32.33
     21	   1066	      1	 1065.0	  17.75	  32.33
     21	   1067	      1	 1066.0	  18.03	  32.33
     21	   1068	      1	 1067.0	  18.31	  32.33
     21	   1069	      1	 1068.0	  18.59	  32.33
     21	   1070	      1	 1069.0	  18.86	  32.33
     21	   1071	      1	 1070.0	  19.12	  32.33
     21	   1072	      1	 1071.0	  19.38	  32.33
     21	   1073	      1	 1072.0	  19.62	  27.65
     21	   1074	      1	 1073.0	  19.83	  26.46
     21	   1075	      1	 1074.0	  20.03	  26.48
     21	   1076	      1	 1075.0	  20.22	  26.86
     21	   1077	      1	 1076.0	  20.41	  27.05
     21	   1078	      1	 1077.0	  20.60	  26.60
     21	   1079	      1	 1078.0	  20.78	  25.13
     21	   1080	      1	 1079.0	  20.94	  22.44
     21	   1024	      2	 1023.0	  11.64	  12.24
     21	   1023	      2	 1022.0	  12.12	  12.36
     21	   1022	      2	 1021.0	  12.12	  12.12
     21	   1021	      2	 1020.0	  12.19	  12.23
     21	   1020	      2	 1019.0	  12.35	  12.50
     21	   1019	      2	 1018.0	  12.60	  12.78
     21	   1018	      2	 1017.0	  12.86	  14.47
     21	   1017	      2	 1016.0	  13.48	  19.73
     21	   1016	      2	 1015.0	  14.33	  32.33
     21	   1015	      2	 1014.0	  15.25	  32.33
     21	   1014	      2	 1013.0	  16.13	  32.33
     21	   1013	      2	 1012.0	  16.96	  32.33
     21	   1012	      2	 1011.0	  17.76	  24.67
     21	   1011	      2	 1010.0	  17.62	  17.62
     22	   1028	      1	 1027.0	  11.64	  11.76
     22	   1029	      1	 1028.0	  11.71	  12.22
     22	   1030	      1	 1029.0	  11.87	  11.89
     22	   1026	      2	 1025.0	  11.64	  11.65
     23	     16	      1	   15.0	  11.67	  11.91
     23	     17	      1	   16.0	  11.77	  12.05
     23	     18	      1	   17.0	  11.88	  12.44
     23	     19	      1	   18.0	  12.04	  12.30
     23	     20	      1	   19.0	  12.15	  12.77
     23	     21	      1	   20.0	  12.31	  15.44
     23	     22	      1	   21.0	  12.61	  17.36
     23	     23	      1	   22.0	  12.94	  32.33
     23	     24	      1	   23.0	  13.32	  19.41
     23	     25	      1	   24.0	  13.64	  16.81
     23	     26	      1	   25.0	  13.91	  16.00
     23	     27	      1	   26.0	  14.13	  15.53
     23	     28	      1	   27.0	  14.32	  15.89
     23	     29	      1	   28.0	  14.51	  16.55
     23	     30	      1	   29.0	  14.71	  17.15
     23	     31	      1	   30.0	  14.93	  17.99
     23	     32	      1	   31.0	  15.16	  19.08
     23	     33	      1	   32.0	  15.41	  19.62
     23	     34	      1	   33.0	  15.65	  20.40
     23	     35	      1	   34.0	  15.90	  21.79
     23	     36	      1	   35.0	  16.15	  24.72
     23	     37	      1	   36.0	  16.43	  32.33
     23	     38	      1	   37.0	  16.72	  32.33
     23	     39	      1	   38.0	  17.02	  32.33
     23	     40	      1	   39.0	  17.31	  32.33
     23	     41	      1	   40.0	  17.60	  32.33
     23	     42	      1	   41.0	  17.89	  32.33
     23	     43	      1	   42.0	  18.17	  32.33
     23	     44	      1	   43.0	  18.44	  32.33
     23	     45	      1	   44.0	  18.71	  32.33
     23	     46	      1	   45.0	  18.98	  32.33
     23	     47	      1	   46.0	  19.25	  32.33
     23	     48	      1	   47.0	  19.51	  32.33
     23	     49	      1	   48.0	  19.76	  32.33
     23	     50	      1	   49.0	  20.02	  32.33
     23	     51	      1	   50.0	  20.27	  32.33
     23	     52	      1	   51.0	  20.52	  32.33
     23	     53	      1	   52.0	  20.76	  32.33
     23	     54	      1	   53.0	  21.00	  32.33
     23	     55	      1	   54.0	  21.24	  32.33
     23	     56	      1	   55.0	  21.48	  32.33
     23	     57	      1	   56.0	  21.71	  32.33
     23	     58	      1	   57.0	  21.95	  32.33
     23	     59	      1	   58.0	  22.17	  32.33
     23	     60	      1	   59.0	  22.40	  32.33
     23	     61	      1	   60.0	  22.63	  32.33
     23	     62	      1	   61.0	  22.85	  32.33
     23	     63	      1	   62.0	  23.07	  32.33
     23	     64	      1	   63.0	  23.29	  32.33
     23	     65	      1	   64.0	  23.50	  32.33
     23	     66	      1	   65.0	  23.72	  32.33
     23	     67	      1	   66.0	  23.93	  32.33
     23	     68	      1	   67.0	  24.14	  32.33
     23	     69	      1	   68.0	  24.35	  32.33
     23	     70	      1	   69.0	  24.55	  32.33
     23	     71	      1	   70.0	  24.76	  32.33
     23	     72	      1	   71.0	  24.96	  32.33
     23	     73	      1	   72.0	  25.16	  32.33
     23	     74	      1	   73.0	  25.36	  32.33
     23	     75	      1	   74.0	  25.56	  32.33
     23	     76	      1	   75.0	  25.75	  32.01
     23	     14	      2	   13.0	  11.67	  11.67
     23	     13	      2	   12.0	  11.74	  12.07
     23	     12	      2	   11.0	  12.11	  13.38
     23	     11	      2	   10.0	  12.73	  22.79
     23	     10	      2	    9.0	  13.68	  29.80
     23	      9	      2	    8.0	  14.61	  19.32
     23	      8	      2	    7.0	  15.35	  17.23
     23	      7	      2	    6.0	  15.89	  16.95
     23	      6	      2	    5.0	  16.31	  18.53
     23	      5	      2	    4.0	  16.84	  23.20
     23	      4	      2	    3.0	  17.52	  23.83
     23	      3	      2	    2.0	  18.18	  19.28
     23	      2	      2	    1.0	  18.54	  19.40
     23	      1	      2	    0.0	  18.87	  27.93
     24	   1032	      1	 1031.0	  11.87	  12.08
     24	   1030	      2	 1029.0	  11.87	  11.89
     25	   1034	      1	 1033.0	  11.94	  11.97
     25	   1035	      1	 1034.0	  11.97	  12.12
     25	   1036	      1	 1035.0	  12.04	  12.15
     25	   1032	      2	 1031.0	  11.94	  12.08
     26	   1038	      1	 1037.0	  11.95	  11.98
     26	   1039	      1	 1038.0	  11.98	  13.73
     26	   1040	      1	 1039.0	  12.24	  15.05
     26	   1041	      1	 1040.0	  12.53	  13.75
     26	   1042	      1	 1041.0	  12.74	  13.35
     26	   1043	      1	 1042.0	  12.89	  14.24
     26	   1044	      1	 1043.0	  13.10	  14.93
     26	   1045	      1	 1044.0	  13.33	  13.80
     26	   1046	      1	 1045.0	  13.45	  13.48
     26	   1047	      1	 1046.0	  13.47	  13.98
     26	   1048	      1	 1047.0	  13.59	  13.78
     26	   1049	      1	 1048.0	  13.66	  13.72
     26	   1050	      1	 1049.0	  13.69	  14.26
     26	   1051	      1	 1050.0	  13.82	  15.65
     26	   1052	      1	 1051.0	  14.03	  16.70
     26	   1053	      1	 1052.0	  14.27	  17.55
     26	   1054	      1	 1053.0	  14.53	  19.46
     26	   1055	      1	 1054.0	  14.80	  20.33
     26	   1056	      1	 1055.0	  15.08	  20.06
     26	   1057	      1	 1056.0	  15.34	  19.90
     26	   1058	      1	 1057.0	  15.59	  20.41
     26	   1059	      1	 1058.0	  15.84	  21.97
     26	   1060	      1	 1059.0	  16.10	  22.20
     26	   1061	      1	 1060.0	  16.36	  22.89
     26	   1062	      1	 1061.0	  16.61	  26.17
     26	   1063	      1	 1062.0	  16.88	  32.33
     26	   1064	      1	 1063.0	  17.17	  32.33
     26	   1065	      1	 1064.0	  17.46	  32.33
     26	   1066	      1	 1065.0	  17.75	  32.33
     26	   1067	      1	 1066.0	  18.03	  32.33
     26	   1068	      1	 1067.0	  18.31	  32.33
     26	   1069	      1	 1068.0	  18.59	  32.33
     26	   1070	      1	 1069.0	  18.86	  32.33
     26	   1071	      1	 1070.0	  19.12	  32.33
     26	   1072	      1	 1071.0	  19.38	  32.33
     26	   1073	      1	 1072.0	  19.62	  27.65
     26	   1074	      1	 1073.0	  19.83	  26.46
     26	   1075	      1	 1074.0	  20.03	  26.48
     26	   1076	      1	 1075.0	  20.22	  26.86
     26	   1077	      1	 1076.0	  20.41	  27.05
     26	   1078	      1	 1077.0	  20.60	  26.60
     26	   1079	      1	 1078.0	  20.78	  25.13
     26	   1080	      1	 1079.0	  20.94	  22.44
     26	   1036	      2	 1035.0	  11.95	  12.15
     27	   1023	      1	 1022.0	  12.12	  12.36
     27	   1021	      2	 1020.0	  12.12	  12.23
     28	   1234	      1	 1233.0	  12.13	  13.43
     28	   1232	      2	 1231.0	  12.13	  12.35
     29	    818	      1	  817.0	  12.25	  12.52
     29	    819	      1	  818.0	  12.35	  12.96
     29	    820	      1	  819.0	  12.51	  12.68
     29	    821	      1	  820.0	  12.58	  12.66
     29	    822	      1	  821.0	  12.57	  12.57
     29	    816	      2	  815.0	  12.25	  12.44
     29	    815	      2	  814.0	  12.53	  12.76
     29	    814	      2	  813.0	  12.82	  13.11
     29	    813	      2	  812.0	  13.14	  13.40
     29	    812	      2	  811.0	  13.43	  13.50
     29	    811	      2	  810.0	  13.53	  13.53
     29	    810	      2	  809.0	  13.61	  13.83
     29	    809	      2	  808.0	  13.87	  15.83
     29	    808	      2	  807.0	  14.48	  18.32
     29	    807	      2	  806.0	  15.19	  19.83
     29	    806	      2	  805.0	  15.90	  27.38
     29	    805	      2	  804.0	  16.69	  32.33
     29	    804	      2	  803.0	  17.51	  23.47
     29	    803	      2	  802.0	  18.16	  19.08
     29	    802	      2	  801.0	  18.50	  19.08
     29	    801	      2	  800.0	  18.79	  18.85
     30	    824	      1	  823.0	  12.26	  12.36
     30	    825	      1	  824.0	  12.32	  13.33
     30	    826	      1	  825.0	  12.52	  13.39
     30	    827	      1	  826.0	  12.43	  12.43
     30	    828	      1	  827.0	  12.43	  14.02
     30	    829	      1	  828.0	  12.67	  16.81
     30	    830	      1	  829.0	  12.98	  19.83
     30	    831	      1	  830.0	  13.32	  32.33
     30	    832	      1	  831.0	  13.70	  21.45
     30	    833	      1	  832.0	  14.02	  18.25
     30	    834	      1	  833.0	  14.30	  18.10
     30	    835	      1	  834.0	  14.56	  19.78
     30	    836	      1	  835.0	  14.84	  32.33
     30	    822	      2	  821.0	  12.26	  12.57
     30	    821	      2	  820.0	  12.60	  12.66
     31	     20	      1	   19.0	  12.30	  12.77
     31	     18	      2	   17.0	  12.30	  12.44
     32	    159	      1	  158.0	  12.36	  12.98
     32	    160	      1	  159.0	  12.52	  13.54
     32	    161	      1	  160.0	  12.71	  14.92
     32	    162	      1	  161.0	  12.97	  14.88
     32	    163	      1	  162.0	  13.21	  13.72
     32	    164	      1	  163.0	  13.28	  13.28
     32	    165	      1	  164.0	  13.26	  13.26
     32	    166	      1	  165.0	  13.26	  14.28
     32	    167	      1	  166.0	  13.44	  14.35
     32	    168	      1	  167.0	  13.61	  14.30
     32	    169	      1	  168.0	  13.75	  14.27
     32	    170	      1	  169.0	  13.87	  14.33
     32	    171	      1	  170.0	  13.98	  15.34
     32	    172	      1	  171.0	  14.16	  16.07
     32	    173	      1	  172.0	  14.37	  16.08
     32	    174	      1	  173.0	  14.57	  15.96
     32	    175	      1	  174.0	  14.74	  17.95
     32	    176	      1	  175.0	  14.98	  20.98
     32	    177	      1	  176.0	  15.26	  29.01
     32	    178	      1	  177.0	  15.57	  32.33
     32	    179	      1	  178.0	  15.89	  32.33
     32	    180	      1	  179.0	  16.20	  32.33
     32	    181	      1	  180.0	  16.50	  32.33
     32	    182	      1	  181.0	  16.79	  27.17
     32	    183	      1	  182.0	  17.05	  22.56
     32	    184	      1	  183.0	  17.28	  21.94
     32	    185	      1	  184.0	  17.50	  22.20
     32	    186	      1	  185.0	  17.71	  21.93
     32	    187	      1	  186.0	  17.91	  21.06
     32	    188	      1	  187.0	  18.09	  19.67
     32	    189	      1	  188.0	  18.22	  19.92
     32	    190	      1	  189.0	  18.35	  20.60
     32	    191	      1	  190.0	  18.50	  21.91
     32	    192	      1	  191.0	  18.68	  23.23
     32	    193	      1	  192.0	  18.87	  24.95
     32	    194	      1	  193.0	  19.07	  32.33
     32	    195	      1	  194.0	  19.32	  32.33
     32	    196	      1	  195.0	  19.57	  32.33
     32	    197	      1	  196.0	  19.83	  32.33
     32	    198	      1	  197.0	  20.08	  32.33
     32	    199	      1	  198.0	  20.32	  32.33
     32	    200	      1	  199.0	  20.56	  32.33
     32	    201	      1	  200.0	  20.80	  32.33
     32	    157	      2	  156.0	  12.36	  12.40
     32	    156	      2	  155.0	  12.51	  12.74
     32	    155	      2	  154.0	  12.81	  12.91
     32	    154	      2	  153.0	  13.01	  13.25
     33	    618	      1	  617.0	  12.42	  15.10
     33	    619	      1	  618.0	  12.70	  32.33
     33	    616	      2	  615.0	  12.42	  12.69
     33	    615	      2	  614.0	  12.74	  12.87
     33	    614	      2	  613.0	  12.96	  13.07
     33	    613	      2	  612.0	  13.17	  13.56
     33	    612	      2	  611.0	  13.52	  14.85
     33	    611	      2	  610.0	  14.06	  15.88
     33	    610	      2	  609.0	  14.65	  16.60
     33	    609	      2	  608.0	  15.22	  17.79
     33	    608	      2	  607.0	  15.82	  23.73
     33	    607	      2	  606.0	  16.58	  32.33
     33	    606	      2	  605.0	  17.38	  32.33
     33	    605	      2	  604.0	  18.18	  32.33
     33	    604	      2	  603.0	  18.95	  32.33
     33	    603	      2	  602.0	  19.66	  23.37
     34	    828	      1	  827.0	  12.43	  14.02
     34	    829	      1	  828.0	  12.67	  16.81
     34	    830	      1	  829.0	  12.98	  19.83
     34	    831	      1	  830.0	  13.32	  32.33
     34	    832	      1	  831.0	  13.70	  21.45
     34	    833	      1	  832.0	  14.02	  18.25
     34	    834	      1	  833.0	  14.30	  18.10
     34	    835	      1	  834.0	  14.56	  19.78
     34	    836	      1	  835.0	  14.84	  32.33
     34	    826	      2	  825.0	  12.43	  13.39
     35	    678	      1	  677.0	  12.51	  13.12
     35	    679	      1	  678.0	  12.66	  13.23
     35	    680	      1	  679.0	  12.80	  13.23
     35	    681	      1	  680.0	  12.92	  13.44
     35	    682	      1	  681.0	  13.06	  14.23
     35	    683	      1	  682.0	  13.25	  15.63
     35	    684	      1	  683.0	  13.50	  18.36
     35	    685	      1	  684.0	  13.80	  26.63
     35	    686	      1	  685.0	  14.15	  32.33
     35	    687	      1	  686.0	  14.50	  32.33
     35	    688	      1	  687.0	  14.83	  22.41
     35	    689	      1	  688.0	  15.13	  18.89
     35	    690	      1	  689.0	  15.37	  18.22
     35	    691	      1	  690.0	  15.59	  18.18
     35	    692	      1	  691.0	  15.79	  18.27
     35	    693	      1	  692.0	  15.99	  18.59
     35	    694	      1	  693.0	  16.19	  19.59
     35	    695	      1	  694.0	  16.40	  22.48
     35	    696	      1	  695.0	  16.65	  24.68
     35	    697	      1	  696.0	  16.91	  24.62
     35	    698	      1	  697.0	  17.16	  22.31
     35	    699	      1	  698.0	  17.38	  23.72
     35	    700	      1	  699.0	  17.61	  29.29
     35	    701	      1	  700.0	  17.87	  32.33
     35	    702	      1	  701.0	  18.15	  32.33
     35	    703	      1	  702.0	  18.43	  32.33
     35	    704	      1	  703.0	  18.70	  32.33
     35	    705	      1	  704.0	  18.97	  32.33
     35	    706	      1	  705.0	  19.23	  32.33
     35	    707	      1	  706.0	  19.48	  32.33
     35	    708	      1	  707.0	  19.74	  32.33
     35	    709	      1	  708.0	  19.99	  32.33
     35	    710	      1	  709.0	  20.24	  32.33
     35	    711	      1	  710.0	  20.48	  32.33
     35	    712	      1	  711.0	  20.73	  32.33
     35	    713	      1	  712.0	  20.97	  32.33
     35	    714	      1	  713.0	  21.21	  32.33
     35	    715	      1	  714.0	  21.44	  32.33
     35	    716	      1	  715.0	  21.67	  32.33
     35	    717	      1	  716.0	  21.89	  32.33
     35	    718	      1	  717.0	  22.11	  32.33
     35	    719	      1	  718.0	  22.33	  32.33
     35	    720	      1	  719.0	  22.55	  32.33
     35	    721	      1	  720.0	  22.78	  32.33
     35	    722	      1	  721.0	  23.00	  32.33
     35	    723	      1	  722.0	  23.21	  32.33
     35	    724	      1	  723.0	  23.43	  32.33
     35	    725	      1	  724.0	  23.64	  32.33
     35	    726	      1	  725.0	  23.86	  32.33
     35	    727	      1	  726.0	  24.07	  32.33
     35	    728	      1	  727.0	  24.28	  32.33
     35	    729	      1	  728.0	  24.49	  32.33
     35	    730	      1	  729.0	  24.69	  32.33
     35	    731	      1	  730.0	  24.89	  32.33
     35	    732	      1	  731.0	  25.10	  32.33
     35	    733	      1	  732.0	  25.30	  32.33
     35	    734	      1	  733.0	  25.49	  32.33
     35	    735	      1	  734.0	  25.69	  32.33
     35	    736	      1	  735.0	  25.88	  32.33
     35	    737	      1	  736.0	  26.08	  32.33
     35	    738	      1	  737.0	  26.27	  32.33
     35	    739	      1	  738.0	  26.45	  32.33
     35	    740	      1	  739.0	  26.62	  32.33
     35	    741	      1	  740.0	  26.79	  32.33
     35	    742	      1	  741.0	  26.96	  32.33
     35	    743	      1	  742.0	  27.14	  32.33
     35	    744	      1	  743.0	  27.30	  27.69
     35	    676	      2	  675.0	  12.51	  12.92
     35	    675	      2	  674.0	  12.88	  14.07
     35	    674	      2	  673.0	  13.44	  13.93
     35	    673	      2	  672.0	  13.81	  14.71
     35	    672	      2	  671.0	  14.27	  17.83
     35	    671	      2	  670.0	  14.98	  22.69
     35	    670	      2	  669.0	  15.77	  25.11
     35	    669	      2	  668.0	  16.55	  23.24
     35	    668	      2	  667.0	  17.25	  23.41
     35	    667	      2	  666.0	  17.92	  25.64
     35	    666	      2	  665.0	  18.59	  32.33
     35	    665	      2	  664.0	  19.30	  30.90
     35	    664	      2	  663.0	  19.97	  23.85
     36	    154	      1	  153.0	  12.75	  13.25
     36	    155	      1	  154.0	  12.89	  12.91
     36	    152	      2	  151.0	  12.75	  12.86
     36	    151	      2	  150.0	  12.96	  13.29
     36	    150	      2	  149.0	  13.29	  14.09
     36	    149	      2	  148.0	  13.75	  15.67
     36	    148	      2	  147.0	  14.36	  17.23
     36	    147	      2	  146.0	  15.02	  19.95
     36	    146	      2	  145.0	  15.75	  25.29
     36	    145	      2	  144.0	  16.53	  32.33
     36	    144	      2	  143.0	  17.33	  32.33
     36	    143	      2	  142.0	  18.13	  27.09
     36	    142	      2	  141.0	  18.81	  21.58
     36	    141	      2	  140.0	  19.30	  19.46
     37	    754	      1	  753.0	  12.86	  13.16
     37	    755	      1	  754.0	  12.96	  13.04
     37	    756	      1	  755.0	  12.86	  12.86
     37	    757	      1	  756.0	  12.86	  13.18
     37	    758	      1	  757.0	  12.97	  13.00
     37	    759	      1	  758.0	  12.86	  12.86
     37	    760	      1	  759.0	  12.86	  13.12
     37	    761	      1	  760.0	  12.95	  13.14
     37	    762	      1	  761.0	  13.03	  14.27
     37	    763	      1	  762.0	  13.23	  15.04
     37	    764	      1	  763.0	  13.45	  15.55
     37	    765	      1	  764.0	  13.69	  16.51
     37	    766	      1	  765.0	  13.94	  15.96
     37	    767	      1	  766.0	  14.16	  15.38
     37	    768	      1	  767.0	  14.33	  15.33
     37	    769	      1	  768.0	  14.49	  15.88
     37	    770	      1	  769.0	  14.67	  17.90
     37	    771	      1	  770.0	  14.91	  18.62
     37	    772	      1	  771.0	  15.15	  17.33
     37	    773	      1	  772.0	  15.35	  16.43
     37	    774	      1	  773.0	  15.50	  16.32
     37	    775	      1	  774.0	  15.62	  16.59
     37	    776	      1	  775.0	  15.75	  16.44
     37	    777	      1	  776.0	  15.58	  15.58
     37	    752	      2	  751.0	  12.86	  12.88
     37	    751	      2	  750.0	  12.98	  13.38
     37	    750	      2	  749.0	  13.34	  13.61
     37	    749	      2	  748.0	  13.63	  13.68
     37	    748	      2	  747.0	  13.78	  14.01
     37	    747	      2	  746.0	  14.04	  15.11
     37	    746	      2	  745.0	  14.52	  16.62
     37	    745	      2	  744.0	  15.11	  19.86
     37	    744	      2	  743.0	  15.83	  27.69
     37	    743	      2	  742.0	  16.63	  32.33
     37	    742	      2	  741.0	  17.44	  32.33
     37	    741	      2	  740.0	  18.23	  32.33
     37	    740	      2	  739.0	  18.99	  32.33
     37	    739	      2	  738.0	  19.72	  32.33
     37	    738	      2	  737.0	  20.43	  32.33
     37	    737	      2	  736.0	  21.13	  32.33
     37	    736	      2	  735.0	  21.83	  32.33
     37	    735	      2	  734.0	  22.52	  32.33
     37	    734	      2	  733.0	  23.19	  32.33
     37	    733	      2	  732.0	  23.84	  32.33
     37	    732	      2	  731.0	  24.48	  32.33
     38	    757	      1	  756.0	  12.86	  13.18
     38	    758	      1	  757.0	  12.97	  13.00
     38	    755	      2	  754.0	  12.86	  13.04
     39	    760	      1	  759.0	  12.86	  13.12
     39	    761	      1	  760.0	  12.95	  13.14
     39	    762	      1	  761.0	  13.03	  14.27
     39	    763	      1	  762.0	  13.23	  15.04
     39	    764	      1	  763.0	  13.45	  15.55
     39	    765	      1	  764.0	  13.69	  16.51
     39	    766	      1	  765.0	  13.94	  15.96
     39	    767	      1	  766.0	  14.16	  15.38
     39	    768	      1	  767.0	  14.33	  15.33
     39	    769	      1	  768.0	  14.49	  15.88
     39	    770	      1	  769.0	  14.67	  17.90
     39	    771	      1	  770.0	  14.91	  18.62
     39	    772	      1	  771.0	  15.15	  17.33
     39	    773	      1	  772.0	  15.35	  16.43
     39	    774	      1	  773.0	  15.50	  16.32
     39	    775	      1	  774.0	  15.62	  16.59
     39	    776	      1	  775.0	  15.75	  16.44
     39	    758	      2	  757.0	  12.86	  13.00
     40	    509	      1	  508.0	  13.03	  14.32
     40	    507	      2	  506.0	  13.03	  13.99
     41	   1118	      1	 1117.0	  13.16	  13.31
     41	   1119	      1	 1118.0	  13.22	  13.57
     41	   1120	      1	 1119.0	  13.32	  13.63
     41	   1121	      1	 1120.0	  13.42	  13.69
     41	   1122	      1	 1121.0	  13.51	  14.40
     41	   1123	      1	 1122.0	  13.67	  14.73
     41	   1124	      1	 1123.0	  13.84	  15.06
     41	   1125	      1	 1124.0	  14.02	  16.28
     41	   1126	      1	 1125.0	  14.25	  16.42
     41	   1127	      1	 1126.0	  14.46	  15.68
     41	   1128	      1	 1127.0	  14.63	  15.02
     41	   1129	      1	 1128.0	  14.72	  15.14
     41	   1130	      1	 1129.0	  14.82	  16.20
     41	   1131	      1	 1130.0	  14.99	  16.83
     41	   1132	      1	 1131.0	  15.18	  16.59
     41	   1133	      1	 1132.0	  15.22	  15.22
     41	   1134	      1	 1133.0	  15.22	  15.39
     41	   1135	      1	 1134.0	  15.27	  15.87
     41	   1136	      1	 1135.0	  15.38	  16.49
     41	   1137	      1	 1136.0	  15.53	  17.04
     41	   1138	      1	 1137.0	  15.69	  17.89
     41	   1139	      1	 1138.0	  15.88	  18.29
     41	   1140	      1	 1139.0	  16.07	  18.51
     41	   1141	      1	 1140.0	  16.26	  18.66
     41	   1142	      1	 1141.0	  16.45	  18.50
     41	   1143	      1	 1142.0	  16.62	  18.73
     41	   1144	      1	 1143.0	  16.79	  20.03
     41	   1145	      1	 1144.0	  16.99	  20.14
     41	   1146	      1	 1145.0	  17.18	  20.11
     41	   1147	      1	 1146.0	  17.37	  19.92
     41	   1148	      1	 1147.0	  17.54	  20.63
     41	   1149	      1	 1148.0	  17.72	  21.07
     41	   1150	      1	 1149.0	  17.91	  20.02
     41	   1151	      1	 1150.0	  18.06	  19.97
     41	   1152	      1	 1151.0	  18.20	  20.26
     41	   1153	      1	 1152.0	  18.35	  21.50
     41	   1154	      1	 1153.0	  18.52	  23.42
     41	   1155	      1	 1154.0	  18.72	  25.90
     41	   1156	      1	 1155.0	  18.94	  29.32
     41	   1157	      1	 1156.0	  19.17	  32.33
     41	   1158	      1	 1157.0	  19.40	  31.16
     41	   1159	      1	 1158.0	  19.63	  29.18
     41	   1160	      1	 1159.0	  19.85	  26.74
     41	   1161	      1	 1160.0	  20.05	  26.68
     41	   1162	      1	 1161.0	  20.24	  28.88
     41	   1163	      1	 1162.0	  20.45	  32.33
     41	   1164	      1	 1163.0	  20.67	  32.33
     41	   1165	      1	 1164.0	  20.89	  32.33
     41	   1166	      1	 1165.0	  21.12	  32.33
     41	   1167	      1	 1166.0	  21.35	  32.33
     41	   1168	      1	 1167.0	  21.57	  32.33
     41	   1169	      1	 1168.0	  21.79	  32.33
     41	   1170	      1	 1169.0	  22.01	  32.33
     41	   1171	      1	 1170.0	  22.22	  32.33
     41	   1172	      1	 1171.0	  22.42	  32.33
     41	   1173	      1	 1172.0	  22.63	  32.33
     41	   1174	      1	 1173.0	  22.84	  32.33
     41	   1175	      1	 1174.0	  23.06	  32.33
     41	   1176	      1	 1175.0	  23.28	  32.33
     41	   1177	      1	 1176.0	  23.49	  32.33
     41	   1178	      1	 1177.0	  23.71	  32.33
     41	   1179	      1	 1178.0	  23.92	  32.33
     41	   1180	      1	 1179.0	  24.13	  32.33
     41	   1181	      1	 1180.0	  24.34	  32.33
     41	   1182	      1	 1181.0	  24.54	  32.33
     41	   1183	      1	 1182.0	  24.75	  32.33
     41	   1184	      1	 1183.0	  24.95	  32.33
     41	   1185	      1	 1184.0	  25.15	  32.33
     41	   1186	      1	 1185.0	  25.35	  32.33
     41	   1187	      1	 1186.0	  25.55	  32.33
     41	   1188	      1	 1187.0	  25.75	  32.33
     41	   1189	      1	 1188.0	  25.94	  32.33
     41	   1190	      1	 1189.0	  26.14	  32.33
     41	   1191	      1	 1190.0	  26.33	  32.33
     41	   1192	      1	 1191.0	  26.52	  32.33
     41	   1193	      1	 1192.0	  26.71	  32.33
     41	   1194	      1	 1193.0	  26.90	  32.33
     41	   1195	      1	 1194.0	  27.09	  32.33
     41	   1196	      1	 1195.0	  27.28	  32.33
     41	   1197	      1	 1196.0	  27.46	  32.33
     41	   1198	      1	 1197.0	  27.64	  32.33
     41	   1199	      1	 1198.0	  27.83	  32.33
     41	   1200	      1	 1199.0	  28.01	  32.33
     41	   1116	      2	 1115.0	  13.16	  13.31
     41	   1115	      2	 1114.0	  13.39	  14.00
     41	   1114	      2	 1113.0	  13.80	  14.00
     42	   1114	      1	 1113.0	  13.18	  14.00
     42	   1115	      1	 1114.0	  13.34	  14.00
     42	   1112	      2	 1111.0	  13.18	  13.34
     42	   1111	      2	 1110.0	  13.42	  13.84
     42	   1110	      2	 1109.0	  13.77	  14.26
     42	   1109	      2	 1108.0	  14.13	  14.32
     43	    892	      1	  891.0	  13.20	  14.10
     43	    893	      1	  892.0	  13.37	  15.95
     43	    894	      1	  893.0	  13.63	  16.23
     43	    895	      1	  894.0	  13.87	  22.09
     43	    896	      1	  895.0	  14.20	  32.33
     43	    897	      1	  896.0	  14.54	  18.09
     43	    898	      1	  897.0	  14.79	  16.27
     43	    899	      1	  898.0	  14.97	  15.95
     43	    900	      1	  899.0	  15.11	  16.16
     43	    901	      1	  900.0	  15.25	  15.29
     43	    890	      2	  889.0	  13.20	  14.03
     43	    889	      2	  888.0	  13.67	  14.43
     43	    888	      2	  887.0	  14.11	  14.78
     43	    887	      2	  886.0	  14.51	  15.88
     43	    886	      2	  885.0	  15.02	  19.23
     43	    885	      2	  884.0	  15.72	  29.72
     43	    884	      2	  883.0	  16.53	  32.33
     43	    883	      2	  882.0	  17.33	  19.52
     43	    882	      2	  881.0	  17.08	  17.08
     44	    681	      1	  680.0	  13.23	  13.44
     44	    679	      2	  678.0	  13.23	  13.23
     45	    166	      1	  165.0	  13.26	  14.28
     45	    167	      1	  166.0	  13.44	  14.35
     45	    168	      1	  167.0	  13.60	  14.30
     45	    169	      1	  168.0	  13.75	  14.27
     45	    170	      1	  169.0	  13.87	  14.33
     45	    171	      1	  170.0	  13.98	  15.34
     45	    172	      1	  171.0	  14.16	  16.07
     45	    173	      1	  172.0	  14.37	  16.08
     45	    174	      1	  173.0	  14.57	  15.96
     45	    175	      1	  174.0	  14.74	  17.95
     45	    176	      1	  175.0	  14.98	  20.98
     45	    177	      1	  176.0	  15.26	  29.01
     45	    178	      1	  177.0	  15.57	  32.33
     45	    179	      1	  178.0	  15.89	  32.33
     45	    180	      1	  179.0	  16.20	  32.33
     45	    181	      1	  180.0	  16.50	  32.33
     45	    182	      1	  181.0	  16.79	  27.17
     45	    183	      1	  182.0	  17.05	  22.56
     45	    184	      1	  183.0	  17.28	  21.94
     45	    185	      1	  184.0	  17.50	  22.20
     45	    186	      1	  185.0	  17.71	  21.93
     45	    187	      1	  186.0	  17.91	  21.06
     45	    188	      1	  187.0	  18.09	  19.67
     45	    189	      1	  188.0	  18.22	  19.92
     45	    190	      1	  189.0	  18.35	  20.60
     45	    191	      1	  190.0	  18.50	  21.91
     45	    192	      1	  191.0	  18.68	  23.23
     45	    193	      1	  192.0	  18.87	  24.95
     45	    194	      1	  193.0	  19.07	  32.33
     45	    195	      1	  194.0	  19.32	  32.33
     45	    196	      1	  195.0	  19.57	  32.33
     45	    197	      1	  196.0	  19.83	  32.33
     45	    198	      1	  197.0	  20.08	  32.33
     45	    199	      1	  198.0	  20.32	  32.33
     45	    200	      1	  199.0	  20.56	  32.33
     45	    201	      1	  200.0	  20.80	  32.33
     45	    164	      2	  163.0	  13.26	  13.28
     46	   1043	      1	 1042.0	  13.35	  14.24
     46	   1041	      2	 1040.0	  13.35	  13.75
     47	   1047	      1	 1046.0	  13.48	  13.98
     47	   1045	      2	 1044.0	  13.48	  13.80
     48	    296	      1	  295.0	  13.50	  13.50
     48	    297	      1	  296.0	  13.50	  14.15
     48	    298	      1	  297.0	  13.64	  16.05
     48	    299	      1	  298.0	  13.88	  18.14
     48	    300	      1	  299.0	  14.17	  28.10
     48	    301	      1	  300.0	  14.50	  29.10
     48	    302	      1	  301.0	  14.83	  18.08
     48	    303	      1	  302.0	  15.07	  15.67
     48	    304	      1	  303.0	  15.18	  15.59
     48	    305	      1	  304.0	  15.27	  16.61
     48	    306	      1	  305.0	  15.43	  18.91
     48	    307	      1	  306.0	  15.66	  20.01
     48	    308	      1	  307.0	  15.90	  21.36
     48	    309	      1	  308.0	  16.15	  22.51
     48	    310	      1	  309.0	  16.40	  23.65
     48	    311	      1	  310.0	  16.66	  28.36
     48	    312	      1	  311.0	  16.94	  32.33
     48	    313	      1	  312.0	  17.23	  32.33
     48	    314	      1	  313.0	  17.52	  30.30
     48	    315	      1	  314.0	  17.78	  26.07
     48	    316	      1	  315.0	  18.02	  23.56
     48	    317	      1	  316.0	  18.23	  21.34
     48	    318	      1	  317.0	  18.41	  21.22
     48	    319	      1	  318.0	  18.57	  21.31
     48	    320	      1	  319.0	  18.73	  22.72
     48	    321	      1	  320.0	  18.91	  24.06
     48	    322	      1	  321.0	  19.11	  24.99
     48	    323	      1	  322.0	  19.31	  26.50
     48	    324	      1	  323.0	  19.52	  27.89
     48	    325	      1	  324.0	  19.73	  28.61
     48	    326	      1	  325.0	  19.94	  28.48
     48	    327	      1	  326.0	  20.15	  26.93
     48	    328	      1	  327.0	  20.34	  25.55
     48	    329	      1	  328.0	  20.52	  24.27
     48	    330	      1	  329.0	  20.67	  23.03
     48	    331	      1	  330.0	  20.80	  22.49
     48	    332	      1	  331.0	  20.90	  22.51
     48	    333	      1	  332.0	  21.01	  22.50
     48	    334	      1	  333.0	  21.10	  22.30
     48	    335	      1	  334.0	  21.19	  22.01
     48	    336	      1	  335.0	  21.26	  21.61
     48	    337	      1	  336.0	  21.29	  21.50
     48	    338	      1	  337.0	  21.32	  21.46
     48	    339	      1	  338.0	  21.34	  21.53
     48	    340	      1	  339.0	  21.36	  21.76
     48	    341	      1	  340.0	  21.41	  22.22
     48	    342	      1	  341.0	  21.47	  22.62
     48	    343	      1	  342.0	  21.55	  22.53
     48	    344	      1	  343.0	  21.62	  22.46
     48	    345	      1	  344.0	  21.69	  22.84
     48	    346	      1	  345.0	  21.77	  23.69
     48	    347	      1	  346.0	  21.87	  26.43
     48	    348	      1	  347.0	  22.02	  30.57
     48	    349	      1	  348.0	  22.21	  32.33
     48	    350	      1	  349.0	  22.41	  32.33
     48	    351	      1	  350.0	  22.62	  32.33
     48	    352	      1	  351.0	  22.83	  32.33
     48	    353	      1	  352.0	  23.04	  32.33
     48	    354	      1	  353.0	  23.25	  32.33
     48	    355	      1	  354.0	  23.46	  32.33
     48	    356	      1	  355.0	  23.66	  32.33
     48	    357	      1	  356.0	  23.85	  32.33
     48	    358	      1	  357.0	  24.06	  32.33
     48	    359	      1	  358.0	  24.26	  26.27
     48	    294	      2	  293.0	  13.50	  13.59
     48	    293	      2	  292.0	  13.68	  13.82
     48	    292	      2	  291.0	  13.90	  14.35
     48	    291	      2	  290.0	  14.24	  14.93
     48	    290	      2	  289.0	  14.64	  15.78
     48	    289	      2	  288.0	  15.11	  18.14
     49	   1050	      1	 1049.0	  13.72	  14.26
     49	   1048	      2	 1047.0	  13.72	  13.78
     50	    139	      1	  138.0	  13.75	  14.98
     50	    140	      1	  139.0	  13.93	  17.39
     50	    141	      1	  140.0	  14.19	  19.46
     50	    142	      1	  141.0	  14.48	  21.58
     50	    143	      1	  142.0	  14.78	  27.09
     50	    144	      1	  143.0	  15.10	  32.33
     50	    145	      1	  144.0	  15.43	  32.33
     50	    146	      1	  145.0	  15.75	  25.29
     50	    137	      2	  136.0	  13.75	  13.78
     50	    136	      2	  135.0	  13.87	  14.00
     50	    135	      2	  134.0	  14.08	  14.10
     50	    134	      2	  133.0	  14.19	  14.35
     51	   1105	      1	 1104.0	  13.76	  13.97
     51	   1106	      1	 1105.0	  13.83	  14.41
     51	   1107	      1	 1106.0	  13.96	  13.99
     51	   1108	      1	 1107.0	  13.86	  13.86
     51	   1109	      1	 1108.0	  13.86	  14.32
     51	   1110	      1	 1109.0	  13.97	  14.26
     51	   1103	      2	 1102.0	  13.76	  14.50
     51	   1102	      2	 1101.0	  14.19	  15.66
     51	   1101	      2	 1100.0	  14.72	  15.23
     52	    134	      1	  133.0	  13.77	  14.35
     52	    135	      1	  134.0	  13.89	  14.10
     52	    132	      2	  131.0	  13.77	  13.86
     52	    131	      2	  130.0	  13.95	  14.64
     52	    130	      2	  129.0	  14.36	  15.85
     52	    129	      2	  128.0	  14.89	  15.93
     52	    128	      2	  127.0	  15.13	  15.13
     53	    880	      1	  879.0	  13.79	  14.05
     53	    881	      1	  880.0	  13.87	  15.64
     53	    882	      1	  881.0	  14.08	  17.08
     53	    883	      1	  882.0	  14.33	  19.52
     53	    884	      1	  883.0	  14.61	  32.33
     53	    885	      1	  884.0	  14.94	  29.72
     53	    878	      2	  877.0	  13.79	  13.98
     53	    877	      2	  876.0	  14.03	  14.43
     53	    876	      2	  875.0	  14.35	  15.35
     53	    875	      2	  874.0	  14.81	  17.54
     53	    874	      2	  873.0	  15.44	  26.02
     53	    873	      2	  872.0	  16.25	  32.33
     54	   1109	      1	 1108.0	  13.86	  14.32
     54	   1107	      2	 1106.0	  13.86	  13.99
     55	    675	      1	  674.0	  13.93	  14.07
     55	    673	      2	  672.0	  13.93	  14.71
     56	    971	      1	  970.0	  14.06	  14.36
     56	    969	      2	  968.0	  14.06	  14.26
     57	    905	      1	  904.0	  14.20	  14.43
     57	    906	      1	  905.0	  14.27	  15.59
     57	    907	      1	  906.0	  14.45	  16.57
     57	    908	      1	  907.0	  14.66	  18.17
     57	    909	      1	  908.0	  14.91	  19.10
     57	    910	      1	  909.0	  15.16	  18.77
     57	    911	      1	  910.0	  15.40	  17.41
     57	    912	      1	  911.0	  15.59	  17.58
     57	    913	      1	  912.0	  15.78	  17.61
     57	    914	      1	  913.0	  15.95	  16.90
     57	    915	      1	  914.0	  16.08	  17.12
     57	    916	      1	  915.0	  16.21	  17.82
     57	    917	      1	  916.0	  16.36	  18.79
     57	    918	      1	  917.0	  16.55	  18.92
     57	    919	      1	  918.0	  16.73	  19.83
     57	    920	      1	  919.0	  16.93	  23.29
     57	    921	      1	  920.0	  17.17	  31.53
     57	    922	      1	  921.0	  17.44	  32.33
     57	    923	      1	  922.0	  17.71	  29.10
     57	    924	      1	  923.0	  17.96	  27.59
     57	    925	      1	  924.0	  18.21	  27.57
     57	    926	      1	  925.0	  18.45	  29.50
     57	    927	      1	  926.0	  18.69	  28.04
     57	    928	      1	  927.0	  18.92	  25.84
     57	    929	      1	  928.0	  19.13	  25.15
     57	    930	      1	  929.0	  19.33	  24.75
     57	    931	      1	  930.0	  19.52	  24.49
     57	    932	      1	  931.0	  19.71	  24.61
     57	    933	      1	  932.0	  19.89	  25.19
     57	    934	      1	  933.0	  20.07	  29.49
     57	    935	      1	  934.0	  20.28	  32.33
     57	    936	      1	  935.0	  20.51	  32.33
     57	    937	      1	  936.0	  20.73	  29.60
     57	    903	      2	  902.0	  14.20	  14.27
     57	    902	      2	  901.0	  14.36	  14.62
     57	    901	      2	  900.0	  14.63	  15.29
     57	    900	      2	  899.0	  15.01	  16.16
     58	    170	      1	  169.0	  14.27	  14.33
     58	    168	      2	  167.0	  14.27	  14.30
     59	    780	      1	  779.0	  14.35	  15.42
     59	    781	      1	  780.0	  14.51	  15.47
     59	    782	      1	  781.0	  14.66	  15.16
     59	    783	      1	  782.0	  14.76	  15.04
     59	    784	      1	  783.0	  14.83	  15.41
     59	    785	      1	  784.0	  14.94	  15.23
     59	    786	      1	  785.0	  14.97	  14.97
     59	    787	      1	  786.0	  14.97	  14.99
     59	    788	      1	  787.0	  14.98	  15.49
     59	    789	      1	  788.0	  15.08	  15.96
     59	    790	      1	  789.0	  15.22	  16.73
     59	    791	      1	  790.0	  15.39	  17.83
     59	    792	      1	  791.0	  15.59	  19.03
     59	    793	      1	  792.0	  15.82	  19.84
     59	    794	      1	  793.0	  16.05	  20.43
     59	    795	      1	  794.0	  16.28	  20.05
     59	    796	      1	  795.0	  16.50	  18.38
     59	    797	      1	  796.0	  16.66	  17.42
     59	    798	      1	  797.0	  16.77	  17.23
     59	    799	      1	  798.0	  16.84	  17.26
     59	    800	      1	  799.0	  16.92	  18.10
     59	    801	      1	  800.0	  17.04	  18.85
     59	    802	      1	  801.0	  17.20	  19.08
     59	    803	      1	  802.0	  17.35	  19.08
     59	    804	      1	  803.0	  17.50	  23.47
     59	    778	      2	  777.0	  14.35	  14.51
     59	    777	      2	  776.0	  14.56	  15.58
     59	    776	      2	  775.0	  15.02	  16.44
     59	    775	      2	  774.0	  15.51	  16.59
     60	    635	      1	  634.0	  14.35	  14.88
     60	    633	      2	  632.0	  14.35	  15.28
     61	   1101	      1	 1100.0	  14.42	  15.23
     61	   1102	      1	 1101.0	  14.56	  15.66
     61	   1099	      2	 1098.0	  14.42	  14.58
     61	   1098	      2	 1097.0	  14.64	  15.88
     61	   1097	      2	 1096.0	  15.12	  19.46
     61	   1096	      2	 1095.0	  15.82	  26.72
     61	   1095	      2	 1094.0	  16.62	  32.33
     61	   1094	      2	 1093.0	  17.42	  32.33
     61	   1093	      2	 1092.0	  18.21	  32.33
     61	   1092	      2	 1091.0	  18.98	  32.33
     61	   1091	      2	 1090.0	  19.72	  29.65
     61	   1090	      2	 1089.0	  20.36	  22.39
     61	   1089	      2	 1088.0	  20.33	  20.33
     62	     86	      1	   85.0	  14.44	  14.65
     62	     87	      1	   86.0	  14.51	  14.77
     62	     88	      1	   87.0	  14.57	  14.57
     62	     89	      1	   88.0	  14.57	  15.58
     62	     90	      1	   89.0	  14.72	  18.16
     62	     91	      1	   90.0	  14.96	  23.45
     62	     92	      1	   91.0	  15.26	  32.33
     62	     93	      1	   92.0	  15.58	  32.33
     62	     94	      1	   93.0	  15.89	  22.47
     62	     95	      1	   94.0	  16.16	  20.07
     62	     96	      1	   95.0	  16.38	  19.31
     62	     97	      1	   96.0	  16.58	  19.17
     62	     98	      1	   97.0	  16.77	  20.95
     62	     99	      1	   98.0	  16.98	  23.28
     62	    100	      1	   99.0	  17.22	  24.10
     62	    101	      1	  100.0	  17.46	  22.47
     62	    102	      1	  101.0	  17.68	  22.49
     62	    103	      1	  102.0	  17.89	  23.31
     62	    104	      1	  103.0	  18.10	  31.53
     62	    105	      1	  104.0	  18.36	  32.33
     62	    106	      1	  105.0	  18.62	  32.33
     62	    107	      1	  106.0	  18.89	  32.33
     62	    108	      1	  107.0	  19.14	  32.33
     62	    109	      1	  108.0	  19.40	  32.33
     62	    110	      1	  109.0	  19.66	  32.33
     62	    111	      1	  110.0	  19.91	  32.33
     62	    112	      1	  111.0	  20.16	  32.33
     62	    113	      1	  112.0	  20.41	  32.33
     62	    114	      1	  113.0	  20.66	  32.33
     62	    115	      1	  114.0	  20.89	  32.33
     62	    116	      1	  115.0	  21.14	  32.33
     62	    117	      1	  116.0	  21.37	  32.33
     62	    118	      1	  117.0	  21.61	  32.33
     62	    119	      1	  118.0	  21.84	  32.33
     62	    120	      1	  119.0	  22.07	  32.33
     62	    121	      1	  120.0	  22.28	  32.33
     62	    122	      1	  121.0	  22.49	  32.33
     62	    123	      1	  122.0	  22.68	  27.62
     62	     84	      2	   83.0	  14.44	  14.55
     62	     83	      2	   82.0	  14.63	  15.18
     62	     82	      2	   81.0	  14.98	  15.20
     63	     89	      1	   88.0	  14.57	  15.58
     63	     90	      1	   89.0	  14.72	  18.16
     63	     91	      1	   90.0	  14.96	  23.45
     63	     92	      1	   91.0	  15.26	  32.33
     63	     93	      1	   92.0	  15.58	  32.33
     63	     94	      1	   93.0	  15.89	  22.47
     63	     95	      1	   94.0	  16.16	  20.07
     63	     96	      1	   95.0	  16.38	  19.31
     63	     97	      1	   96.0	  16.58	  19.17
     63	     98	      1	   97.0	  16.77	  20.95
     63	     99	      1	   98.0	  16.98	  23.28
     63	    100	      1	   99.0	  17.22	  24.10
     63	    101	      1	  100.0	  17.46	  22.47
     63	    102	      1	  101.0	  17.68	  22.49
     63	    103	      1	  102.0	  17.89	  23.31
     63	    104	      1	  103.0	  18.10	  31.53
     63	    105	      1	  104.0	  18.36	  32.33
     63	    106	      1	  105.0	  18.62	  32.33
     63	    107	      1	  106.0	  18.89	  32.33
     63	    108	      1	  107.0	  19.14	  32.33
     63	    109	      1	  108.0	  19.40	  32.33
     63	    110	      1	  109.0	  19.66	  32.33
     63	    111	      1	  110.0	  19.91	  32.33
     63	    112	      1	  111.0	  20.16	  32.33
     63	    113	      1	  112.0	  20.41	  32.33
     63	    114	      1	  113.0	  20.66	  32.33
     63	    115	      1	  114.0	  20.89	  32.33
     63	    116	      1	  115.0	  21.14	  32.33
     63	    117	      1	  116.0	  21.37	  32.33
     63	    118	      1	  117.0	  21.61	  32.33
     63	    119	      1	  118.0	  21.84	  32.33
     63	    120	      1	  119.0	  22.07	  32.33
     63	    121	      1	  120.0	  22.28	  32.33
     63	    122	      1	  121.0	  22.49	  32.33
     63	    123	      1	  122.0	  22.68	  27.62
     63	     87	      2	   86.0	  14.57	  14.77
     64	    127	      1	  126.0	  14.65	  14.70
     64	    128	      1	  127.0	  14.67	  15.13
     64	    129	      1	  128.0	  14.77	  15.93
     64	    125	      2	  124.0	  14.65	  15.25
     64	    124	      2	  123.0	  15.01	  19.02
     64	    123	      2	  122.0	  15.71	  27.62
     64	    122	      2	  121.0	  16.51	  32.33
     64	    121	      2	  120.0	  17.31	  32.33
     64	    120	      2	  119.0	  18.09	  32.33
     64	    119	      2	  118.0	  18.85	  32.33
     64	    118	      2	  117.0	  19.60	  32.33
     64	    117	      2	  116.0	  20.33	  32.33
     64	    116	      2	  115.0	  21.05	  32.33
     65	     82	      1	   81.0	  14.70	  15.20
     65	     83	      1	   82.0	  14.80	  15.18
     65	     80	      2	   79.0	  14.70	  14.93
     65	     79	      2	   78.0	  14.95	  15.70
     65	     78	      2	   77.0	  15.34	  17.31
     65	     77	      2	   76.0	  15.88	  20.81
     65	     76	      2	   75.0	  16.57	  32.01
     65	     75	      2	   74.0	  17.36	  32.33
     65	     74	      2	   73.0	  18.15	  32.33
     65	     73	      2	   72.0	  18.92	  32.33
     65	     72	      2	   71.0	  19.68	  32.33
     65	     71	      2	   70.0	  20.41	  32.33
     65	     70	      2	   69.0	  21.12	  32.33
     65	     69	      2	   68.0	  21.82	  32.33
     65	     68	      2	   67.0	  22.50	  32.33
     65	     67	      2	   66.0	  23.17	  32.33
     66	    787	      1	  786.0	  14.97	  14.99
     66	    788	      1	  787.0	  14.98	  15.49
     66	    789	      1	  788.0	  15.08	  15.96
     66	    790	      1	  789.0	  15.22	  16.73
     66	    791	      1	  790.0	  15.39	  17.83
     66	    792	      1	  791.0	  15.59	  19.03
     66	    793	      1	  792.0	  15.81	  19.84
     66	    794	      1	  793.0	  16.05	  20.43
     66	    795	      1	  794.0	  16.28	  20.05
     66	    796	      1	  795.0	  16.50	  18.38
     66	    797	      1	  796.0	  16.66	  17.42
     66	    798	      1	  797.0	  16.77	  17.23
     66	    799	      1	  798.0	  16.84	  17.26
     66	    800	      1	  799.0	  16.92	  18.10
     66	    801	      1	  800.0	  17.04	  18.85
     66	    802	      1	  801.0	  17.20	  19.08
     66	    803	      1	  802.0	  17.35	  19.08
     66	    804	      1	  803.0	  17.50	  23.47
     66	    785	      2	  784.0	  14.97	  15.23
     67	    365	      1	  364.0	  14.99	  15.03
     67	    366	      1	  365.0	  15.01	  15.45
     67	    367	      1	  366.0	  15.10	  15.36
     67	    368	      1	  367.0	  15.08	  15.08
     67	    369	      1	  368.0	  15.02	  15.02
     67	    370	      1	  369.0	  15.03	  15.19
     67	    371	      1	  370.0	  15.08	  15.52
     67	    372	      1	  371.0	  15.17	  16.98
     67	    373	      1	  372.0	  15.35	  19.43
     67	    374	      1	  373.0	  15.60	  23.69
     67	    375	      1	  374.0	  15.88	  32.33
     67	    376	      1	  375.0	  16.18	  32.33
     67	    377	      1	  376.0	  16.49	  32.33
     67	    378	      1	  377.0	  16.78	  26.96
     67	    379	      1	  378.0	  17.05	  23.33
     67	    380	      1	  379.0	  17.29	  21.99
     67	    381	      1	  380.0	  17.51	  21.26
     67	    382	      1	  381.0	  17.70	  20.73
     67	    383	      1	  382.0	  17.88	  19.75
     67	    384	      1	  383.0	  18.02	  19.85
     67	    385	      1	  384.0	  18.16	  22.37
     67	    386	      1	  385.0	  18.36	  25.04
     67	    387	      1	  386.0	  18.58	  27.05
     67	    388	      1	  387.0	  18.81	  27.59
     67	    389	      1	  388.0	  19.03	  29.86
     67	    390	      1	  389.0	  19.26	  32.33
     67	    391	      1	  390.0	  19.51	  32.33
     67	    392	      1	  391.0	  19.76	  32.33
     67	    393	      1	  392.0	  20.01	  32.33
     67	    394	      1	  393.0	  20.26	  32.33
     67	    395	      1	  394.0	  20.51	  32.33
     67	    396	      1	  395.0	  20.76	  32.33
     67	    397	      1	  396.0	  21.00	  32.33
     67	    398	      1	  397.0	  21.24	  32.33
     67	    399	      1	  398.0	  21.47	  32.33
     67	    400	      1	  399.0	  21.71	  32.33
     67	    401	      1	  400.0	  21.94	  32.33
     67	    402	      1	  401.0	  22.17	  32.33
     67	    403	      1	  402.0	  22.40	  32.33
     67	    404	      1	  403.0	  22.62	  32.33
     67	    405	      1	  404.0	  22.84	  32.33
     67	    406	      1	  405.0	  23.06	  32.33
     67	    407	      1	  406.0	  23.28	  32.33
     67	    408	      1	  407.0	  23.49	  32.33
     67	    409	      1	  408.0	  23.70	  32.33
     67	    410	      1	  409.0	  23.91	  32.33
     67	    411	      1	  410.0	  24.12	  32.33
     67	    412	      1	  411.0	  24.32	  32.33
     67	    413	      1	  412.0	  24.52	  32.33
     67	    414	      1	  413.0	  24.72	  32.33
     67	    415	      1	  414.0	  24.92	  32.33
     67	    416	      1	  415.0	  25.11	  32.33
     67	    417	      1	  416.0	  25.30	  32.33
     67	    418	      1	  417.0	  25.48	  32.33
     67	    419	      1	  418.0	  25.66	  32.33
     67	    420	      1	  419.0	  25.83	  32.33
     67	    421	      1	  420.0	  25.99	  32.33
     67	    422	      1	  421.0	  26.14	  32.33
     67	    423	      1	  422.0	  26.28	  31.25
     67	    424	      1	  423.0	  26.39	  28.60
     67	    363	      2	  362.0	  14.99	  15.25
     67	    362	      2	  361.0	  15.24	  15.82
     67	    361	      2	  360.0	  15.59	  16.30
     67	    360	      2	  359.0	  15.95	  18.29
     67	    359	      2	  358.0	  16.50	  26.27
     67	    358	      2	  357.0	  17.26	  32.33
     67	    357	      2	  356.0	  18.06	  32.33
     67	    356	      2	  355.0	  18.83	  32.33
     67	    355	      2	  354.0	  19.56	  32.33
     67	    354	      2	  353.0	  20.27	  32.33
     67	    353	      2	  352.0	  20.98	  32.33
     67	    352	      2	  351.0	  21.66	  32.33
     67	    351	      2	  350.0	  22.33	  32.33
     68	   1129	      1	 1128.0	  15.02	  15.14
     68	   1127	      2	 1126.0	  15.02	  15.68
     69	    370	      1	  369.0	  15.02	  15.19
     69	    371	      1	  370.0	  15.08	  15.52
     69	    372	      1	  371.0	  15.17	  16.98
     69	    373	      1	  372.0	  15.35	  19.43
     69	    374	      1	  373.0	  15.60	  23.69
     69	    375	      1	  374.0	  15.88	  32.33
     69	    376	      1	  375.0	  16.18	  32.33
     69	    377	      1	  376.0	  16.49	  32.33
     69	    378	      1	  377.0	  16.78	  26.96
     69	    379	      1	  378.0	  17.05	  23.33
     69	    380	      1	  379.0	  17.29	  21.99
     69	    381	      1	  380.0	  17.50	  21.26
     69	    382	      1	  381.0	  17.70	  20.73
     69	    383	      1	  382.0	  17.88	  19.75
     69	    384	      1	  383.0	  18.02	  19.85
     69	    385	      1	  384.0	  18.16	  22.37
     69	    386	      1	  385.0	  18.36	  25.04
     69	    387	      1	  386.0	  18.58	  27.05
     69	    388	      1	  387.0	  18.81	  27.59
     69	    389	      1	  388.0	  19.03	  29.86
     69	    390	      1	  389.0	  19.26	  32.33
     69	    391	      1	  390.0	  19.51	  32.33
     69	    392	      1	  391.0	  19.76	  32.33
     69	    393	      1	  392.0	  20.01	  32.33
     69	    394	      1	  393.0	  20.26	  32.33
     69	    395	      1	  394.0	  20.51	  32.33
     69	    396	      1	  395.0	  20.76	  32.33
     69	    397	      1	  396.0	  21.00	  32.33
     69	    398	      1	  397.0	  21.24	  32.33
     69	    399	      1	  398.0	  21.47	  32.33
     69	    400	      1	  399.0	  21.71	  32.33
     69	    401	      1	  400.0	  21.94	  32.33
     69	    402	      1	  401.0	  22.17	  32.33
     69	    403	      1	  402.0	  22.40	  32.33
     69	    404	      1	  403.0	  22.62	  32.33
     69	    405	      1	  404.0	  22.84	  32.33
     69	    406	      1	  405.0	  23.06	  32.33
     69	    407	      1	  406.0	  23.28	  32.33
     69	    408	      1	  407.0	  23.49	  32.33
     69	    409	      1	  408.0	  23.70	  32.33
     69	    410	      1	  409.0	  23.91	  32.33
     69	    411	      1	  410.0	  24.12	  32.33
     69	    412	      1	  411.0	  24.32	  32.33
     69	    413	      1	  412.0	  24.52	  32.33
     69	    414	      1	  413.0	  24.72	  32.33
     69	    415	      1	  414.0	  24.92	  32.33
     69	    416	      1	  415.0	  25.11	  32.33
     69	    417	      1	  416.0	  25.30	  32.33
     69	    418	      1	  417.0	  25.48	  32.33
     69	    419	      1	  418.0	  25.66	  32.33
     69	    420	      1	  419.0	  25.83	  32.33
     69	    421	      1	  420.0	  25.99	  32.33
     69	    422	      1	  421.0	  26.14	  32.33
     69	    423	      1	  422.0	  26.28	  31.25
     69	    424	      1	  423.0	  26.39	  28.60
     69	    368	      2	  367.0	  15.02	  15.08
     70	    784	      1	  783.0	  15.04	  15.41
     70	    782	      2	  781.0	  15.04	  15.16
     71	   1134	      1	 1133.0	  15.22	  15.39
     71	   1135	      1	 1134.0	  15.27	  15.87
     71	   1136	      1	 1135.0	  15.38	  16.49
     71	   1137	      1	 1136.0	  15.52	  17.04
     71	   1138	      1	 1137.0	  15.69	  17.89
     71	   1139	      1	 1138.0	  15.88	  18.29
     71	   1140	      1	 1139.0	  16.07	  18.51
     71	   1141	      1	 1140.0	  16.26	  18.66
     71	   1142	      1	 1141.0	  16.45	  18.50
     71	   1143	      1	 1142.0	  16.62	  18.73
     71	   1144	      1	 1143.0	  16.79	  20.03
     71	   1145	      1	 1144.0	  16.99	  20.14
     71	   1146	      1	 1145.0	  17.18	  20.11
     71	   1147	      1	 1146.0	  17.37	  19.92
     71	   1148	      1	 1147.0	  17.54	  20.63
     71	   1149	      1	 1148.0	  17.72	  21.07
     71	   1150	      1	 1149.0	  17.91	  20.02
     71	   1151	      1	 1150.0	  18.06	  19.97
     71	   1152	      1	 1151.0	  18.20	  20.26
     71	   1153	      1	 1152.0	  18.35	  21.50
     71	   1154	      1	 1153.0	  18.52	  23.42
     71	   1155	      1	 1154.0	  18.72	  25.90
     71	   1156	      1	 1155.0	  18.94	  29.32
     71	   1157	      1	 1156.0	  19.17	  32.33
     71	   1158	      1	 1157.0	  19.40	  31.16
     71	   1159	      1	 1158.0	  19.63	  29.18
     71	   1160	      1	 1159.0	  19.85	  26.74
     71	   1161	      1	 1160.0	  20.05	  26.68
     71	   1162	      1	 1161.0	  20.24	  28.88
     71	   1163	      1	 1162.0	  20.45	  32.33
     71	   1164	      1	 1163.0	  20.67	  32.33
     71	   1165	      1	 1164.0	  20.89	  32.33
     71	   1166	      1	 1165.0	  21.12	  32.33
     71	   1167	      1	 1166.0	  21.35	  32.33
     71	   1168	      1	 1167.0	  21.57	  32.33
     71	   1169	      1	 1168.0	  21.79	  32.33
     71	   1170	      1	 1169.0	  22.01	  32.33
     71	   1171	      1	 1170.0	  22.22	  32.33
     71	   1172	      1	 1171.0	  22.42	  32.33
     71	   1173	      1	 1172.0	  22.63	  32.33
     71	   1174	      1	 1173.0	  22.84	  32.33
     71	   1175	      1	 1174.0	  23.06	  32.33
     71	   1176	      1	 1175.0	  23.28	  32.33
     71	   1177	      1	 1176.0	  23.49	  32.33
     71	   1178	      1	 1177.0	  23.71	  32.33
     71	   1179	      1	 1178.0	  23.92	  32.33
     71	   1180	      1	 1179.0	  24.13	  32.33
     71	   1181	      1	 1180.0	  24.34	  32.33
     71	   1182	      1	 1181.0	  24.54	  32.33
     71	   1183	      1	 1182.0	  24.75	  32.33
     71	   1184	      1	 1183.0	  24.95	  32.33
     71	   1185	      1	 1184.0	  25.15	  32.33
     71	   1186	      1	 1185.0	  25.35	  32.33
     71	   1187	      1	 1186.0	  25.55	  32.33
     71	   1188	      1	 1187.0	  25.75	  32.33
     71	   1189	      1	 1188.0	  25.94	  32.33
     71	   1190	      1	 1189.0	  26.14	  32.33
     71	   1191	      1	 1190.0	  26.33	  32.33
     71	   1192	      1	 1191.0	  26.52	  32.33
     71	   1193	      1	 1192.0	  26.71	  32.33
     71	   1194	      1	 1193.0	  26.90	  32.33
     71	   1195	      1	 1194.0	  27.09	  32.33
     71	   1196	      1	 1195.0	  27.28	  32.33
     71	   1197	      1	 1196.0	  27.46	  32.33
     71	   1198	      1	 1197.0	  27.64	  32.33
     71	   1199	      1	 1198.0	  27.83	  32.33
     71	   1200	      1	 1199.0	  28.01	  32.33
     71	   1132	      2	 1131.0	  15.22	  16.59
     72	    769	      1	  768.0	  15.33	  15.88
     72	    767	      2	  766.0	  15.33	  15.38
     73	     28	      1	   27.0	  15.53	  15.89
     73	     26	      2	   25.0	  15.53	  16.00
     74	    305	      1	  304.0	  15.59	  16.61
     74	    303	      2	  302.0	  15.59	  15.67
     75	    649	      1	  648.0	  15.75	  15.88
     75	    650	      1	  649.0	  15.79	  18.19
     75	    651	      1	  650.0	  15.98	  18.71
     75	    652	      1	  651.0	  16.18	  17.17
     75	    647	      2	  646.0	  15.75	  17.31
     76	    655	      1	  654.0	  15.85	  15.89
     76	    656	      1	  655.0	  15.87	  16.69
     76	    657	      1	  656.0	  15.99	  16.96
     76	    658	      1	  657.0	  16.12	  17.51
     76	    659	      1	  658.0	  16.26	  19.02
     76	    660	      1	  659.0	  16.46	  19.73
     76	    661	      1	  660.0	  16.67	  18.41
     76	    662	      1	  661.0	  16.82	  17.29
     76	    663	      1	  662.0	  16.90	  18.61
     76	    664	      1	  663.0	  17.05	  23.85
     76	    665	      1	  664.0	  17.29	  30.90
     76	    666	      1	  665.0	  17.56	  32.33
     76	    667	      1	  666.0	  17.83	  25.64
     76	    653	      2	  652.0	  15.85	  16.09
     76	    652	      2	  651.0	  16.09	  17.17
     77	    900	      1	  899.0	  15.95	  16.16
     77	    898	      2	  897.0	  15.95	  16.27
     78	    175	      1	  174.0	  15.96	  17.95
     78	    173	      2	  172.0	  15.96	  16.08
     79	   1085	      1	 1084.0	  16.27	  18.36
     79	   1086	      1	 1085.0	  16.44	  21.07
     79	   1087	      1	 1086.0	  16.67	  21.87
     79	   1088	      1	 1087.0	  16.90	  20.27
     79	   1089	      1	 1088.0	  17.10	  20.33
     79	   1090	      1	 1089.0	  17.30	  22.39
     79	   1091	      1	 1090.0	  17.52	  29.65
     79	   1092	      1	 1091.0	  17.78	  32.33
     79	   1093	      1	 1092.0	  18.06	  32.33
     79	   1083	      2	 1082.0	  16.27	  16.41
     79	   1082	      2	 1081.0	  16.45	  17.11
     79	   1081	      2	 1080.0	  16.79	  19.09
     79	   1080	      2	 1079.0	  17.31	  22.44
     79	   1079	      2	 1078.0	  17.94	  25.13
     79	   1078	      2	 1077.0	  18.60	  26.60
     79	   1077	      2	 1076.0	  19.25	  27.05
     79	   1076	      2	 1075.0	  19.88	  26.86
     80	    775	      1	  774.0	  16.32	  16.59
     80	    773	      2	  772.0	  16.32	  16.43
     81	   1240	      1	 1239.0	  16.45	  16.55
     81	   1238	      2	 1237.0	  16.45	  22.09
     82	    226	      1	  225.0	  16.46	  17.62
     82	    224	      2	  223.0	  16.46	  16.61
     83	    859	      1	  858.0	  16.63	  16.76
     83	    857	      2	  856.0	  16.63	  17.05
     84	   1006	      1	 1005.0	  16.65	  16.83
     84	   1007	      1	 1006.0	  16.70	  17.73
     84	   1008	      1	 1007.0	  16.82	  19.86
     84	   1009	      1	 1008.0	  17.01	  18.09
     84	   1010	      1	 1009.0	  17.13	  17.33
     84	   1011	      1	 1010.0	  17.18	  17.62
     84	   1012	      1	 1011.0	  17.25	  24.67
     84	   1004	      2	 1003.0	  16.65	  18.52
     84	   1003	      2	 1002.0	  17.14	  18.91
     84	   1002	      2	 1001.0	  17.61	  19.03
     84	   1001	      2	 1000.0	  18.02	  19.76
     84	   1000	      2	  999.0	  18.46	  22.33
     84	    999	      2	  998.0	  19.01	  28.10
     85	    915	      1	  914.0	  16.90	  17.12
     85	    913	      2	  912.0	  16.90	  17.61
     86	      8	      1	    7.0	  16.95	  17.23
     86	      6	      2	    5.0	  16.95	  18.53
     87	    865	      1	  864.0	  17.20	  17.93
     87	    863	      2	  862.0	  17.20	  17.61
     88	    799	      1	  798.0	  17.23	  17.26
     88	    797	      2	  796.0	  17.23	  17.42
     89	    601	      1	  600.0	  17.27	  17.40
     89	    602	      1	  601.0	  17.30	  18.80
     89	    603	      1	  602.0	  17.44	  23.37
     89	    604	      1	  603.0	  17.67	  32.33
     89	    605	      1	  604.0	  17.94	  32.33
     89	    599	      2	  598.0	  17.27	  17.36
     89	    598	      2	  597.0	  17.41	  17.41
     89	    597	      2	  596.0	  17.51	  17.73
     89	    596	      2	  595.0	  17.72	  18.74
     89	    595	      2	  594.0	  18.08	  20.31
     89	    594	      2	  593.0	  18.56	  24.86
     89	    593	      2	  592.0	  19.18	  32.33
     89	    592	      2	  591.0	  19.91	  32.33
     89	    591	      2	  590.0	  20.58	  21.76
     90	    663	      1	  662.0	  17.29	  18.61
     90	    661	      2	  660.0	  17.29	  18.41
     91	   1011	      1	 1010.0	  17.33	  17.62
     91	   1009	      2	 1008.0	  17.33	  18.09
     92	    912	      1	  911.0	  17.41	  17.58
     92	    910	      2	  909.0	  17.41	  18.77
     93	    284	      1	  283.0	  17.47	  17.56
     93	    282	      2	  281.0	  17.47	  18.83
     94	    835	      1	  834.0	  18.10	  19.78
     94	    833	      2	  832.0	  18.10	  18.25
     95	    692	      1	  691.0	  18.18	  18.27
     95	    690	      2	  689.0	  18.18	  18.22
     96	    589	      1	  588.0	  18.32	  18.66
     96	    590	      1	  589.0	  18.37	  19.31
     96	    591	      1	  590.0	  18.47	  21.76
     96	    592	      1	  591.0	  18.64	  32.33
     96	    593	      1	  592.0	  18.89	  32.33
     96	    587	      2	  586.0	  18.32	  18.35
     96	    586	      2	  585.0	  18.44	  19.27
     96	    585	      2	  584.0	  18.77	  20.50
     96	    584	      2	  583.0	  19.19	  22.43
     96	    583	      2	  582.0	  19.69	  25.71
     96	    582	      2	  581.0	  20.27	  31.90
     96	    581	      2	  580.0	  20.92	  32.33
     96	    580	      2	  579.0	  21.59	  32.33
     96	    579	      2	  578.0	  22.28	  32.33
     96	    578	      2	  577.0	  22.95	  32.33
     96	    577	      2	  576.0	  23.60	  32.33
     96	    576	      2	  575.0	  24.17	  28.30
     96	    575	      2	  574.0	  24.60	  25.20
     97	   1143	      1	 1142.0	  18.50	  18.73
     97	   1141	      2	 1140.0	  18.50	  18.66
     98	    282	      1	  281.0	  18.60	  18.83
     98	    280	      2	  279.0	  18.60	  20.34
     99	   1245	      1	 1244.0	  19.02	  21.98
     99	   1243	      2	 1242.0	  19.02	  19.11
    100	    804	      1	  803.0	  19.08	  23.47
    100	    802	      2	  801.0	  19.08	  19.08
    101	     98	      1	   97.0	  19.17	  20.95
    101	     96	      2	   95.0	  19.17	  19.31
    102	      4	      1	    3.0	  19.28	  23.83
    102	      2	      2	    1.0	  19.28	  19.40
    103	    469	      1	  468.0	  19.60	  20.20
    103	    470	      1	  469.0	  19.67	  20.41
    103	    471	      1	  470.0	  19.74	  20.59
    103	    472	      1	  471.0	  19.82	  20.98
    103	    473	      1	  472.0	  19.92	  22.60
    103	    474	      1	  473.0	  20.06	  28.86
    103	    475	      1	  474.0	  20.27	  32.33
    103	    476	      1	  475.0	  20.51	  32.33
    103	    477	      1	  476.0	  20.75	  32.33
    103	    478	      1	  477.0	  21.00	  32.33
    103	    467	      2	  466.0	  19.60	  19.65
    103	    466	      2	  465.0	  19.74	  20.12
    103	    465	      2	  464.0	  19.97	  20.48
    103	    464	      2	  463.0	  20.22	  21.18
    103	    463	      2	  462.0	  20.54	  23.27
    103	    462	      2	  461.0	  20.98	  27.28
    103	    461	      2	  460.0	  21.54	  32.33
    103	    460	      2	  459.0	  22.16	  32.33
    103	    459	      2	  458.0	  22.79	  32.33
    103	    458	      2	  457.0	  23.41	  32.33
    103	    457	      2	  456.0	  24.04	  32.33
    103	    456	      2	  455.0	  24.65	  32.33
    103	    455	      2	  454.0	  25.26	  32.33
    103	    454	      2	  453.0	  25.88	  32.33
    103	    453	      2	  452.0	  26.49	  32.33
    103	    452	      2	  451.0	  27.10	  32.33
    103	    451	      2	  450.0	  27.65	  32.33
    103	    450	      2	  449.0	  28.05	  28.71
    103	    449	      2	  448.0	  28.28	  28.80
    103	    448	      2	  447.0	  28.50	  28.99
    103	    447	      2	  446.0	  28.72	  29.39
    103	    446	      2	  445.0	  28.95	  29.41
    104	    189	      1	  188.0	  19.67	  19.92
    104	    187	      2	  186.0	  19.67	  21.06
    105	    439	      1	  438.0	  19.68	  19.72
    105	    440	      1	  439.0	  19.68	  19.91
    105	    441	      1	  440.0	  19.72	  20.59
    105	    442	      1	  441.0	  19.80	  22.09
    105	    443	      1	  442.0	  19.93	  24.43
    105	    444	      1	  443.0	  20.11	  26.87
    105	    445	      1	  444.0	  20.30	  28.52
    105	    446	      1	  445.0	  20.50	  29.41
    105	    447	      1	  446.0	  20.70	  29.39
    105	    448	      1	  447.0	  20.90	  28.99
    105	    449	      1	  448.0	  21.10	  28.80
    105	    450	      1	  449.0	  21.28	  28.71
    105	    451	      1	  450.0	  21.47	  32.33
    105	    452	      1	  451.0	  21.67	  32.33
    105	    453	      1	  452.0	  21.89	  32.33
    105	    454	      1	  453.0	  22.11	  32.33
    105	    455	      1	  454.0	  22.34	  32.33
    105	    456	      1	  455.0	  22.56	  32.33
    105	    457	      1	  456.0	  22.78	  32.33
    105	    458	      1	  457.0	  22.99	  32.33
    105	    437	      2	  436.0	  19.68	  19.85
    105	    436	      2	  435.0	  19.86	  20.49
    105	    435	      2	  434.0	  20.13	  21.88
    105	    434	      2	  433.0	  20.52	  24.40
    105	    433	      2	  432.0	  21.02	  29.51
    105	    432	      2	  431.0	  21.61	  32.33
    105	    431	      2	  430.0	  22.29	  32.33
    105	    430	      2	  429.0	  22.92	  23.69
    106	    384	      1	  383.0	  19.75	  19.85
    106	    382	      2	  381.0	  19.75	  20.73
    107	    646	      1	  645.0	  19.81	  19.83
    107	    644	      2	  643.0	  19.81	  20.52
    108	    944	      1	  943.0	  19.82	  20.48
    108	    942	      2	  941.0	  19.82	  22.37
    109	   1058	      1	 1057.0	  19.90	  20.41
    109	   1056	      2	 1055.0	  19.90	  20.06
    110	   1148	      1	 1147.0	  19.92	  20.63
    110	   1146	      2	 1145.0	  19.92	  20.11
    111	   1152	      1	 1151.0	  19.97	  20.26
    111	   1150	      2	 1149.0	  19.97	  20.02
    112	   1089	      1	 1088.0	  20.27	  20.33
    112	   1087	      2	 1086.0	  20.27	  21.87
    113	    947	      1	  946.0	  21.12	  24.65
    113	    945	      2	  944.0	  21.12	  21.26
    114	    319	      1	  318.0	  21.22	  21.31
    114	    317	      2	  316.0	  21.22	  21.34
    115	    339	      1	  338.0	  21.46	  21.53
    115	    337	      2	  336.0	  21.46	  21.50
    116	    429	      1	  428.0	  21.48	  21.57
    116	    430	      1	  429.0	  21.50	  23.69
    116	    431	      1	  430.0	  21.61	  32.33
    116	    427	      2	  426.0	  21.48	  21.90
    116	    426	      2	  425.0	  21.71	  23.63
    116	    425	      2	  424.0	  22.09	  25.85
    116	    424	      2	  423.0	  22.55	  28.60
    116	    423	      2	  422.0	  23.06	  31.25
    116	    422	      2	  421.0	  23.60	  32.33
    116	    421	      2	  420.0	  24.16	  32.33
    116	    420	      2	  419.0	  24.71	  32.33
    116	    419	      2	  418.0	  25.28	  32.33
    117	    185	      1	  184.0	  21.94	  22.20
    117	    183	      2	  182.0	  21.94	  22.56
    118	    699	      1	  698.0	  22.31	  23.72
    118	    697	      2	  696.0	  22.31	  24.62
    119	    345	      1	  344.0	  22.46	  22.84
    119	    343	      2	  342.0	  22.46	  22.53
    120	    102	      1	  101.0	  22.47	  22.49
    120	    100	      2	   99.0	  22.47	  24.10
    121	    332	      1	  331.0	  22.49	  22.51
    121	    330	      2	  329.0	  22.49	  23.03
    122	    573	      1	  572.0	  23.02	  23.17
    122	    574	      1	  573.0	  23.04	  23.76
    122	    575	      1	  574.0	  23.09	  25.20
    122	    576	      1	  575.0	  23.19	  28.30
    122	    577	      1	  576.0	  23.33	  32.33
    122	    571	      2	  570.0	  23.02	  23.42
    122	    570	      2	  569.0	  23.23	  23.95
    122	    569	      2	  568.0	  23.49	  24.52
    122	    568	      2	  567.0	  23.77	  25.23
    122	    567	      2	  566.0	  24.09	  26.14
    122	    566	      2	  565.0	  24.44	  27.38
    122	    565	      2	  564.0	  24.83	  29.26
    122	    564	      2	  563.0	  25.27	  31.12
    123	    992	      1	  991.0	  23.19	  24.55
    123	    990	      2	  989.0	  23.19	  23.68
    124	    233	      1	  232.0	  23.24	  27.52
    124	    231	      2	  230.0	  23.24	  23.42
    125	    670	      1	  669.0	  23.24	  25.11
    125	    668	      2	  667.0	  23.24	  23.41
    126	    940	      1	  939.0	  23.51	  25.52
    126	    938	      2	  937.0	  23.51	  24.61
    127	    932	      1	  931.0	  24.49	  24.61
    127	    930	      2	  929.0	  24.49	  24.75
    128	    995	      1	  994.0	  26.17	  26.27
    128	    993	      2	  992.0	  26.17	  26.56
    129	    872	      1	  871.0	  26.41	  29.61
    129	    870	      2	  869.0	  26.41	  27.37
    130	   1075	      1	 1074.0	  26.46	  26.48
    130	   1073	      2	 1072.0	  26.46	  27.65
    131	   1162	      1	 1161.0	  26.68	  28.88
    131	   1160	      2	 1159.0	  26.68	  26.74
    132	    926	      1	  925.0	  27.57	  29.50
    132	    924	      2	  923.0	  27.57	  27.59
    133	    451	      1	  450.0	  28.71	  32.33
    133	    449	      2	  448.0	  28.71	  28.80
    134	    516	      1	  515.0	  30.59	  32.33
    134	    514	      2	  513.0	  30.59	  32.33
    135	    531	      1	  530.0	  30.62	  32.18
    135	    529	      2	  528.0	  30.62	  31.53
________________________________________________
Velocity profile calculated successfully.
Solver time is: 0.287818 [s]
Post-processing initialised.
Correct solution selected from modes.
Laptime calculated.
Forces calculated.
Yaw motion calculated.
Steering angles calculated.
Vehicle slip angles calculated.
Engine metrics calculated.
KPIs calculated.
Post-processing finished.
Simulation results saved.
Simulation completed.
Laptime   :  80.268 [s]
Sector   1:  26.251 [s]
Sector   2:  26.349 [s]
Sector   3:  27.484 [s]
Plots created and saved.
