_______                    _____________________ 
__  __ \______________________  /___    |__  __ \
_  / / /__  __ \  _ \_  __ \_  / __  /| |_  /_/ /
/ /_/ /__  /_/ /  __/  / / /  /___  ___ |  ____/ 
\____/ _  .___/\___//_/ /_//_____/_/  |_/_/      
       /_/                                       
=================================================
Vehicle: Peak Ratio
Track:   FSAE Endurance Germany 2012
Date:    11/08/2025
Time:    12:12:51
=================================================
Simulation started.
Maximum speed calculated at all points.
Found all apexes on track.
Starting acceleration and deceleration.
Running: [||||||||||||||||||||||||||||||] 100 [%]
________________________________________________
|_Apex__|_Point_|_Mode__|___x___|___v___|_vmax_|
      1	    609	      1	  608.0	   7.57	   7.69
      1	    610	      1	  609.0	   7.73	   8.03
      1	    611	      1	  610.0	   7.96	   8.55
      1	    612	      1	  611.0	   8.26	   9.23
      1	    613	      1	  612.0	   8.61	  10.22
      1	    614	      1	  613.0	   9.01	  12.22
      1	    615	      1	  614.0	   9.46	  15.32
      1	    616	      1	  615.0	   9.94	  19.49
      1	    617	      1	  616.0	  10.41	  25.03
      1	    618	      1	  617.0	  10.88	  30.74
      1	    619	      1	  618.0	  11.33	  32.33
      1	    620	      1	  619.0	  11.76	  32.33
      1	    621	      1	  620.0	  12.18	  32.33
      1	    622	      1	  621.0	  12.59	  32.33
      1	    623	      1	  622.0	  12.98	  32.33
      1	    624	      1	  623.0	  13.37	  32.33
      1	    625	      1	  624.0	  13.74	  32.33
      1	    626	      1	  625.0	  14.10	  32.33
      1	    627	      1	  626.0	  14.46	  32.33
      1	    628	      1	  627.0	  14.80	  32.33
      1	    629	      1	  628.0	  15.14	  32.33
      1	    630	      1	  629.0	  15.47	  32.33
      1	    631	      1	  630.0	  15.79	  32.33
      1	    632	      1	  631.0	  16.11	  32.33
      1	    633	      1	  632.0	  16.42	  32.33
      1	    634	      1	  633.0	  16.73	  32.33
      1	    635	      1	  634.0	  17.03	  32.33
      1	    636	      1	  635.0	  17.32	  32.33
      1	    637	      1	  636.0	  17.61	  32.33
      1	    638	      1	  637.0	  17.89	  32.33
      1	    639	      1	  638.0	  18.17	  32.33
      1	    640	      1	  639.0	  18.45	  32.33
      1	    641	      1	  640.0	  18.72	  32.33
      1	    642	      1	  641.0	  18.99	  32.33
      1	    643	      1	  642.0	  19.26	  32.33
      1	    644	      1	  643.0	  19.52	  32.33
      1	    645	      1	  644.0	  19.77	  32.33
      1	    646	      1	  645.0	  20.03	  32.33
      1	    647	      1	  646.0	  20.28	  32.33
      1	    648	      1	  647.0	  20.53	  32.33
      1	    649	      1	  648.0	  20.77	  32.33
      1	    650	      1	  649.0	  21.01	  32.33
      1	    651	      1	  650.0	  21.25	  32.33
      1	    652	      1	  651.0	  21.48	  32.33
      1	    653	      1	  652.0	  21.72	  32.33
      1	    654	      1	  653.0	  21.95	  32.33
      1	    655	      1	  654.0	  22.18	  32.33
      1	    656	      1	  655.0	  22.40	  32.33
      1	    657	      1	  656.0	  22.63	  32.33
      1	    658	      1	  657.0	  22.85	  32.33
      1	    659	      1	  658.0	  23.07	  32.33
      1	    660	      1	  659.0	  23.29	  32.33
      1	    661	      1	  660.0	  23.50	  32.33
      1	    662	      1	  661.0	  23.72	  32.33
      1	    663	      1	  662.0	  23.93	  32.33
      1	    664	      1	  663.0	  24.14	  32.33
      1	    665	      1	  664.0	  24.35	  32.33
      1	    666	      1	  665.0	  24.55	  32.33
      1	    667	      1	  666.0	  24.76	  32.33
      1	    668	      1	  667.0	  24.96	  32.33
      1	    669	      1	  668.0	  25.16	  32.33
      1	    670	      1	  669.0	  25.37	  32.33
      1	    671	      1	  670.0	  25.56	  32.33
      1	    672	      1	  671.0	  25.76	  32.33
      1	    673	      1	  672.0	  25.96	  32.33
      1	    674	      1	  673.0	  26.15	  32.33
      1	    675	      1	  674.0	  26.34	  32.33
      1	    676	      1	  675.0	  26.53	  32.33
      1	    677	      1	  676.0	  26.72	  32.33
      1	    678	      1	  677.0	  26.91	  32.33
      1	    679	      1	  678.0	  27.10	  32.33
      1	    680	      1	  679.0	  27.28	  32.33
      1	    681	      1	  680.0	  27.47	  32.33
      1	    682	      1	  681.0	  27.65	  32.33
      1	    683	      1	  682.0	  27.83	  32.33
      1	    684	      1	  683.0	  28.01	  32.33
      1	    685	      1	  684.0	  28.19	  32.33
      1	    686	      1	  685.0	  28.37	  32.33
      1	    687	      1	  686.0	  28.55	  32.33
      1	    688	      1	  687.0	  28.73	  32.33
      1	    689	      1	  688.0	  28.90	  32.33
      1	    690	      1	  689.0	  29.08	  32.33
      1	    691	      1	  690.0	  29.25	  32.33
      1	    692	      1	  691.0	  29.42	  32.33
      1	    693	      1	  692.0	  29.60	  32.33
      1	    694	      1	  693.0	  29.77	  32.33
      1	    695	      1	  694.0	  29.94	  32.33
      1	    696	      1	  695.0	  30.10	  32.33
      1	    697	      1	  696.0	  30.27	  32.33
      1	    698	      1	  697.0	  30.44	  32.33
      1	    699	      1	  698.0	  30.60	  32.33
      1	    700	      1	  699.0	  30.76	  32.33
      1	    701	      1	  700.0	  30.92	  32.33
      1	    702	      1	  701.0	  31.07	  32.33
      1	    703	      1	  702.0	  31.23	  32.33
      1	    704	      1	  703.0	  31.38	  32.33
      1	    705	      1	  704.0	  31.53	  32.33
      1	    706	      1	  705.0	  31.68	  32.33
      1	    707	      1	  706.0	  31.82	  32.33
      1	    708	      1	  707.0	  31.96	  32.33
      1	    709	      1	  708.0	  32.10	  32.33
      1	    710	      1	  709.0	  32.23	  32.33
      1	    711	      1	  710.0	  32.33	  32.33
      1	    712	      1	  711.0	  32.33	  32.33
      1	    607	      2	  606.0	   7.57	   7.67
      1	    606	      2	  605.0	   7.95	   7.97
      1	    605	      2	  604.0	   8.10	   8.47
      1	    604	      2	  603.0	   8.72	   9.21
      1	    603	      2	  602.0	   9.36	  10.94
      1	    602	      2	  601.0	  10.26	  15.08
      1	    601	      2	  600.0	  11.33	  19.70
      1	    600	      2	  599.0	  12.37	  22.49
      1	    599	      2	  598.0	  13.35	  26.49
      1	    598	      2	  597.0	  14.29	  32.33
      1	    597	      2	  596.0	  15.20	  32.33
      1	    596	      2	  595.0	  16.08	  32.33
      1	    595	      2	  594.0	  16.93	  31.55
      1	    594	      2	  593.0	  17.70	  25.90
      1	    593	      2	  592.0	  18.38	  23.70
      1	    592	      2	  591.0	  18.98	  22.80
      1	    591	      2	  590.0	  19.52	  23.88
      1	    590	      2	  589.0	  20.06	  26.45
      1	    589	      2	  588.0	  20.64	  32.25
      1	    588	      2	  587.0	  21.27	  32.33
      1	    587	      2	  586.0	  21.96	  32.33
      1	    586	      2	  585.0	  22.65	  32.33
      1	    585	      2	  584.0	  23.29	  32.26
      1	    584	      2	  583.0	  23.84	  26.85
      1	    583	      2	  582.0	  23.96	  23.96
      2	    344	      1	  343.0	   7.58	   8.23
      2	    345	      1	  344.0	   7.91	  10.01
      2	    346	      1	  345.0	   8.39	  12.08
      2	    347	      1	  346.0	   8.90	  16.32
      2	    348	      1	  347.0	   9.42	  20.92
      2	    349	      1	  348.0	   9.93	  23.79
      2	    350	      1	  349.0	  10.42	  24.24
      2	    351	      1	  350.0	  10.88	  24.98
      2	    352	      1	  351.0	  11.32	  26.19
      2	    353	      1	  352.0	  11.75	  28.53
      2	    354	      1	  353.0	  12.16	  32.33
      2	    355	      1	  354.0	  12.57	  32.33
      2	    356	      1	  355.0	  12.96	  32.33
      2	    357	      1	  356.0	  13.34	  32.33
      2	    358	      1	  357.0	  13.71	  32.33
      2	    359	      1	  358.0	  14.07	  32.33
      2	    360	      1	  359.0	  14.42	  32.33
      2	    361	      1	  360.0	  14.76	  32.33
      2	    362	      1	  361.0	  15.10	  32.33
      2	    363	      1	  362.0	  15.42	  32.33
      2	    364	      1	  363.0	  15.74	  32.33
      2	    365	      1	  364.0	  16.06	  32.33
      2	    366	      1	  365.0	  16.36	  32.33
      2	    367	      1	  366.0	  16.67	  32.33
      2	    368	      1	  367.0	  16.96	  32.33
      2	    369	      1	  368.0	  17.26	  32.33
      2	    370	      1	  369.0	  17.54	  32.33
      2	    371	      1	  370.0	  17.83	  32.33
      2	    372	      1	  371.0	  18.10	  32.33
      2	    373	      1	  372.0	  18.38	  32.33
      2	    374	      1	  373.0	  18.64	  32.33
      2	    375	      1	  374.0	  18.91	  32.33
      2	    376	      1	  375.0	  19.16	  32.33
      2	    377	      1	  376.0	  19.41	  32.33
      2	    378	      1	  377.0	  19.66	  32.33
      2	    379	      1	  378.0	  19.89	  32.33
      2	    380	      1	  379.0	  20.12	  32.33
      2	    381	      1	  380.0	  20.35	  32.33
      2	    382	      1	  381.0	  20.57	  32.33
      2	    383	      1	  382.0	  20.79	  32.33
      2	    384	      1	  383.0	  21.00	  32.20
      2	    385	      1	  384.0	  21.20	  30.88
      2	    386	      1	  385.0	  21.40	  28.25
      2	    387	      1	  386.0	  21.58	  25.47
      2	    388	      1	  387.0	  21.73	  23.41
      2	    389	      1	  388.0	  21.82	  22.27
      2	    342	      2	  341.0	   7.58	   7.95
      2	    341	      2	  340.0	   8.26	   8.71
      2	    340	      2	  339.0	   8.92	   9.44
      2	    339	      2	  338.0	   9.55	   9.95
      2	    338	      2	  337.0	  10.07	  10.48
      2	    337	      2	  336.0	  10.56	  11.21
      2	    336	      2	  335.0	  11.12	  12.19
      2	    335	      2	  334.0	  11.76	  13.45
      2	    334	      2	  333.0	  12.46	  15.64
      2	    333	      2	  332.0	  13.26	  18.33
      2	    332	      2	  331.0	  14.09	  21.28
      2	    331	      2	  330.0	  14.92	  25.42
      2	    330	      2	  329.0	  15.75	  31.09
      2	    329	      2	  328.0	  16.57	  32.33
      2	    328	      2	  327.0	  17.38	  32.33
      2	    327	      2	  326.0	  18.17	  32.33
      2	    326	      2	  325.0	  18.95	  32.33
      2	    325	      2	  324.0	  19.70	  32.33
      2	    324	      2	  323.0	  20.43	  32.33
      2	    323	      2	  322.0	  21.14	  32.33
      2	    322	      2	  321.0	  21.84	  32.33
      2	    321	      2	  320.0	  22.52	  32.33
      2	    320	      2	  319.0	  23.19	  32.33
      2	    319	      2	  318.0	  23.85	  32.33
      2	    318	      2	  317.0	  24.50	  32.33
      2	    317	      2	  316.0	  25.14	  32.33
      2	    316	      2	  315.0	  25.76	  32.33
      2	    315	      2	  314.0	  26.38	  32.33
      2	    314	      2	  313.0	  26.99	  32.33
      2	    313	      2	  312.0	  27.59	  32.33
      2	    312	      2	  311.0	  28.19	  32.33
      2	    311	      2	  310.0	  28.78	  32.33
      2	    310	      2	  309.0	  29.36	  32.33
      2	    309	      2	  308.0	  29.94	  32.33
      2	    308	      2	  307.0	  30.51	  32.33
      2	    307	      2	  306.0	  31.07	  32.33
      2	    306	      2	  305.0	  31.63	  32.33
      2	    305	      2	  304.0	  32.18	  32.33
      2	    304	      2	  303.0	  32.33	  32.33
      2	    303	      2	  302.0	  32.33	  32.33
      2	    302	      2	  301.0	  32.33	  32.33
      2	    301	      2	  300.0	  32.33	  32.33
      2	    300	      2	  299.0	  32.33	  32.33
      2	    299	      2	  298.0	  32.33	  32.33
      2	    298	      2	  297.0	  32.33	  32.33
      2	    297	      2	  296.0	  32.33	  32.33
      2	    296	      2	  295.0	  32.33	  32.33
      2	    295	      2	  294.0	  32.33	  32.33
      2	    294	      2	  293.0	  32.33	  32.33
      2	    293	      2	  292.0	  32.33	  32.33
      2	    292	      2	  291.0	  32.33	  32.33
      2	    291	      2	  290.0	  32.33	  32.33
      2	    290	      2	  289.0	  32.33	  32.33
      2	    289	      2	  288.0	  32.33	  32.33
      2	    288	      2	  287.0	  32.33	  32.33
      2	    287	      2	  286.0	  32.33	  32.33
      2	    286	      2	  285.0	  32.33	  32.33
      2	    285	      2	  284.0	  32.33	  32.33
      2	    284	      2	  283.0	  32.33	  32.33
      2	    283	      2	  282.0	  32.33	  32.33
      2	    282	      2	  281.0	  32.33	  32.33
      2	    281	      2	  280.0	  32.33	  32.33
      2	    280	      2	  279.0	  32.33	  32.33
      2	    279	      2	  278.0	  32.33	  32.33
      2	    278	      2	  277.0	  32.33	  32.33
      2	    277	      2	  276.0	  32.33	  32.33
      2	    276	      2	  275.0	  32.33	  32.33
      3	   1172	      1	 1171.0	   7.58	   7.79
      3	   1173	      1	 1172.0	   7.78	   8.52
      3	   1174	      1	 1173.0	   8.12	   9.54
      3	   1175	      1	 1174.0	   8.53	  10.94
      3	   1176	      1	 1175.0	   8.98	  12.47
      3	   1177	      1	 1176.0	   9.45	  13.67
      3	   1178	      1	 1177.0	   9.90	  14.54
      3	   1179	      1	 1178.0	  10.34	  15.64
      3	   1180	      1	 1179.0	  10.76	  17.02
      3	   1181	      1	 1180.0	  11.18	  19.00
      3	   1182	      1	 1181.0	  11.59	  21.18
      3	   1183	      1	 1182.0	  11.99	  24.22
      3	   1184	      1	 1183.0	  12.39	  28.39
      3	   1185	      1	 1184.0	  12.78	  32.33
      3	   1186	      1	 1185.0	  13.16	  32.33
      3	   1187	      1	 1186.0	  13.54	  32.33
      3	   1188	      1	 1187.0	  13.91	  32.33
      3	   1189	      1	 1188.0	  14.26	  32.33
      3	   1190	      1	 1189.0	  14.62	  32.33
      3	   1191	      1	 1190.0	  14.96	  32.33
      3	   1192	      1	 1191.0	  15.29	  32.33
      3	   1193	      1	 1192.0	  15.62	  32.33
      3	   1194	      1	 1193.0	  15.94	  32.33
      3	   1195	      1	 1194.0	  16.25	  32.33
      3	   1196	      1	 1195.0	  16.56	  32.33
      3	   1197	      1	 1196.0	  16.86	  32.33
      3	   1198	      1	 1197.0	  17.16	  32.33
      3	   1199	      1	 1198.0	  17.45	  32.33
      3	   1200	      1	 1199.0	  17.73	  32.33
      3	   1201	      1	 1200.0	  18.02	  32.33
      3	   1202	      1	 1201.0	  18.29	  32.33
      3	   1203	      1	 1202.0	  18.56	  32.33
      3	   1204	      1	 1203.0	  18.83	  32.33
      3	   1205	      1	 1204.0	  19.09	  32.33
      3	   1206	      1	 1205.0	  19.35	  32.33
      3	   1207	      1	 1206.0	  19.61	  32.33
      3	   1208	      1	 1207.0	  19.86	  32.33
      3	   1209	      1	 1208.0	  20.11	  32.33
      3	   1210	      1	 1209.0	  20.35	  32.33
      3	   1211	      1	 1210.0	  20.59	  32.33
      3	   1212	      1	 1211.0	  20.83	  32.33
      3	   1213	      1	 1212.0	  21.06	  32.33
      3	   1214	      1	 1213.0	  21.28	  32.33
      3	   1215	      1	 1214.0	  21.50	  32.33
      3	   1216	      1	 1215.0	  21.70	  31.63
      3	   1217	      1	 1216.0	  21.90	  28.35
      3	   1218	      1	 1217.0	  22.07	  25.67
      3	   1219	      1	 1218.0	  22.20	  23.57
      3	   1170	      2	 1169.0	   7.58	   7.94
      3	   1169	      2	 1168.0	   8.25	   8.68
      3	   1168	      2	 1167.0	   8.90	   9.49
      3	   1167	      2	 1166.0	   9.57	  10.29
      3	   1166	      2	 1165.0	  10.23	  11.16
      3	   1165	      2	 1164.0	  10.90	  12.18
      3	   1164	      2	 1163.0	  11.60	  14.75
      3	   1163	      2	 1162.0	  12.46	  17.96
      3	   1162	      2	 1161.0	  13.36	  23.18
      3	   1161	      2	 1160.0	  14.27	  30.74
      3	   1160	      2	 1159.0	  15.17	  32.33
      3	   1159	      2	 1158.0	  16.04	  32.33
      3	   1158	      2	 1157.0	  16.88	  32.33
      3	   1157	      2	 1156.0	  17.70	  32.33
      3	   1156	      2	 1155.0	  18.49	  32.33
      3	   1155	      2	 1154.0	  19.25	  32.33
      3	   1154	      2	 1153.0	  20.00	  32.33
      3	   1153	      2	 1152.0	  20.72	  32.33
      3	   1152	      2	 1151.0	  21.43	  32.33
      3	   1151	      2	 1150.0	  22.12	  32.33
      3	   1150	      2	 1149.0	  22.80	  32.33
      3	   1149	      2	 1148.0	  23.46	  32.33
      3	   1148	      2	 1147.0	  24.12	  32.33
      3	   1147	      2	 1146.0	  24.76	  32.33
      3	   1146	      2	 1145.0	  25.40	  32.33
      3	   1145	      2	 1144.0	  26.02	  32.33
      3	   1144	      2	 1143.0	  26.64	  32.33
      3	   1143	      2	 1142.0	  27.25	  32.33
      3	   1142	      2	 1141.0	  27.86	  32.33
      3	   1141	      2	 1140.0	  28.45	  32.33
      3	   1140	      2	 1139.0	  29.05	  32.33
      3	   1139	      2	 1138.0	  29.63	  32.33
      3	   1138	      2	 1137.0	  30.21	  32.33
      3	   1137	      2	 1136.0	  30.79	  32.33
      3	   1136	      2	 1135.0	  31.36	  32.33
      3	   1135	      2	 1134.0	  31.93	  32.33
      3	   1134	      2	 1133.0	  32.33	  32.33
      3	   1133	      2	 1132.0	  32.33	  32.33
      3	   1132	      2	 1131.0	  32.33	  32.33
      3	   1131	      2	 1130.0	  32.33	  32.33
      3	   1130	      2	 1129.0	  32.33	  32.33
      3	   1129	      2	 1128.0	  32.33	  32.33
      3	   1128	      2	 1127.0	  32.33	  32.33
      3	   1127	      2	 1126.0	  32.33	  32.33
      3	   1126	      2	 1125.0	  32.33	  32.33
      3	   1125	      2	 1124.0	  32.33	  32.33
      3	   1124	      2	 1123.0	  32.33	  32.33
      3	   1123	      2	 1122.0	  32.33	  32.33
      3	   1122	      2	 1121.0	  32.33	  32.33
      3	   1121	      2	 1120.0	  32.33	  32.33
      3	   1120	      2	 1119.0	  32.33	  32.33
      3	   1119	      2	 1118.0	  32.33	  32.33
      3	   1118	      2	 1117.0	  32.33	  32.33
      3	   1117	      2	 1116.0	  32.33	  32.33
      3	   1116	      2	 1115.0	  32.33	  32.33
      3	   1115	      2	 1114.0	  32.33	  32.33
      3	   1114	      2	 1113.0	  32.33	  32.33
      3	   1113	      2	 1112.0	  32.33	  32.33
      3	   1112	      2	 1111.0	  32.33	  32.33
      3	   1111	      2	 1110.0	  32.33	  32.33
      3	   1110	      2	 1109.0	  32.33	  32.33
      3	   1109	      2	 1108.0	  32.33	  32.33
      4	    903	      1	  902.0	   7.58	   7.86
      4	    904	      1	  903.0	   7.81	   8.74
      4	    905	      1	  904.0	   8.18	   9.77
      4	    906	      1	  905.0	   8.60	  11.13
      4	    907	      1	  906.0	   9.05	  13.06
      4	    908	      1	  907.0	   9.53	  14.67
      4	    909	      1	  908.0	   9.99	  16.10
      4	    910	      1	  909.0	  10.44	  17.37
      4	    911	      1	  910.0	  10.88	  18.19
      4	    912	      1	  911.0	  11.30	  18.82
      4	    913	      1	  912.0	  11.70	  19.35
      4	    914	      1	  913.0	  12.09	  19.24
      4	    915	      1	  914.0	  12.46	  18.69
      4	    916	      1	  915.0	  12.81	  18.14
      4	    917	      1	  916.0	  13.14	  17.55
      4	    918	      1	  917.0	  13.45	  16.99
      4	    919	      1	  918.0	  13.73	  16.42
      4	    920	      1	  919.0	  13.98	  15.72
      4	    921	      1	  920.0	  14.18	  15.65
      4	    922	      1	  921.0	  14.37	  16.27
      4	    923	      1	  922.0	  14.57	  16.81
      4	    924	      1	  923.0	  14.79	  17.24
      4	    925	      1	  924.0	  15.00	  18.07
      4	    926	      1	  925.0	  15.23	  19.60
      4	    927	      1	  926.0	  15.48	  21.38
      4	    928	      1	  927.0	  15.75	  23.78
      4	    929	      1	  928.0	  16.03	  26.67
      4	    930	      1	  929.0	  16.31	  29.65
      4	    931	      1	  930.0	  16.60	  32.33
      4	    932	      1	  931.0	  16.88	  32.33
      4	    933	      1	  932.0	  17.17	  32.33
      4	    934	      1	  933.0	  17.45	  32.33
      4	    935	      1	  934.0	  17.72	  32.33
      4	    936	      1	  935.0	  18.00	  32.33
      4	    937	      1	  936.0	  18.26	  32.33
      4	    938	      1	  937.0	  18.52	  32.33
      4	    939	      1	  938.0	  18.78	  32.33
      4	    940	      1	  939.0	  19.04	  32.33
      4	    941	      1	  940.0	  19.29	  32.33
      4	    942	      1	  941.0	  19.54	  32.33
      4	    943	      1	  942.0	  19.79	  32.33
      4	    944	      1	  943.0	  20.04	  32.33
      4	    945	      1	  944.0	  20.28	  32.33
      4	    946	      1	  945.0	  20.53	  32.33
      4	    947	      1	  946.0	  20.78	  32.33
      4	    948	      1	  947.0	  21.02	  32.33
      4	    949	      1	  948.0	  21.26	  32.33
      4	    950	      1	  949.0	  21.49	  32.33
      4	    951	      1	  950.0	  21.73	  32.33
      4	    952	      1	  951.0	  21.96	  32.33
      4	    953	      1	  952.0	  22.18	  32.33
      4	    954	      1	  953.0	  22.41	  32.33
      4	    955	      1	  954.0	  22.63	  32.33
      4	    956	      1	  955.0	  22.85	  32.33
      4	    957	      1	  956.0	  23.07	  32.33
      4	    958	      1	  957.0	  23.29	  32.33
      4	    959	      1	  958.0	  23.50	  32.33
      4	    960	      1	  959.0	  23.71	  32.33
      4	    961	      1	  960.0	  23.91	  32.33
      4	    962	      1	  961.0	  24.11	  32.33
      4	    963	      1	  962.0	  24.30	  32.33
      4	    964	      1	  963.0	  24.49	  32.33
      4	    965	      1	  964.0	  24.68	  32.33
      4	    966	      1	  965.0	  24.87	  32.33
      4	    967	      1	  966.0	  25.05	  32.33
      4	    968	      1	  967.0	  25.23	  32.33
      4	    969	      1	  968.0	  25.40	  32.33
      4	    970	      1	  969.0	  25.58	  32.33
      4	    971	      1	  970.0	  25.75	  32.33
      4	    972	      1	  971.0	  25.93	  32.33
      4	    973	      1	  972.0	  26.10	  32.33
      4	    974	      1	  973.0	  26.27	  32.33
      4	    975	      1	  974.0	  26.43	  32.33
      4	    976	      1	  975.0	  26.59	  32.33
      4	    977	      1	  976.0	  26.72	  31.82
      4	    978	      1	  977.0	  26.84	  29.96
      4	    979	      1	  978.0	  26.93	  27.95
      4	    901	      2	  900.0	   7.58	   8.07
      4	    900	      2	  899.0	   8.34	   9.06
      4	    899	      2	  898.0	   9.12	  10.11
      4	    898	      2	  897.0	   9.91	  11.72
      4	    897	      2	  896.0	  10.79	  13.42
      4	    896	      2	  895.0	  11.68	  14.86
      4	    895	      2	  894.0	  12.53	  16.11
      4	    894	      2	  893.0	  13.35	  17.90
      4	    893	      2	  892.0	  14.15	  20.48
      4	    892	      2	  891.0	  14.96	  23.35
      4	    891	      2	  890.0	  15.77	  27.48
      4	    890	      2	  889.0	  16.57	  32.33
      4	    889	      2	  888.0	  17.37	  32.33
      4	    888	      2	  887.0	  18.15	  32.33
      4	    887	      2	  886.0	  18.92	  32.33
      4	    886	      2	  885.0	  19.68	  32.33
      4	    885	      2	  884.0	  20.40	  32.33
      4	    884	      2	  883.0	  21.10	  32.33
      4	    883	      2	  882.0	  21.75	  32.33
      4	    882	      2	  881.0	  22.35	  29.26
      4	    881	      2	  880.0	  22.89	  27.08
      4	    880	      2	  879.0	  23.35	  25.76
      4	    879	      2	  878.0	  23.73	  24.71
      4	    878	      2	  877.0	  23.82	  23.82
      5	    439	      1	  438.0	   9.31	   9.55
      5	    440	      1	  439.0	   9.47	  10.17
      5	    441	      1	  440.0	   9.72	  11.00
      5	    442	      1	  441.0	  10.03	  12.15
      5	    443	      1	  442.0	  10.38	  12.90
      5	    444	      1	  443.0	  10.74	  13.67
      5	    445	      1	  444.0	  11.09	  14.61
      5	    446	      1	  445.0	  11.45	  16.02
      5	    447	      1	  446.0	  11.82	  19.11
      5	    448	      1	  447.0	  12.20	  27.86
      5	    449	      1	  448.0	  12.60	  32.33
      5	    450	      1	  449.0	  12.99	  32.33
      5	    451	      1	  450.0	  13.37	  19.59
      5	    452	      1	  451.0	  13.69	  16.38
      5	    453	      1	  452.0	  13.94	  14.23
      5	    437	      2	  436.0	   9.31	   9.55
      5	    436	      2	  435.0	   9.74	  10.15
      5	    435	      2	  434.0	  10.25	  11.05
      5	    434	      2	  433.0	  10.89	  12.88
      5	    433	      2	  432.0	  11.70	  15.67
      5	    432	      2	  431.0	  12.60	  19.74
      5	    431	      2	  430.0	  13.52	  28.61
      5	    430	      2	  429.0	  14.46	  32.33
      5	    429	      2	  428.0	  15.37	  32.33
      5	    428	      2	  427.0	  16.24	  25.23
      5	    427	      2	  426.0	  16.99	  19.42
      6	   1100	      1	 1099.0	   9.32	   9.65
      6	   1101	      1	 1100.0	   9.50	  10.35
      6	   1102	      1	 1101.0	   9.77	  11.17
      6	   1103	      1	 1102.0	  10.09	  12.24
      6	   1104	      1	 1103.0	  10.44	  13.66
      6	   1105	      1	 1104.0	  10.82	  16.17
      6	   1106	      1	 1105.0	  11.22	  19.41
      6	   1107	      1	 1106.0	  11.63	  23.72
      6	   1108	      1	 1107.0	  12.05	  28.07
      6	   1109	      1	 1108.0	  12.45	  32.33
      6	   1110	      1	 1109.0	  12.84	  32.33
      6	   1111	      1	 1110.0	  13.22	  32.33
      6	   1112	      1	 1111.0	  13.60	  32.33
      6	   1113	      1	 1112.0	  13.96	  32.33
      6	   1114	      1	 1113.0	  14.31	  32.33
      6	   1115	      1	 1114.0	  14.66	  32.33
      6	   1116	      1	 1115.0	  15.00	  32.33
      6	   1117	      1	 1116.0	  15.33	  32.33
      6	   1118	      1	 1117.0	  15.65	  32.33
      6	   1119	      1	 1118.0	  15.97	  32.33
      6	   1120	      1	 1119.0	  16.29	  32.33
      6	   1121	      1	 1120.0	  16.59	  32.33
      6	   1122	      1	 1121.0	  16.89	  32.33
      6	   1123	      1	 1122.0	  17.19	  32.33
      6	   1124	      1	 1123.0	  17.48	  32.33
      6	   1125	      1	 1124.0	  17.77	  32.33
      6	   1126	      1	 1125.0	  18.05	  32.33
      6	   1127	      1	 1126.0	  18.33	  32.33
      6	   1128	      1	 1127.0	  18.60	  32.33
      6	   1129	      1	 1128.0	  18.87	  32.33
      6	   1130	      1	 1129.0	  19.14	  32.33
      6	   1131	      1	 1130.0	  19.40	  32.33
      6	   1132	      1	 1131.0	  19.66	  32.33
      6	   1133	      1	 1132.0	  19.92	  32.33
      6	   1134	      1	 1133.0	  20.17	  32.33
      6	   1135	      1	 1134.0	  20.42	  32.33
      6	   1136	      1	 1135.0	  20.66	  32.33
      6	   1137	      1	 1136.0	  20.91	  32.33
      6	   1138	      1	 1137.0	  21.15	  32.33
      6	   1139	      1	 1138.0	  21.39	  32.33
      6	   1140	      1	 1139.0	  21.62	  32.33
      6	   1141	      1	 1140.0	  21.85	  32.33
      6	   1142	      1	 1141.0	  22.08	  32.33
      6	   1143	      1	 1142.0	  22.31	  32.33
      6	   1144	      1	 1143.0	  22.54	  32.33
      6	   1145	      1	 1144.0	  22.76	  32.33
      6	   1146	      1	 1145.0	  22.98	  32.33
      6	   1147	      1	 1146.0	  23.20	  32.33
      6	   1148	      1	 1147.0	  23.42	  32.33
      6	   1098	      2	 1097.0	   9.32	   9.64
      6	   1097	      2	 1096.0	   9.81	  10.51
      6	   1096	      2	 1095.0	  10.44	  11.48
      6	   1095	      2	 1094.0	  11.12	  12.89
      6	   1094	      2	 1093.0	  11.88	  14.71
      6	   1093	      2	 1092.0	  12.70	  16.02
      6	   1092	      2	 1091.0	  13.49	  18.47
      6	   1091	      2	 1090.0	  14.30	  21.50
      6	   1090	      2	 1089.0	  15.12	  25.16
      6	   1089	      2	 1088.0	  15.94	  30.24
      6	   1088	      2	 1087.0	  16.75	  32.33
      6	   1087	      2	 1086.0	  17.54	  32.33
      6	   1086	      2	 1085.0	  18.33	  32.33
      6	   1085	      2	 1084.0	  19.09	  32.33
      6	   1084	      2	 1083.0	  19.84	  32.33
      6	   1083	      2	 1082.0	  20.57	  32.33
      6	   1082	      2	 1081.0	  21.28	  32.33
      6	   1081	      2	 1080.0	  21.97	  32.33
      6	   1080	      2	 1079.0	  22.64	  32.33
      6	   1079	      2	 1078.0	  23.30	  32.33
      6	   1078	      2	 1077.0	  23.94	  32.33
      6	   1077	      2	 1076.0	  24.57	  32.33
      6	   1076	      2	 1075.0	  25.20	  32.33
      6	   1075	      2	 1074.0	  25.82	  32.33
      6	   1074	      2	 1073.0	  26.43	  32.33
      6	   1073	      2	 1072.0	  27.03	  32.33
      6	   1072	      2	 1071.0	  27.63	  32.33
      6	   1071	      2	 1070.0	  28.22	  32.33
      6	   1070	      2	 1069.0	  28.81	  32.33
      6	   1069	      2	 1068.0	  29.39	  32.33
      6	   1068	      2	 1067.0	  29.97	  32.33
      6	   1067	      2	 1066.0	  30.54	  32.33
      6	   1066	      2	 1065.0	  31.11	  32.33
      6	   1065	      2	 1064.0	  31.68	  32.33
      6	   1064	      2	 1063.0	  32.24	  32.33
      6	   1063	      2	 1062.0	  32.33	  32.33
      6	   1062	      2	 1061.0	  32.33	  32.33
      6	   1061	      2	 1060.0	  32.33	  32.33
      6	   1060	      2	 1059.0	  32.33	  32.33
      6	   1059	      2	 1058.0	  32.33	  32.33
      6	   1058	      2	 1057.0	  32.33	  32.33
      6	   1057	      2	 1056.0	  32.33	  32.33
      6	   1056	      2	 1055.0	  32.33	  32.33
      6	   1055	      2	 1054.0	  32.33	  32.33
      6	   1054	      2	 1053.0	  32.33	  32.33
      6	   1053	      2	 1052.0	  32.33	  32.33
      6	   1052	      2	 1051.0	  32.33	  32.33
      6	   1051	      2	 1050.0	  32.33	  32.33
      6	   1050	      2	 1049.0	  32.33	  32.33
      6	   1049	      2	 1048.0	  32.33	  32.33
      6	   1048	      2	 1047.0	  32.33	  32.33
      6	   1047	      2	 1046.0	  32.33	  32.33
      6	   1046	      2	 1045.0	  32.33	  32.33
      6	   1045	      2	 1044.0	  32.33	  32.33
      6	   1044	      2	 1043.0	  32.33	  32.33
      6	   1043	      2	 1042.0	  32.33	  32.33
      6	   1042	      2	 1041.0	  32.33	  32.33
      6	   1041	      2	 1040.0	  32.33	  32.33
      6	   1040	      2	 1039.0	  32.33	  32.33
      6	   1039	      2	 1038.0	  32.33	  32.33
      6	   1038	      2	 1037.0	  32.33	  32.33
      6	   1037	      2	 1036.0	  32.33	  32.33
      6	   1036	      2	 1035.0	  32.33	  32.33
      6	   1035	      2	 1034.0	  32.33	  32.33
      6	   1034	      2	 1033.0	  32.33	  32.33
      6	   1033	      2	 1032.0	  32.33	  32.33
      6	   1032	      2	 1031.0	  32.33	  32.33
      6	   1031	      2	 1030.0	  32.33	  32.33
      6	   1030	      2	 1029.0	  32.33	  32.33
      6	   1029	      2	 1028.0	  32.33	  32.33
      6	   1028	      2	 1027.0	  32.33	  32.33
      6	   1027	      2	 1026.0	  32.33	  32.33
      6	   1026	      2	 1025.0	  32.33	  32.33
      6	   1025	      2	 1024.0	  32.33	  32.33
      6	   1024	      2	 1023.0	  32.33	  32.33
      6	   1023	      2	 1022.0	  32.33	  32.33
      6	   1022	      2	 1021.0	  32.33	  32.33
      6	   1021	      2	 1020.0	  32.33	  32.33
      6	   1020	      2	 1019.0	  32.33	  32.33
      6	   1019	      2	 1018.0	  32.33	  32.33
      7	    995	      1	  994.0	   9.33	   9.38
      7	    996	      1	  995.0	   9.40	   9.67
      7	    997	      1	  996.0	   9.56	  10.12
      7	    998	      1	  997.0	   9.78	  10.67
      7	    999	      1	  998.0	  10.05	  11.26
      7	   1000	      1	  999.0	  10.34	  12.07
      7	   1001	      1	 1000.0	  10.66	  13.30
      7	   1002	      1	 1001.0	  11.01	  14.41
      7	   1003	      1	 1002.0	  11.36	  15.41
      7	   1004	      1	 1003.0	  11.72	  17.18
      7	   1005	      1	 1004.0	  12.09	  18.85
      7	   1006	      1	 1005.0	  12.46	  20.88
      7	   1007	      1	 1006.0	  12.83	  23.01
      7	   1008	      1	 1007.0	  13.19	  24.91
      7	   1009	      1	 1008.0	  13.55	  26.69
      7	   1010	      1	 1009.0	  13.90	  28.38
      7	   1011	      1	 1010.0	  14.24	  30.14
      7	   1012	      1	 1011.0	  14.58	  31.17
      7	   1013	      1	 1012.0	  14.91	  31.42
      7	   1014	      1	 1013.0	  15.23	  31.57
      7	   1015	      1	 1014.0	  15.55	  31.71
      7	   1016	      1	 1015.0	  15.86	  31.87
      7	   1017	      1	 1016.0	  16.16	  32.01
      7	   1018	      1	 1017.0	  16.45	  32.17
      7	   1019	      1	 1018.0	  16.74	  32.33
      7	   1020	      1	 1019.0	  17.02	  32.33
      7	   1021	      1	 1020.0	  17.30	  32.33
      7	   1022	      1	 1021.0	  17.58	  32.33
      7	   1023	      1	 1022.0	  17.86	  32.33
      7	   1024	      1	 1023.0	  18.13	  32.33
      7	   1025	      1	 1024.0	  18.40	  32.33
      7	   1026	      1	 1025.0	  18.67	  32.33
      7	   1027	      1	 1026.0	  18.94	  32.33
      7	   1028	      1	 1027.0	  19.21	  32.33
      7	   1029	      1	 1028.0	  19.47	  32.33
      7	   1030	      1	 1029.0	  19.73	  32.33
      7	   1031	      1	 1030.0	  19.98	  32.33
      7	   1032	      1	 1031.0	  20.23	  32.33
      7	   1033	      1	 1032.0	  20.48	  32.33
      7	   1034	      1	 1033.0	  20.73	  32.33
      7	   1035	      1	 1034.0	  20.97	  32.33
      7	   1036	      1	 1035.0	  21.21	  32.33
      7	   1037	      1	 1036.0	  21.44	  32.33
      7	   1038	      1	 1037.0	  21.68	  32.33
      7	   1039	      1	 1038.0	  21.91	  32.33
      7	   1040	      1	 1039.0	  22.14	  32.33
      7	   1041	      1	 1040.0	  22.36	  32.33
      7	   1042	      1	 1041.0	  22.59	  32.33
      7	   1043	      1	 1042.0	  22.81	  32.33
      7	   1044	      1	 1043.0	  23.03	  32.33
      7	   1045	      1	 1044.0	  23.25	  32.33
      7	   1046	      1	 1045.0	  23.46	  32.33
      7	   1047	      1	 1046.0	  23.68	  32.33
      7	   1048	      1	 1047.0	  23.89	  32.33
      7	   1049	      1	 1048.0	  24.10	  32.33
      7	   1050	      1	 1049.0	  24.31	  32.33
      7	   1051	      1	 1050.0	  24.52	  32.33
      7	   1052	      1	 1051.0	  24.72	  32.33
      7	   1053	      1	 1052.0	  24.93	  32.33
      7	   1054	      1	 1053.0	  25.13	  32.33
      7	   1055	      1	 1054.0	  25.33	  32.33
      7	   1056	      1	 1055.0	  25.53	  32.33
      7	   1057	      1	 1056.0	  25.73	  32.33
      7	   1058	      1	 1057.0	  25.92	  32.33
      7	   1059	      1	 1058.0	  26.12	  32.33
      7	   1060	      1	 1059.0	  26.31	  32.33
      7	   1061	      1	 1060.0	  26.50	  32.33
      7	   1062	      1	 1061.0	  26.69	  32.33
      7	   1063	      1	 1062.0	  26.88	  32.33
      7	   1064	      1	 1063.0	  27.07	  32.33
      7	   1065	      1	 1064.0	  27.25	  32.33
      7	   1066	      1	 1065.0	  27.44	  32.33
      7	   1067	      1	 1066.0	  27.62	  32.33
      7	   1068	      1	 1067.0	  27.80	  32.33
      7	   1069	      1	 1068.0	  27.98	  32.33
      7	   1070	      1	 1069.0	  28.16	  32.33
      7	    993	      2	  992.0	   9.33	   9.54
      7	    992	      2	  991.0	   9.74	   9.97
      7	    991	      2	  990.0	  10.14	  10.53
      7	    990	      2	  989.0	  10.62	  11.11
      7	    989	      2	  988.0	  11.11	  11.83
      7	    988	      2	  987.0	  11.66	  12.75
      7	    987	      2	  986.0	  12.27	  13.96
      7	    986	      2	  985.0	  12.94	  15.23
      7	    985	      2	  984.0	  13.63	  16.34
      7	    984	      2	  983.0	  14.32	  18.31
      7	    983	      2	  982.0	  15.05	  20.19
      7	    982	      2	  981.0	  15.78	  21.94
      7	    981	      2	  980.0	  16.50	  24.36
      7	    980	      2	  979.0	  17.23	  25.85
      7	    979	      2	  978.0	  17.94	  27.95
      7	    978	      2	  977.0	  18.64	  29.96
      7	    977	      2	  976.0	  19.33	  31.82
      7	    976	      2	  975.0	  20.00	  32.33
      7	    975	      2	  974.0	  20.67	  32.33
      7	    974	      2	  973.0	  21.34	  32.33
      7	    973	      2	  972.0	  21.99	  32.33
      7	    972	      2	  971.0	  22.64	  32.33
      7	    971	      2	  970.0	  23.27	  32.33
      7	    970	      2	  969.0	  23.89	  32.33
      7	    969	      2	  968.0	  24.49	  32.33
      7	    968	      2	  967.0	  25.08	  32.33
      8	     12	      1	   11.0	   9.48	   9.52
      8	     13	      1	   12.0	   9.54	  10.70
      8	     14	      1	   13.0	   9.84	  11.49
      8	     15	      1	   14.0	  10.18	  12.46
      8	     16	      1	   15.0	  10.53	  14.42
      8	     17	      1	   16.0	  10.92	  16.81
      8	     18	      1	   17.0	  11.33	  21.85
      8	     19	      1	   18.0	  11.74	  32.33
      8	     20	      1	   19.0	  12.17	  32.33
      8	     21	      1	   20.0	  12.57	  21.33
      8	     22	      1	   21.0	  12.94	  16.88
      8	     23	      1	   22.0	  13.24	  14.89
      8	     24	      1	   23.0	  13.46	  13.96
      8	     25	      1	   24.0	  13.24	  13.24
      8	     10	      2	    9.0	   9.48	  10.36
      8	      9	      2	    8.0	  10.20	  11.11
      8	      8	      2	    7.0	  10.87	  11.67
      8	      7	      2	    6.0	  11.46	  12.65
      8	      6	      2	    5.0	  12.10	  14.06
      8	      5	      2	    4.0	  12.81	  15.26
      8	      4	      2	    3.0	  13.53	  17.36
      8	      3	      2	    2.0	  14.29	  20.62
      8	      2	      2	    1.0	  15.10	  26.05
      8	      1	      2	    0.0	  15.92	  32.33
      8	   1425	      2	 1423.5	  16.75	  32.33
      8	   1424	      2	 1423.0	  17.15	  32.33
      8	   1423	      2	 1422.0	  17.54	  30.02
      8	   1422	      2	 1421.0	  18.28	  27.40
      8	   1421	      2	 1420.0	  18.95	  25.31
      8	   1420	      2	 1419.0	  19.57	  23.64
      8	   1419	      2	 1418.0	  20.09	  23.07
      8	   1418	      2	 1417.0	  20.56	  22.81
      8	   1417	      2	 1416.0	  20.98	  22.99
      8	   1416	      2	 1415.0	  21.38	  23.47
      8	   1415	      2	 1414.0	  21.77	  23.95
      8	   1414	      2	 1413.0	  22.16	  24.66
      8	   1413	      2	 1412.0	  22.56	  25.86
      8	   1412	      2	 1411.0	  23.00	  26.40
      8	   1411	      2	 1410.0	  23.43	  26.69
      8	   1410	      2	 1409.0	  23.85	  26.52
      8	   1409	      2	 1408.0	  24.23	  26.04
      8	   1408	      2	 1407.0	  24.57	  25.54
      8	   1407	      2	 1406.0	  24.65	  24.65
      9	    267	      1	  266.0	  10.80	  11.14
      9	    268	      1	  267.0	  10.95	  11.90
      9	    269	      1	  268.0	  11.18	  12.97
      9	    270	      1	  269.0	  11.47	  14.11
      9	    271	      1	  270.0	  11.78	  15.10
      9	    272	      1	  271.0	  12.11	  17.18
      9	    273	      1	  272.0	  12.46	  19.88
      9	    274	      1	  273.0	  12.82	  23.06
      9	    275	      1	  274.0	  13.18	  28.37
      9	    276	      1	  275.0	  13.55	  32.33
      9	    277	      1	  276.0	  13.91	  32.33
      9	    278	      1	  277.0	  14.27	  32.33
      9	    279	      1	  278.0	  14.62	  32.33
      9	    280	      1	  279.0	  14.96	  32.33
      9	    281	      1	  280.0	  15.29	  32.33
      9	    282	      1	  281.0	  15.61	  32.33
      9	    283	      1	  282.0	  15.92	  32.33
      9	    284	      1	  283.0	  16.23	  32.33
      9	    285	      1	  284.0	  16.53	  32.33
      9	    286	      1	  285.0	  16.83	  32.33
      9	    287	      1	  286.0	  17.12	  32.33
      9	    288	      1	  287.0	  17.41	  32.33
      9	    289	      1	  288.0	  17.70	  32.33
      9	    290	      1	  289.0	  17.98	  32.33
      9	    291	      1	  290.0	  18.26	  32.33
      9	    292	      1	  291.0	  18.54	  32.33
      9	    293	      1	  292.0	  18.81	  32.33
      9	    294	      1	  293.0	  19.08	  32.33
      9	    295	      1	  294.0	  19.34	  32.33
      9	    296	      1	  295.0	  19.60	  32.33
      9	    297	      1	  296.0	  19.86	  32.33
      9	    298	      1	  297.0	  20.11	  32.33
      9	    299	      1	  298.0	  20.36	  32.33
      9	    300	      1	  299.0	  20.60	  32.33
      9	    301	      1	  300.0	  20.84	  32.33
      9	    302	      1	  301.0	  21.08	  32.33
      9	    303	      1	  302.0	  21.32	  32.33
      9	    304	      1	  303.0	  21.55	  32.33
      9	    305	      1	  304.0	  21.78	  32.33
      9	    306	      1	  305.0	  22.01	  32.33
      9	    307	      1	  306.0	  22.24	  32.33
      9	    308	      1	  307.0	  22.46	  32.33
      9	    309	      1	  308.0	  22.68	  32.33
      9	    310	      1	  309.0	  22.90	  32.33
      9	    311	      1	  310.0	  23.12	  32.33
      9	    312	      1	  311.0	  23.34	  32.33
      9	    313	      1	  312.0	  23.55	  32.33
      9	    314	      1	  313.0	  23.77	  32.33
      9	    315	      1	  314.0	  23.98	  32.33
      9	    316	      1	  315.0	  24.19	  32.33
      9	    317	      1	  316.0	  24.39	  32.33
      9	    265	      2	  264.0	  10.80	  11.03
      9	    264	      2	  263.0	  11.15	  11.58
      9	    263	      2	  262.0	  11.59	  12.25
      9	    262	      2	  261.0	  12.10	  13.05
      9	    261	      2	  260.0	  12.65	  14.07
      9	    260	      2	  259.0	  13.26	  15.87
      9	    259	      2	  258.0	  13.96	  17.13
      9	    258	      2	  257.0	  14.66	  18.34
      9	    257	      2	  256.0	  15.36	  20.04
      9	    256	      2	  255.0	  16.06	  21.31
      9	    255	      2	  254.0	  16.75	  21.95
      9	    254	      2	  253.0	  17.40	  23.28
      9	    253	      2	  252.0	  18.06	  24.08
      9	    252	      2	  251.0	  18.69	  24.66
      9	    251	      2	  250.0	  19.30	  25.23
      9	    250	      2	  249.0	  19.89	  25.63
      9	    249	      2	  248.0	  20.46	  25.99
      9	    248	      2	  247.0	  21.01	  26.37
      9	    247	      2	  246.0	  21.54	  26.75
      9	    246	      2	  245.0	  22.06	  27.22
      9	    245	      2	  244.0	  22.56	  27.44
      9	    244	      2	  243.0	  23.05	  27.20
      9	    243	      2	  242.0	  23.51	  26.59
      9	    242	      2	  241.0	  23.92	  24.06
     10	    831	      1	  830.0	  10.81	  10.89
     10	    832	      1	  831.0	  10.87	  11.16
     10	    833	      1	  832.0	  11.00	  11.60
     10	    834	      1	  833.0	  11.19	  12.19
     10	    835	      1	  834.0	  11.42	  13.44
     10	    836	      1	  835.0	  11.71	  14.99
     10	    837	      1	  836.0	  12.04	  17.22
     10	    838	      1	  837.0	  12.39	  18.51
     10	    839	      1	  838.0	  12.74	  20.69
     10	    840	      1	  839.0	  13.10	  23.91
     10	    841	      1	  840.0	  13.46	  29.99
     10	    842	      1	  841.0	  13.81	  32.33
     10	    843	      1	  842.0	  14.18	  32.33
     10	    844	      1	  843.0	  14.53	  32.33
     10	    845	      1	  844.0	  14.87	  32.33
     10	    846	      1	  845.0	  15.21	  32.33
     10	    847	      1	  846.0	  15.53	  32.33
     10	    848	      1	  847.0	  15.85	  32.33
     10	    849	      1	  848.0	  16.15	  32.33
     10	    850	      1	  849.0	  16.46	  32.33
     10	    851	      1	  850.0	  16.75	  32.33
     10	    852	      1	  851.0	  17.04	  32.33
     10	    853	      1	  852.0	  17.33	  32.33
     10	    854	      1	  853.0	  17.60	  32.33
     10	    855	      1	  854.0	  17.87	  32.33
     10	    856	      1	  855.0	  18.14	  31.28
     10	    857	      1	  856.0	  18.39	  29.42
     10	    858	      1	  857.0	  18.63	  27.87
     10	    859	      1	  858.0	  18.86	  26.73
     10	    860	      1	  859.0	  19.08	  25.74
     10	    861	      1	  860.0	  19.29	  24.65
     10	    862	      1	  861.0	  19.48	  24.01
     10	    863	      1	  862.0	  19.66	  23.52
     10	    864	      1	  863.0	  19.83	  22.98
     10	    865	      1	  864.0	  19.98	  22.56
     10	    866	      1	  865.0	  20.12	  22.21
     10	    867	      1	  866.0	  20.24	  21.92
     10	    868	      1	  867.0	  20.35	  21.63
     10	    869	      1	  868.0	  20.45	  21.37
     10	    870	      1	  869.0	  20.53	  21.19
     10	    871	      1	  870.0	  20.59	  21.15
     10	    872	      1	  871.0	  20.65	  21.29
     10	    873	      1	  872.0	  20.71	  21.59
     10	    874	      1	  873.0	  20.78	  21.94
     10	    875	      1	  874.0	  20.87	  22.36
     10	    876	      1	  875.0	  20.97	  22.85
     10	    877	      1	  876.0	  21.08	  23.27
     10	    878	      1	  877.0	  21.19	  23.82
     10	    879	      1	  878.0	  21.32	  24.71
     10	    880	      1	  879.0	  21.46	  25.76
     10	    881	      1	  880.0	  21.61	  27.08
     10	    882	      1	  881.0	  21.78	  29.26
     10	    829	      2	  828.0	  10.81	  10.91
     10	    828	      2	  827.0	  11.06	  11.18
     10	    827	      2	  826.0	  11.32	  11.62
     10	    826	      2	  825.0	  11.69	  12.27
     10	    825	      2	  824.0	  12.16	  14.23
     10	    824	      2	  823.0	  12.88	  17.41
     10	    823	      2	  822.0	  13.72	  21.53
     10	    822	      2	  821.0	  14.59	  25.97
     10	    821	      2	  820.0	  15.44	  31.28
     10	    820	      2	  819.0	  16.28	  32.33
     10	    819	      2	  818.0	  17.09	  32.33
     10	    818	      2	  817.0	  17.89	  32.33
     10	    817	      2	  816.0	  18.66	  32.33
     10	    816	      2	  815.0	  19.42	  32.33
     10	    815	      2	  814.0	  20.15	  32.33
     10	    814	      2	  813.0	  20.87	  32.33
     10	    813	      2	  812.0	  21.58	  32.33
     10	    812	      2	  811.0	  22.27	  32.33
     10	    811	      2	  810.0	  22.94	  32.33
     10	    810	      2	  809.0	  23.61	  32.33
     10	    809	      2	  808.0	  24.26	  32.33
     10	    808	      2	  807.0	  24.90	  32.33
     10	    807	      2	  806.0	  25.53	  32.33
     10	    806	      2	  805.0	  26.16	  32.33
     10	    805	      2	  804.0	  26.77	  32.33
     10	    804	      2	  803.0	  27.38	  32.33
     10	    803	      2	  802.0	  27.99	  32.33
     10	    802	      2	  801.0	  28.58	  32.33
     10	    801	      2	  800.0	  29.17	  32.33
     10	    800	      2	  799.0	  29.76	  32.33
     10	    799	      2	  798.0	  30.34	  32.33
     10	    798	      2	  797.0	  30.91	  32.33
     10	    797	      2	  796.0	  31.48	  32.33
     10	    796	      2	  795.0	  32.05	  32.33
     10	    795	      2	  794.0	  32.33	  32.33
     10	    794	      2	  793.0	  32.33	  32.33
     10	    793	      2	  792.0	  32.33	  32.33
     10	    792	      2	  791.0	  32.33	  32.33
     10	    791	      2	  790.0	  32.33	  32.33
     10	    790	      2	  789.0	  32.33	  32.33
     10	    789	      2	  788.0	  32.33	  32.33
     10	    788	      2	  787.0	  32.33	  32.33
     10	    787	      2	  786.0	  32.33	  32.33
     10	    786	      2	  785.0	  32.33	  32.33
     10	    785	      2	  784.0	  32.33	  32.33
     10	    784	      2	  783.0	  32.33	  32.33
     10	    783	      2	  782.0	  32.33	  32.33
     10	    782	      2	  781.0	  32.33	  32.33
     10	    781	      2	  780.0	  32.33	  32.33
     11	    460	      1	  459.0	  10.81	  10.93
     11	    461	      1	  460.0	  10.89	  11.33
     11	    462	      1	  461.0	  11.05	  11.98
     11	    463	      1	  462.0	  11.28	  13.24
     11	    464	      1	  463.0	  11.57	  14.62
     11	    465	      1	  464.0	  11.90	  19.49
     11	    466	      1	  465.0	  12.28	  32.33
     11	    467	      1	  466.0	  12.68	  32.33
     11	    468	      1	  467.0	  13.08	  27.36
     11	    469	      1	  468.0	  13.44	  21.37
     11	    470	      1	  469.0	  13.78	  19.74
     11	    471	      1	  470.0	  14.09	  18.76
     11	    472	      1	  471.0	  14.37	  18.68
     11	    473	      1	  472.0	  14.64	  19.41
     11	    474	      1	  473.0	  14.91	  19.94
     11	    475	      1	  474.0	  15.18	  20.58
     11	    476	      1	  475.0	  15.44	  21.36
     11	    477	      1	  476.0	  15.71	  22.18
     11	    478	      1	  477.0	  15.98	  23.67
     11	    479	      1	  478.0	  16.25	  25.01
     11	    480	      1	  479.0	  16.52	  26.29
     11	    481	      1	  480.0	  16.79	  27.98
     11	    482	      1	  481.0	  17.06	  30.19
     11	    483	      1	  482.0	  17.33	  32.33
     11	    484	      1	  483.0	  17.60	  32.33
     11	    485	      1	  484.0	  17.87	  32.33
     11	    486	      1	  485.0	  18.14	  32.33
     11	    487	      1	  486.0	  18.40	  32.33
     11	    488	      1	  487.0	  18.66	  32.33
     11	    489	      1	  488.0	  18.92	  32.33
     11	    490	      1	  489.0	  19.17	  32.33
     11	    491	      1	  490.0	  19.42	  32.33
     11	    492	      1	  491.0	  19.68	  32.33
     11	    493	      1	  492.0	  19.93	  32.33
     11	    494	      1	  493.0	  20.17	  32.33
     11	    495	      1	  494.0	  20.42	  32.33
     11	    496	      1	  495.0	  20.66	  32.33
     11	    497	      1	  496.0	  20.91	  32.33
     11	    498	      1	  497.0	  21.15	  32.33
     11	    499	      1	  498.0	  21.38	  32.33
     11	    500	      1	  499.0	  21.62	  32.33
     11	    501	      1	  500.0	  21.85	  32.33
     11	    502	      1	  501.0	  22.08	  32.33
     11	    503	      1	  502.0	  22.31	  32.33
     11	    504	      1	  503.0	  22.53	  32.33
     11	    505	      1	  504.0	  22.76	  32.33
     11	    506	      1	  505.0	  22.98	  32.33
     11	    507	      1	  506.0	  23.20	  32.33
     11	    508	      1	  507.0	  23.41	  32.33
     11	    509	      1	  508.0	  23.63	  32.33
     11	    510	      1	  509.0	  23.84	  32.33
     11	    511	      1	  510.0	  24.05	  32.33
     11	    512	      1	  511.0	  24.26	  32.33
     11	    513	      1	  512.0	  24.46	  32.33
     11	    514	      1	  513.0	  24.67	  32.33
     11	    515	      1	  514.0	  24.87	  32.33
     11	    516	      1	  515.0	  25.07	  32.33
     11	    517	      1	  516.0	  25.27	  32.33
     11	    518	      1	  517.0	  25.47	  32.33
     11	    519	      1	  518.0	  25.67	  32.33
     11	    520	      1	  519.0	  25.86	  32.33
     11	    521	      1	  520.0	  26.06	  32.33
     11	    522	      1	  521.0	  26.25	  32.33
     11	    523	      1	  522.0	  26.44	  32.33
     11	    524	      1	  523.0	  26.63	  32.33
     11	    525	      1	  524.0	  26.82	  32.33
     11	    526	      1	  525.0	  27.01	  32.33
     11	    527	      1	  526.0	  27.20	  32.33
     11	    528	      1	  527.0	  27.38	  32.33
     11	    529	      1	  528.0	  27.57	  32.33
     11	    530	      1	  529.0	  27.75	  32.33
     11	    531	      1	  530.0	  27.93	  32.33
     11	    532	      1	  531.0	  28.11	  32.33
     11	    533	      1	  532.0	  28.29	  32.33
     11	    534	      1	  533.0	  28.47	  32.33
     11	    535	      1	  534.0	  28.64	  32.33
     11	    536	      1	  535.0	  28.82	  32.33
     11	    537	      1	  536.0	  28.99	  32.33
     11	    538	      1	  537.0	  29.17	  32.33
     11	    539	      1	  538.0	  29.34	  32.33
     11	    540	      1	  539.0	  29.51	  32.33
     11	    541	      1	  540.0	  29.68	  32.33
     11	    542	      1	  541.0	  29.85	  32.33
     11	    543	      1	  542.0	  30.02	  32.33
     11	    544	      1	  543.0	  30.19	  32.33
     11	    545	      1	  544.0	  30.36	  32.33
     11	    546	      1	  545.0	  30.52	  32.33
     11	    547	      1	  546.0	  30.68	  32.33
     11	    548	      1	  547.0	  30.84	  32.33
     11	    549	      1	  548.0	  31.00	  32.33
     11	    550	      1	  549.0	  31.15	  32.33
     11	    551	      1	  550.0	  31.31	  32.33
     11	    552	      1	  551.0	  31.46	  32.33
     11	    553	      1	  552.0	  31.61	  32.33
     11	    554	      1	  553.0	  31.75	  32.33
     11	    555	      1	  554.0	  31.89	  32.33
     11	    556	      1	  555.0	  32.04	  32.33
     11	    557	      1	  556.0	  32.18	  32.33
     11	    558	      1	  557.0	  32.31	  32.33
     11	    559	      1	  558.0	  32.33	  32.33
     11	    560	      1	  559.0	  32.33	  32.33
     11	    561	      1	  560.0	  32.33	  32.33
     11	    562	      1	  561.0	  32.33	  32.33
     11	    563	      1	  562.0	  32.33	  32.33
     11	    564	      1	  563.0	  32.33	  32.33
     11	    565	      1	  564.0	  32.33	  32.33
     11	    566	      1	  565.0	  32.33	  32.33
     11	    567	      1	  566.0	  32.33	  32.33
     11	    568	      1	  567.0	  32.33	  32.33
     11	    569	      1	  568.0	  32.33	  32.33
     11	    570	      1	  569.0	  32.33	  32.33
     11	    571	      1	  570.0	  32.33	  32.33
     11	    458	      2	  457.0	  10.81	  11.00
     11	    457	      2	  456.0	  11.13	  11.41
     11	    456	      2	  455.0	  11.50	  11.96
     11	    455	      2	  454.0	  11.94	  12.59
     11	    454	      2	  453.0	  12.42	  13.40
     11	    453	      2	  452.0	  12.96	  14.23
     11	    452	      2	  451.0	  13.53	  16.38
     12	     88	      1	   87.0	  10.81	  10.96
     12	     89	      1	   88.0	  10.90	  11.28
     12	     90	      1	   89.0	  11.05	  11.75
     12	     91	      1	   90.0	  11.25	  12.43
     12	     92	      1	   91.0	  11.49	  13.60
     12	     93	      1	   92.0	  11.79	  14.76
     12	     94	      1	   93.0	  12.10	  17.78
     12	     95	      1	   94.0	  12.46	  21.82
     12	     96	      1	   95.0	  12.83	  31.29
     12	     97	      1	   96.0	  13.21	  32.33
     12	     98	      1	   97.0	  13.59	  32.33
     12	     99	      1	   98.0	  13.96	  32.33
     12	    100	      1	   99.0	  14.31	  32.33
     12	    101	      1	  100.0	  14.66	  32.33
     12	    102	      1	  101.0	  15.00	  32.33
     12	    103	      1	  102.0	  15.34	  32.33
     12	    104	      1	  103.0	  15.66	  32.33
     12	    105	      1	  104.0	  15.98	  32.33
     12	    106	      1	  105.0	  16.29	  32.33
     12	    107	      1	  106.0	  16.60	  32.33
     12	    108	      1	  107.0	  16.90	  32.33
     12	    109	      1	  108.0	  17.20	  32.33
     12	    110	      1	  109.0	  17.49	  32.33
     12	    111	      1	  110.0	  17.78	  32.33
     12	    112	      1	  111.0	  18.06	  32.33
     12	    113	      1	  112.0	  18.34	  32.33
     12	    114	      1	  113.0	  18.61	  32.33
     12	    115	      1	  114.0	  18.88	  32.33
     12	    116	      1	  115.0	  19.15	  32.33
     12	    117	      1	  116.0	  19.41	  32.33
     12	    118	      1	  117.0	  19.67	  32.33
     12	    119	      1	  118.0	  19.92	  32.33
     12	    120	      1	  119.0	  20.17	  32.33
     12	    121	      1	  120.0	  20.42	  32.33
     12	    122	      1	  121.0	  20.67	  32.33
     12	    123	      1	  122.0	  20.91	  32.33
     12	    124	      1	  123.0	  21.15	  32.33
     12	    125	      1	  124.0	  21.39	  32.33
     12	    126	      1	  125.0	  21.62	  32.33
     12	    127	      1	  126.0	  21.85	  32.33
     12	    128	      1	  127.0	  22.08	  32.33
     12	    129	      1	  128.0	  22.31	  32.33
     12	    130	      1	  129.0	  22.54	  32.33
     12	    131	      1	  130.0	  22.76	  32.33
     12	    132	      1	  131.0	  22.98	  32.33
     12	    133	      1	  132.0	  23.20	  32.33
     12	    134	      1	  133.0	  23.42	  32.33
     12	    135	      1	  134.0	  23.63	  32.33
     12	    136	      1	  135.0	  23.85	  32.33
     12	    137	      1	  136.0	  24.06	  32.33
     12	    138	      1	  137.0	  24.27	  32.33
     12	    139	      1	  138.0	  24.47	  32.33
     12	    140	      1	  139.0	  24.66	  32.33
     12	    141	      1	  140.0	  24.85	  32.33
     12	    142	      1	  141.0	  25.00	  28.04
     12	     86	      2	   85.0	  10.81	  10.85
     12	     85	      2	   84.0	  10.97	  11.02
     12	     84	      2	   83.0	  11.16	  11.34
     12	     83	      2	   82.0	  11.46	  11.79
     12	     82	      2	   81.0	  11.84	  12.50
     12	     81	      2	   80.0	  12.33	  14.32
     12	     80	      2	   79.0	  13.03	  17.49
     12	     79	      2	   78.0	  13.86	  32.33
     12	     78	      2	   77.0	  14.79	  28.90
     12	     77	      2	   76.0	  15.65	  17.09
     13	    764	      1	  763.0	  10.81	  11.01
     13	    765	      1	  764.0	  10.92	  11.80
     13	    766	      1	  765.0	  11.15	  13.08
     13	    767	      1	  766.0	  11.44	  14.98
     13	    768	      1	  767.0	  11.79	  19.91
     13	    769	      1	  768.0	  12.18	  32.33
     13	    770	      1	  769.0	  12.59	  31.16
     13	    771	      1	  770.0	  12.97	  18.12
     13	    772	      1	  771.0	  13.29	  15.82
     13	    773	      1	  772.0	  13.55	  14.99
     13	    774	      1	  773.0	  13.75	  14.54
     13	    775	      1	  774.0	  13.90	  14.66
     13	    776	      1	  775.0	  14.04	  15.64
     13	    777	      1	  776.0	  14.24	  17.25
     13	    778	      1	  777.0	  14.48	  20.07
     13	    779	      1	  778.0	  14.77	  23.88
     13	    780	      1	  779.0	  15.07	  29.50
     13	    781	      1	  780.0	  15.39	  32.33
     13	    782	      1	  781.0	  15.71	  32.33
     13	    783	      1	  782.0	  16.02	  32.33
     13	    784	      1	  783.0	  16.33	  32.33
     13	    785	      1	  784.0	  16.64	  32.33
     13	    786	      1	  785.0	  16.94	  32.33
     13	    787	      1	  786.0	  17.23	  32.33
     13	    788	      1	  787.0	  17.52	  32.33
     13	    789	      1	  788.0	  17.81	  32.33
     13	    790	      1	  789.0	  18.09	  32.33
     13	    791	      1	  790.0	  18.37	  32.33
     13	    792	      1	  791.0	  18.64	  32.33
     13	    793	      1	  792.0	  18.91	  32.33
     13	    794	      1	  793.0	  19.17	  32.33
     13	    795	      1	  794.0	  19.43	  32.33
     13	    796	      1	  795.0	  19.69	  32.33
     13	    797	      1	  796.0	  19.95	  32.33
     13	    798	      1	  797.0	  20.20	  32.33
     13	    799	      1	  798.0	  20.45	  32.33
     13	    800	      1	  799.0	  20.69	  32.33
     13	    801	      1	  800.0	  20.94	  32.33
     13	    802	      1	  801.0	  21.18	  32.33
     13	    803	      1	  802.0	  21.41	  32.33
     13	    804	      1	  803.0	  21.65	  32.33
     13	    805	      1	  804.0	  21.88	  32.33
     13	    806	      1	  805.0	  22.11	  32.33
     13	    807	      1	  806.0	  22.34	  32.33
     13	    808	      1	  807.0	  22.56	  32.33
     13	    809	      1	  808.0	  22.79	  32.33
     13	    810	      1	  809.0	  23.01	  32.33
     13	    762	      2	  761.0	  10.81	  11.01
     13	    761	      2	  760.0	  11.14	  11.41
     13	    760	      2	  759.0	  11.50	  11.93
     13	    759	      2	  758.0	  11.92	  12.49
     13	    758	      2	  757.0	  12.38	  13.23
     13	    757	      2	  756.0	  12.89	  14.13
     13	    756	      2	  755.0	  13.46	  15.00
     13	    755	      2	  754.0	  14.04	  16.11
     13	    754	      2	  753.0	  14.65	  18.03
     13	    753	      2	  752.0	  15.33	  20.95
     13	    752	      2	  751.0	  16.06	  22.84
     13	    751	      2	  750.0	  16.79	  24.95
     13	    750	      2	  749.0	  17.51	  27.18
     13	    749	      2	  748.0	  18.22	  28.82
     13	    748	      2	  747.0	  18.91	  29.35
     13	    747	      2	  746.0	  19.59	  29.62
     13	    746	      2	  745.0	  20.23	  29.57
     13	    745	      2	  744.0	  20.86	  29.31
     13	    744	      2	  743.0	  21.45	  29.04
     13	    743	      2	  742.0	  22.02	  28.92
     13	    742	      2	  741.0	  22.56	  28.99
     13	    741	      2	  740.0	  23.08	  29.18
     13	    740	      2	  739.0	  23.59	  29.44
     13	    739	      2	  738.0	  24.08	  29.70
     13	    738	      2	  737.0	  24.56	  30.00
     13	    737	      2	  736.0	  25.02	  30.36
     13	    736	      2	  735.0	  25.48	  30.85
     13	    735	      2	  734.0	  25.93	  31.34
     13	    734	      2	  733.0	  26.38	  31.93
     13	    733	      2	  732.0	  26.82	  32.33
     13	    732	      2	  731.0	  27.27	  32.33
     13	    731	      2	  730.0	  27.72	  32.33
     13	    730	      2	  729.0	  28.18	  32.33
     13	    729	      2	  728.0	  28.64	  32.33
     13	    728	      2	  727.0	  29.08	  32.33
     13	    727	      2	  726.0	  29.46	  29.94
     14	    197	      1	  196.0	  10.93	  11.65
     14	    198	      1	  197.0	  11.13	  12.33
     14	    199	      1	  198.0	  11.38	  12.84
     14	    200	      1	  199.0	  11.64	  13.43
     14	    201	      1	  200.0	  11.91	  14.29
     14	    202	      1	  201.0	  12.20	  15.10
     14	    203	      1	  202.0	  12.50	  15.77
     14	    204	      1	  203.0	  12.80	  16.30
     14	    205	      1	  204.0	  13.10	  16.80
     14	    206	      1	  205.0	  13.39	  17.29
     14	    207	      1	  206.0	  13.68	  17.75
     14	    208	      1	  207.0	  13.97	  18.17
     14	    209	      1	  208.0	  14.24	  18.65
     14	    210	      1	  209.0	  14.52	  19.19
     14	    211	      1	  210.0	  14.79	  19.93
     14	    212	      1	  211.0	  15.06	  20.56
     14	    213	      1	  212.0	  15.33	  21.03
     14	    214	      1	  213.0	  15.60	  21.80
     14	    215	      1	  214.0	  15.87	  22.86
     14	    216	      1	  215.0	  16.13	  24.15
     14	    217	      1	  216.0	  16.40	  26.33
     14	    218	      1	  217.0	  16.68	  30.86
     14	    219	      1	  218.0	  16.96	  32.33
     14	    220	      1	  219.0	  17.25	  32.33
     14	    221	      1	  220.0	  17.54	  32.33
     14	    222	      1	  221.0	  17.82	  30.57
     14	    223	      1	  222.0	  18.08	  22.70
     14	    224	      1	  223.0	  18.28	  18.57
     14	    195	      2	  194.0	  10.93	  10.97
     14	    194	      2	  193.0	  11.10	  11.90
     14	    193	      2	  192.0	  11.67	  12.61
     14	    192	      2	  191.0	  12.24	  13.22
     14	    191	      2	  190.0	  12.79	  13.81
     14	    190	      2	  189.0	  13.32	  14.37
     14	    189	      2	  188.0	  13.83	  14.87
     14	    188	      2	  187.0	  14.32	  15.36
     14	    187	      2	  186.0	  14.79	  15.56
     14	    186	      2	  185.0	  15.18	  15.36
     15	   1277	      1	 1276.0	  12.13	  12.20
     15	   1278	      1	 1277.0	  12.18	  12.37
     15	   1279	      1	 1278.0	  12.27	  12.63
     15	   1280	      1	 1279.0	  12.39	  12.96
     15	   1281	      1	 1280.0	  12.54	  13.34
     15	   1282	      1	 1281.0	  12.71	  13.92
     15	   1283	      1	 1282.0	  12.91	  14.71
     15	   1284	      1	 1283.0	  13.15	  15.61
     15	   1285	      1	 1284.0	  13.40	  16.41
     15	   1286	      1	 1285.0	  13.67	  18.41
     15	   1287	      1	 1286.0	  13.97	  20.98
     15	   1288	      1	 1287.0	  14.28	  24.07
     15	   1289	      1	 1288.0	  14.60	  28.54
     15	   1290	      1	 1289.0	  14.93	  32.33
     15	   1291	      1	 1290.0	  15.25	  32.33
     15	   1292	      1	 1291.0	  15.57	  32.33
     15	   1293	      1	 1292.0	  15.89	  32.33
     15	   1294	      1	 1293.0	  16.21	  32.33
     15	   1295	      1	 1294.0	  16.51	  32.33
     15	   1296	      1	 1295.0	  16.82	  32.33
     15	   1297	      1	 1296.0	  17.12	  32.33
     15	   1298	      1	 1297.0	  17.41	  32.33
     15	   1299	      1	 1298.0	  17.70	  32.33
     15	   1300	      1	 1299.0	  17.98	  32.33
     15	   1301	      1	 1300.0	  18.26	  32.33
     15	   1302	      1	 1301.0	  18.53	  32.33
     15	   1303	      1	 1302.0	  18.81	  32.33
     15	   1304	      1	 1303.0	  19.07	  32.33
     15	   1305	      1	 1304.0	  19.34	  32.33
     15	   1306	      1	 1305.0	  19.60	  32.33
     15	   1307	      1	 1306.0	  19.85	  32.33
     15	   1308	      1	 1307.0	  20.11	  32.33
     15	   1309	      1	 1308.0	  20.36	  32.33
     15	   1310	      1	 1309.0	  20.60	  32.33
     15	   1311	      1	 1310.0	  20.85	  32.33
     15	   1312	      1	 1311.0	  21.09	  32.33
     15	   1313	      1	 1312.0	  21.33	  32.33
     15	   1314	      1	 1313.0	  21.56	  32.33
     15	   1315	      1	 1314.0	  21.80	  32.33
     15	   1316	      1	 1315.0	  22.03	  32.33
     15	   1317	      1	 1316.0	  22.25	  32.33
     15	   1318	      1	 1317.0	  22.48	  32.33
     15	   1319	      1	 1318.0	  22.70	  32.33
     15	   1320	      1	 1319.0	  22.92	  32.33
     15	   1321	      1	 1320.0	  23.14	  32.33
     15	   1322	      1	 1321.0	  23.36	  32.33
     15	   1323	      1	 1322.0	  23.57	  32.33
     15	   1324	      1	 1323.0	  23.79	  32.33
     15	   1325	      1	 1324.0	  24.00	  32.33
     15	   1326	      1	 1325.0	  24.21	  32.33
     15	   1327	      1	 1326.0	  24.42	  32.33
     15	   1328	      1	 1327.0	  24.62	  32.33
     15	   1329	      1	 1328.0	  24.83	  32.33
     15	   1330	      1	 1329.0	  25.03	  32.33
     15	   1331	      1	 1330.0	  25.23	  32.33
     15	   1332	      1	 1331.0	  25.43	  32.33
     15	   1333	      1	 1332.0	  25.63	  32.33
     15	   1334	      1	 1333.0	  25.82	  32.33
     15	   1335	      1	 1334.0	  26.02	  32.33
     15	   1336	      1	 1335.0	  26.21	  32.33
     15	   1337	      1	 1336.0	  26.40	  32.33
     15	   1338	      1	 1337.0	  26.60	  32.33
     15	   1339	      1	 1338.0	  26.79	  32.33
     15	   1340	      1	 1339.0	  26.97	  32.33
     15	   1341	      1	 1340.0	  27.16	  32.33
     15	   1342	      1	 1341.0	  27.34	  32.33
     15	   1343	      1	 1342.0	  27.50	  32.33
     15	   1344	      1	 1343.0	  27.62	  27.63
     15	   1275	      2	 1274.0	  12.13	  12.17
     15	   1274	      2	 1273.0	  12.27	  12.27
     15	   1273	      2	 1272.0	  12.34	  12.42
     15	   1272	      2	 1271.0	  12.54	  12.62
     15	   1271	      2	 1270.0	  12.73	  12.85
     15	   1270	      2	 1269.0	  12.95	  13.09
     15	   1269	      2	 1268.0	  13.18	  13.32
     15	   1268	      2	 1267.0	  13.41	  13.55
     15	   1267	      2	 1266.0	  13.63	  13.80
     15	   1266	      2	 1265.0	  13.87	  14.07
     15	   1265	      2	 1264.0	  14.12	  14.37
     15	   1264	      2	 1263.0	  14.39	  14.71
     15	   1263	      2	 1262.0	  14.67	  15.11
     15	   1262	      2	 1261.0	  14.99	  15.47
     15	   1261	      2	 1260.0	  15.32	  15.72
     15	   1260	      2	 1259.0	  15.62	  15.93
     15	   1259	      2	 1258.0	  15.88	  16.10
     15	   1258	      2	 1257.0	  16.10	  16.27
     15	   1257	      2	 1256.0	  16.30	  16.44
     15	   1256	      2	 1255.0	  16.49	  16.64
     15	   1255	      2	 1254.0	  16.68	  16.82
     15	   1254	      2	 1253.0	  16.86	  17.01
     15	   1253	      2	 1252.0	  17.05	  17.24
     15	   1252	      2	 1251.0	  17.25	  17.58
     15	   1251	      2	 1250.0	  17.49	  18.36
     15	   1250	      2	 1249.0	  17.84	  19.13
     15	   1249	      2	 1248.0	  18.24	  19.77
     15	   1248	      2	 1247.0	  18.65	  20.25
     15	   1247	      2	 1246.0	  19.06	  20.09
     15	   1246	      2	 1245.0	  19.40	  19.50
     16	    152	      1	  151.0	  12.14	  12.22
     16	    153	      1	  152.0	  12.19	  12.53
     16	    154	      1	  153.0	  12.31	  13.02
     16	    155	      1	  154.0	  12.48	  13.71
     16	    156	      1	  155.0	  12.69	  15.06
     16	    157	      1	  156.0	  12.96	  17.47
     16	    158	      1	  157.0	  13.27	  21.10
     16	    159	      1	  158.0	  13.61	  24.86
     16	    160	      1	  159.0	  13.95	  29.52
     16	    161	      1	  160.0	  14.30	  32.33
     16	    162	      1	  161.0	  14.64	  32.33
     16	    163	      1	  162.0	  14.98	  32.33
     16	    164	      1	  163.0	  15.31	  32.33
     16	    165	      1	  164.0	  15.64	  32.33
     16	    166	      1	  165.0	  15.95	  32.33
     16	    167	      1	  166.0	  16.25	  26.04
     16	    168	      1	  167.0	  16.53	  22.22
     16	    169	      1	  168.0	  16.77	  19.59
     16	    170	      1	  169.0	  16.96	  18.15
     16	    171	      1	  170.0	  17.09	  17.46
     16	    150	      2	  149.0	  12.14	  12.30
     16	    149	      2	  148.0	  12.40	  12.67
     16	    148	      2	  147.0	  12.72	  13.19
     16	    147	      2	  146.0	  13.11	  13.97
     16	    146	      2	  145.0	  13.59	  15.34
     16	    145	      2	  144.0	  14.19	  17.52
     16	    144	      2	  143.0	  14.89	  20.63
     16	    143	      2	  142.0	  15.65	  23.68
     16	    142	      2	  141.0	  16.41	  28.04
     16	    141	      2	  140.0	  17.19	  32.33
     16	    140	      2	  139.0	  17.96	  32.33
     16	    139	      2	  138.0	  18.72	  32.33
     16	    138	      2	  137.0	  19.46	  32.33
     16	    137	      2	  136.0	  20.19	  32.33
     16	    136	      2	  135.0	  20.91	  32.33
     16	    135	      2	  134.0	  21.61	  32.33
     16	    134	      2	  133.0	  22.30	  32.33
     16	    133	      2	  132.0	  22.98	  32.33
     17	     28	      1	   27.0	  12.14	  12.35
     17	     29	      1	   28.0	  12.24	  12.99
     17	     30	      1	   29.0	  12.41	  13.65
     17	     31	      1	   30.0	  12.62	  14.45
     17	     32	      1	   31.0	  12.87	  16.46
     17	     33	      1	   32.0	  13.17	  18.22
     17	     34	      1	   33.0	  13.48	  20.54
     17	     35	      1	   34.0	  13.81	  22.79
     17	     36	      1	   35.0	  14.14	  24.86
     17	     37	      1	   36.0	  14.46	  27.17
     17	     38	      1	   37.0	  14.79	  29.77
     17	     39	      1	   38.0	  15.11	  32.16
     17	     40	      1	   39.0	  15.43	  32.33
     17	     41	      1	   40.0	  15.75	  32.33
     17	     42	      1	   41.0	  16.05	  32.33
     17	     43	      1	   42.0	  16.36	  32.33
     17	     44	      1	   43.0	  16.66	  32.33
     17	     45	      1	   44.0	  16.96	  32.33
     17	     46	      1	   45.0	  17.25	  32.33
     17	     47	      1	   46.0	  17.54	  32.33
     17	     48	      1	   47.0	  17.82	  32.33
     17	     49	      1	   48.0	  18.11	  32.33
     17	     50	      1	   49.0	  18.38	  32.33
     17	     51	      1	   50.0	  18.66	  32.33
     17	     52	      1	   51.0	  18.92	  32.33
     17	     53	      1	   52.0	  19.19	  32.33
     17	     54	      1	   53.0	  19.45	  32.33
     17	     55	      1	   54.0	  19.71	  32.33
     17	     56	      1	   55.0	  19.97	  32.33
     17	     57	      1	   56.0	  20.22	  32.33
     17	     58	      1	   57.0	  20.47	  32.33
     17	     59	      1	   58.0	  20.71	  32.33
     17	     60	      1	   59.0	  20.95	  32.33
     17	     61	      1	   60.0	  21.19	  32.33
     17	     62	      1	   61.0	  21.42	  32.33
     17	     63	      1	   62.0	  21.64	  31.20
     17	     64	      1	   63.0	  21.83	  25.60
     17	     65	      1	   64.0	  21.97	  22.12
     17	     26	      2	   25.0	  12.14	  12.54
     17	     25	      2	   24.0	  12.53	  13.24
     17	     24	      2	   23.0	  13.00	  13.96
     18	    421	      1	  420.0	  12.14	  12.19
     18	    422	      1	  421.0	  12.18	  12.43
     18	    423	      1	  422.0	  12.28	  12.84
     18	    424	      1	  423.0	  12.43	  13.39
     18	    425	      1	  424.0	  12.62	  14.45
     18	    426	      1	  425.0	  12.87	  16.31
     18	    427	      1	  426.0	  13.16	  19.42
     18	    428	      1	  427.0	  13.49	  25.23
     18	    429	      1	  428.0	  13.84	  32.33
     18	    430	      1	  429.0	  14.20	  32.33
     18	    419	      2	  418.0	  12.14	  12.31
     18	    418	      2	  417.0	  12.41	  12.66
     18	    417	      2	  416.0	  12.72	  13.16
     18	    416	      2	  415.0	  13.10	  13.98
     18	    415	      2	  414.0	  13.58	  15.54
     18	    414	      2	  413.0	  14.21	  17.72
     18	    413	      2	  412.0	  14.92	  20.69
     18	    412	      2	  411.0	  15.67	  25.69
     18	    411	      2	  410.0	  16.46	  32.33
     18	    410	      2	  409.0	  17.27	  32.33
     18	    409	      2	  408.0	  18.07	  32.33
     18	    408	      2	  407.0	  18.85	  32.33
     18	    407	      2	  406.0	  19.58	  31.27
     18	    406	      2	  405.0	  20.24	  26.19
     18	    405	      2	  404.0	  20.81	  23.17
     18	    404	      2	  403.0	  21.04	  21.04
     19	    232	      1	  231.0	  12.15	  12.16
     19	    233	      1	  232.0	  12.16	  12.31
     19	    234	      1	  233.0	  12.23	  12.58
     19	    235	      1	  234.0	  12.35	  12.97
     19	    236	      1	  235.0	  12.51	  13.48
     19	    237	      1	  236.0	  12.70	  14.49
     19	    238	      1	  237.0	  12.94	  15.33
     19	    239	      1	  238.0	  13.20	  16.77
     19	    240	      1	  239.0	  13.49	  18.82
     19	    241	      1	  240.0	  13.80	  21.32
     19	    242	      1	  241.0	  14.12	  24.06
     19	    243	      1	  242.0	  14.44	  26.59
     19	    244	      1	  243.0	  14.77	  27.20
     19	    245	      1	  244.0	  15.09	  27.44
     19	    246	      1	  245.0	  15.40	  27.22
     19	    247	      1	  246.0	  15.70	  26.75
     19	    248	      1	  247.0	  15.99	  26.37
     19	    249	      1	  248.0	  16.27	  25.99
     19	    250	      1	  249.0	  16.55	  25.63
     19	    251	      1	  250.0	  16.82	  25.23
     19	    252	      1	  251.0	  17.07	  24.66
     19	    253	      1	  252.0	  17.32	  24.08
     19	    230	      2	  229.0	  12.15	  12.29
     19	    229	      2	  228.0	  12.40	  12.57
     19	    228	      2	  227.0	  12.66	  12.96
     19	    227	      2	  226.0	  12.99	  13.50
     19	    226	      2	  225.0	  13.38	  14.75
     19	    225	      2	  224.0	  13.94	  16.75
     19	    224	      2	  223.0	  14.62	  18.57
     19	    223	      2	  222.0	  15.33	  22.70
     19	    222	      2	  221.0	  16.10	  30.57
     19	    221	      2	  220.0	  16.90	  32.33
     20	     74	      1	   73.0	  12.16	  12.26
     20	     75	      1	   74.0	  12.22	  12.88
     20	     76	      1	   75.0	  12.38	  14.06
     20	     77	      1	   76.0	  12.62	  17.09
     20	     78	      1	   77.0	  12.95	  28.90
     20	     79	      1	   78.0	  13.32	  32.33
     20	     72	      2	   71.0	  12.16	  12.43
     20	     71	      2	   70.0	  12.48	  12.94
     20	     70	      2	   69.0	  12.88	  13.65
     20	     69	      2	   68.0	  13.35	  14.73
     20	     68	      2	   67.0	  13.91	  15.72
     20	     67	      2	   66.0	  14.50	  17.48
     20	     66	      2	   65.0	  15.16	  19.66
     20	     65	      2	   64.0	  15.87	  22.12
     20	     64	      2	   63.0	  16.59	  25.60
     20	     63	      2	   62.0	  17.33	  31.20
     20	     62	      2	   61.0	  18.08	  32.33
     20	     61	      2	   60.0	  18.83	  32.33
     20	     60	      2	   59.0	  19.57	  32.33
     20	     59	      2	   58.0	  20.30	  32.33
     21	    721	      1	  720.0	  14.49	  14.88
     21	    722	      1	  721.0	  14.58	  15.82
     21	    723	      1	  722.0	  14.75	  17.59
     21	    724	      1	  723.0	  14.98	  19.08
     21	    725	      1	  724.0	  15.23	  22.30
     21	    726	      1	  725.0	  15.51	  26.19
     21	    727	      1	  726.0	  15.81	  29.94
     21	    728	      1	  727.0	  16.11	  32.33
     21	    729	      1	  728.0	  16.40	  32.33
     21	    730	      1	  729.0	  16.70	  32.33
     21	    731	      1	  730.0	  16.98	  32.33
     21	    732	      1	  731.0	  17.27	  32.33
     21	    733	      1	  732.0	  17.54	  32.33
     21	    734	      1	  733.0	  17.81	  31.93
     21	    735	      1	  734.0	  18.07	  31.34
     21	    736	      1	  735.0	  18.33	  30.85
     21	    737	      1	  736.0	  18.57	  30.36
     21	    738	      1	  737.0	  18.82	  30.00
     21	    739	      1	  738.0	  19.05	  29.70
     21	    740	      1	  739.0	  19.28	  29.44
     21	    741	      1	  740.0	  19.51	  29.18
     21	    742	      1	  741.0	  19.73	  28.99
     21	    743	      1	  742.0	  19.94	  28.92
     21	    744	      1	  743.0	  20.15	  29.04
     21	    745	      1	  744.0	  20.36	  29.31
     21	    719	      2	  718.0	  14.49	  14.93
     21	    718	      2	  717.0	  14.81	  15.86
     21	    717	      2	  716.0	  15.26	  17.55
     21	    716	      2	  715.0	  15.84	  19.55
     21	    715	      2	  714.0	  16.48	  21.83
     21	    714	      2	  713.0	  17.15	  24.72
     21	    713	      2	  712.0	  17.85	  28.89
     21	    712	      2	  711.0	  18.56	  32.33
     21	    711	      2	  710.0	  19.28	  32.33
     21	    710	      2	  709.0	  19.99	  32.33
     21	    709	      2	  708.0	  20.69	  32.33
     21	    708	      2	  707.0	  21.38	  32.33
     21	    707	      2	  706.0	  22.06	  32.33
     21	    706	      2	  705.0	  22.72	  32.33
     21	    705	      2	  704.0	  23.38	  32.33
     21	    704	      2	  703.0	  24.03	  32.33
     21	    703	      2	  702.0	  24.67	  32.33
     21	    702	      2	  701.0	  25.30	  32.33
     21	    701	      2	  700.0	  25.93	  32.33
     21	    700	      2	  699.0	  26.54	  32.33
     21	    699	      2	  698.0	  27.16	  32.33
     21	    698	      2	  697.0	  27.76	  32.33
     21	    697	      2	  696.0	  28.36	  32.33
     21	    696	      2	  695.0	  28.95	  32.33
     21	    695	      2	  694.0	  29.54	  32.33
     22	    184	      1	  183.0	  14.49	  14.65
     22	    185	      1	  184.0	  14.54	  14.99
     22	    186	      1	  185.0	  14.64	  15.36
     22	    187	      1	  186.0	  14.77	  15.56
     22	    182	      2	  181.0	  14.49	  14.53
     22	    181	      2	  180.0	  14.62	  14.64
     22	    180	      2	  179.0	  14.73	  14.81
     22	    179	      2	  178.0	  14.89	  15.02
     22	    178	      2	  177.0	  15.09	  15.25
     22	    177	      2	  176.0	  15.29	  15.47
     22	    176	      2	  175.0	  15.51	  15.67
     22	    175	      2	  174.0	  15.71	  15.84
     22	    174	      2	  173.0	  15.90	  16.03
     22	    173	      2	  172.0	  16.09	  16.28
     22	    172	      2	  171.0	  16.30	  16.65
     22	    171	      2	  170.0	  16.56	  17.46
     22	    170	      2	  169.0	  16.94	  18.15
     23	    775	      1	  774.0	  14.54	  14.66
     23	    773	      2	  772.0	  14.54	  14.99
     24	   1393	      1	 1392.0	  15.56	  15.59
     24	   1394	      1	 1393.0	  15.57	  15.66
     24	   1395	      1	 1394.0	  15.61	  15.78
     24	   1396	      1	 1395.0	  15.65	  15.94
     24	   1397	      1	 1396.0	  15.72	  16.15
     24	   1398	      1	 1397.0	  15.81	  16.40
     24	   1399	      1	 1398.0	  15.91	  16.81
     24	   1400	      1	 1399.0	  16.03	  17.67
     24	   1401	      1	 1400.0	  16.19	  18.42
     24	   1402	      1	 1401.0	  16.37	  19.12
     24	   1403	      1	 1402.0	  16.57	  20.29
     24	   1404	      1	 1403.0	  16.78	  21.75
     24	   1405	      1	 1404.0	  17.01	  22.91
     24	   1406	      1	 1405.0	  17.24	  23.49
     24	   1407	      1	 1406.0	  17.48	  24.65
     24	   1408	      1	 1407.0	  17.71	  25.54
     24	   1409	      1	 1408.0	  17.95	  26.04
     24	   1410	      1	 1409.0	  18.19	  26.52
     24	   1411	      1	 1410.0	  18.42	  26.69
     24	   1412	      1	 1411.0	  18.65	  26.40
     24	   1413	      1	 1412.0	  18.87	  25.86
     24	   1414	      1	 1413.0	  19.09	  24.66
     24	   1415	      1	 1414.0	  19.28	  23.95
     24	   1416	      1	 1415.0	  19.47	  23.47
     24	   1417	      1	 1416.0	  19.64	  22.99
     24	   1418	      1	 1417.0	  19.80	  22.81
     24	   1419	      1	 1418.0	  19.95	  23.07
     24	   1391	      2	 1390.0	  15.56	  15.57
     24	   1390	      2	 1389.0	  15.62	  15.62
     24	   1389	      2	 1388.0	  15.72	  15.72
     24	   1388	      2	 1387.0	  15.81	  15.84
     24	   1387	      2	 1386.0	  15.93	  16.00
     24	   1386	      2	 1385.0	  16.08	  16.19
     24	   1385	      2	 1384.0	  16.26	  16.42
     24	   1384	      2	 1383.0	  16.45	  16.70
     24	   1383	      2	 1382.0	  16.68	  17.27
     24	   1382	      2	 1381.0	  16.99	  17.71
     24	   1381	      2	 1380.0	  17.33	  18.04
     24	   1380	      2	 1379.0	  17.65	  18.32
     24	   1379	      2	 1378.0	  17.96	  18.58
     24	   1378	      2	 1377.0	  18.26	  18.79
     24	   1377	      2	 1376.0	  18.54	  19.00
     24	   1376	      2	 1375.0	  18.80	  19.29
     24	   1375	      2	 1374.0	  19.06	  19.95
     24	   1374	      2	 1373.0	  19.38	  21.13
     24	   1373	      2	 1372.0	  19.79	  22.51
     24	   1372	      2	 1371.0	  20.25	  25.52
     24	   1371	      2	 1370.0	  20.80	  30.64
     24	   1370	      2	 1369.0	  21.41	  32.33
     24	   1369	      2	 1368.0	  22.07	  32.33
     24	   1368	      2	 1367.0	  22.75	  32.33
     24	   1367	      2	 1366.0	  23.40	  30.68
     24	   1366	      2	 1365.0	  23.73	  23.73
     25	   1360	      1	 1359.0	  15.57	  15.63
     25	   1361	      1	 1360.0	  15.59	  15.95
     25	   1362	      1	 1361.0	  15.67	  16.44
     25	   1363	      1	 1362.0	  15.79	  17.28
     25	   1364	      1	 1363.0	  15.95	  18.18
     25	   1365	      1	 1364.0	  16.13	  20.27
     25	   1366	      1	 1365.0	  16.36	  23.73
     25	   1367	      1	 1366.0	  16.62	  30.68
     25	   1368	      1	 1367.0	  16.90	  32.33
     25	   1369	      1	 1368.0	  17.20	  32.33
     25	   1370	      1	 1369.0	  17.49	  32.33
     25	   1371	      1	 1370.0	  17.77	  30.64
     25	   1372	      1	 1371.0	  18.03	  25.52
     25	   1373	      1	 1372.0	  18.26	  22.51
     25	   1374	      1	 1373.0	  18.45	  21.13
     25	   1375	      1	 1374.0	  18.61	  19.95
     25	   1376	      1	 1375.0	  18.72	  19.29
     25	   1358	      2	 1357.0	  15.57	  15.79
     25	   1357	      2	 1356.0	  15.80	  16.25
     25	   1356	      2	 1355.0	  16.10	  17.47
     25	   1355	      2	 1354.0	  16.55	  19.55
     25	   1354	      2	 1353.0	  17.13	  23.04
     25	   1353	      2	 1352.0	  17.79	  32.33
     25	   1352	      2	 1351.0	  18.55	  32.33
     25	   1351	      2	 1350.0	  19.30	  25.36
     25	   1350	      2	 1349.0	  19.65	  19.65
     26	    398	      1	  397.0	  15.58	  15.80
     26	    399	      1	  398.0	  15.64	  16.45
     26	    400	      1	  399.0	  15.76	  17.03
     26	    401	      1	  400.0	  15.91	  17.71
     26	    402	      1	  401.0	  16.08	  18.59
     26	    403	      1	  402.0	  16.27	  19.43
     26	    404	      1	  403.0	  16.48	  21.04
     26	    405	      1	  404.0	  16.70	  23.17
     26	    406	      1	  405.0	  16.95	  26.19
     26	    407	      1	  406.0	  17.21	  31.27
     26	    408	      1	  407.0	  17.48	  32.33
     26	    409	      1	  408.0	  17.76	  32.33
     26	    396	      2	  395.0	  15.58	  16.10
     26	    395	      2	  394.0	  15.90	  16.78
     26	    394	      2	  393.0	  16.29	  17.49
     26	    393	      2	  392.0	  16.71	  18.86
     26	    392	      2	  391.0	  17.22	  19.79
     26	    391	      2	  390.0	  17.75	  20.45
     26	    390	      2	  389.0	  18.26	  21.40
     26	    389	      2	  388.0	  18.79	  22.27
     26	    388	      2	  387.0	  19.32	  23.41
     26	    387	      2	  386.0	  19.85	  25.47
     26	    386	      2	  385.0	  20.42	  28.25
     26	    385	      2	  384.0	  21.02	  30.88
     27	    922	      1	  921.0	  15.65	  16.27
     27	    920	      2	  919.0	  15.65	  15.72
     28	   1241	      1	 1240.0	  16.58	  16.69
     28	   1242	      1	 1241.0	  16.61	  17.00
     28	   1243	      1	 1242.0	  16.68	  17.43
     28	   1244	      1	 1243.0	  16.78	  18.04
     28	   1245	      1	 1244.0	  16.91	  18.81
     28	   1246	      1	 1245.0	  17.07	  19.50
     28	   1247	      1	 1246.0	  17.25	  20.09
     28	   1248	      1	 1247.0	  17.43	  20.25
     28	   1249	      1	 1248.0	  17.61	  19.77
     28	   1250	      1	 1249.0	  17.76	  19.13
     28	   1239	      2	 1238.0	  16.58	  16.71
     28	   1238	      2	 1237.0	  16.76	  17.04
     28	   1237	      2	 1236.0	  16.99	  17.49
     28	   1236	      2	 1235.0	  17.28	  18.16
     28	   1235	      2	 1234.0	  17.64	  19.42
     28	   1234	      2	 1233.0	  18.09	  20.93
     28	   1233	      2	 1232.0	  18.60	  22.65
     28	   1232	      2	 1231.0	  19.16	  25.83
     28	   1231	      2	 1230.0	  19.77	  30.99
     28	   1230	      2	 1229.0	  20.42	  32.33
     28	   1229	      2	 1228.0	  21.11	  32.33
     28	   1228	      2	 1227.0	  21.81	  32.33
     28	   1227	      2	 1226.0	  22.46	  26.15
     29	   1224	      1	 1223.0	  16.60	  17.11
     29	   1225	      1	 1224.0	  16.68	  18.04
     29	   1226	      1	 1225.0	  16.82	  20.78
     29	   1227	      1	 1226.0	  17.03	  26.15
     29	   1228	      1	 1227.0	  17.29	  32.33
     29	   1229	      1	 1228.0	  17.57	  32.33
     29	   1230	      1	 1229.0	  17.86	  32.33
     29	   1231	      1	 1230.0	  18.13	  30.99
     29	   1232	      1	 1231.0	  18.38	  25.83
     29	   1222	      2	 1221.0	  16.60	  18.06
     29	   1221	      2	 1220.0	  17.05	  19.09
     29	   1220	      2	 1219.0	  17.54	  21.14
     29	   1219	      2	 1218.0	  18.11	  23.57
     29	   1218	      2	 1217.0	  18.72	  25.67
     29	   1217	      2	 1216.0	  19.35	  28.35
     29	   1216	      2	 1215.0	  20.00	  31.63
     29	   1215	      2	 1214.0	  20.65	  32.33
     30	   1350	      1	 1349.0	  17.64	  19.65
     30	   1351	      1	 1350.0	  17.79	  25.36
     30	   1352	      1	 1351.0	  18.03	  32.33
     30	   1348	      2	 1347.0	  17.64	  17.89
     30	   1347	      2	 1346.0	  17.86	  18.68
     30	   1346	      2	 1345.0	  18.19	  19.80
     30	   1345	      2	 1344.0	  18.61	  23.33
     30	   1344	      2	 1343.0	  19.19	  27.63
     30	   1343	      2	 1342.0	  19.83	  32.33
     30	   1342	      2	 1341.0	  20.51	  32.33
     30	   1341	      2	 1340.0	  21.20	  32.33
     30	   1340	      2	 1339.0	  21.88	  32.33
     30	   1339	      2	 1338.0	  22.56	  32.33
     30	   1338	      2	 1337.0	  23.23	  32.33
     30	   1337	      2	 1336.0	  23.89	  32.33
     30	   1336	      2	 1335.0	  24.54	  32.33
     30	   1335	      2	 1334.0	  25.18	  32.33
     30	   1334	      2	 1333.0	  25.81	  32.33
     31	    473	      1	  472.0	  18.68	  19.41
     31	    471	      2	  470.0	  18.68	  18.76
     32	    872	      1	  871.0	  21.15	  21.29
     32	    870	      2	  869.0	  21.15	  21.19
     33	    580	      1	  579.0	  21.19	  21.32
     33	    581	      1	  580.0	  21.20	  21.93
     33	    582	      1	  581.0	  21.27	  22.54
     33	    583	      1	  582.0	  21.35	  23.96
     33	    584	      1	  583.0	  21.48	  26.85
     33	    585	      1	  584.0	  21.64	  32.26
     33	    586	      1	  585.0	  21.84	  32.33
     33	    578	      2	  577.0	  21.19	  21.71
     33	    577	      2	  576.0	  21.43	  22.34
     33	    576	      2	  575.0	  21.72	  23.30
     33	    575	      2	  574.0	  22.07	  24.95
     33	    574	      2	  573.0	  22.50	  27.06
     33	    573	      2	  572.0	  22.98	  29.09
     33	    572	      2	  571.0	  23.49	  31.70
     33	    571	      2	  570.0	  24.02	  32.33
     33	    570	      2	  569.0	  24.56	  32.33
     33	    569	      2	  568.0	  25.10	  32.33
     33	    568	      2	  567.0	  25.65	  32.33
     33	    567	      2	  566.0	  26.20	  32.33
     33	    566	      2	  565.0	  26.76	  32.33
     33	    565	      2	  564.0	  27.33	  32.33
     33	    564	      2	  563.0	  27.90	  32.33
     33	    563	      2	  562.0	  28.48	  32.33
     33	    562	      2	  561.0	  29.06	  32.33
     33	    561	      2	  560.0	  29.63	  32.33
     33	    560	      2	  559.0	  30.21	  32.33
     33	    559	      2	  558.0	  30.79	  32.33
     33	    558	      2	  557.0	  31.36	  32.33
     33	    557	      2	  556.0	  31.93	  32.33
     34	    593	      1	  592.0	  22.80	  23.70
     34	    591	      2	  590.0	  22.80	  23.88
     35	   1419	      1	 1418.0	  22.81	  23.07
     35	   1417	      2	 1416.0	  22.81	  22.99
     36	    744	      1	  743.0	  28.92	  29.04
     36	    742	      2	  741.0	  28.92	  28.99
________________________________________________
Velocity profile calculated successfully.
Solver time is: 0.275487 [s]
Post-processing initialised.
Correct solution selected from modes.
Laptime calculated.
Forces calculated.
Yaw motion calculated.
Steering angles calculated.
Vehicle slip angles calculated.
Engine metrics calculated.
KPIs calculated.
Post-processing finished.
Simulation results saved.
Simulation completed.
Laptime   :  89.674 [s]
Sector   1:  33.270 [s]
Sector   2:  27.481 [s]
Sector   3:  28.747 [s]
Plots created and saved.
Export initialised.
Exported .csv file successfully.
Elapsed time is: 2.424167 [s]
