_______                    ____________________________________ __
__  __ \______________________  __/__  __ \__    |_  ____/__  //_/
_  / / /__  __ \  _ \_  __ \_  /  __  /_/ /_  /| |  /    __  ,<   
/ /_/ /__  /_/ /  __/  / / /  /   _  _, _/_  ___ / /___  _  /| |  
\____/ _  .___/\___//_/ /_//_/    /_/ |_| /_/  |_\____/  /_/ |_|  
       /_/                                                        
==================================================================
a__Tracks/FSAE Acceleration
File read successfully
==================================================================
Name:          FSAE_Acceleration
City:          Brussels
Country:       Worldwide
Type:          permanent
Configuration: Open
Direction:     Forward
Mirror:        off
Date:          07/08/2025
Time:          19:50:02
==================================================================
Track generation started.
Pre-processing completed.
Fine meshing completed with mesh size: 1 [m]
Apex calculation completed.
Track rotated.
Fine mesh map created.
Plots created and saved.
Track generated successfully.
Map:
ooooooooooooooooooooooooooooooooooooooooooooooooooooooooooooooooooo
C                                                                  
