_______                    ____________________________________ __
__  __ \______________________  __/__  __ \__    |_  ____/__  //_/
_  / / /__  __ \  _ \_  __ \_  /  __  /_/ /_  /| |  /    __  ,<   
/ /_/ /__  /_/ /  __/  / / /  /   _  _, _/_  ___ / /___  _  /| |  
\____/ _  .___/\___//_/ /_//_/    /_/ |_| /_/  |_\____/  /_/ |_|  
       /_/                                                        
==================================================================
a__Tracks/FSAE Autocross germany 2012
File read successfully
==================================================================
Name:          FSAE Autocross Germany 2012
City:          Hockenheim
Country:       Germany
Type:          temporal
Configuration: Closed
Direction:     Forward
Mirror:        off
Date:          07/08/2025
Time:          19:49:39
==================================================================
Track generation started.
Pre-processing completed.
Fine meshing completed with mesh size: 1 [m]
Apex calculation completed.
Track rotated.
Closing fine mesh map.
Fine mesh map closed.
Fine mesh map created.
Plots created and saved.
Track generated successfully.
Map:
     oooo             ooooooooo                                    
    oo  ooooooooooooooo       oooooo                               
   oo                              ooo                             
   o   oooooo                        ooo     ooooo                 
  oo  oo    o      ooooooooooooooo     ooooooo   oo                
 oo   o    o     ooo             o                o                
 o    o   oo    oo               o      ooooooo   oo               
oo    o   oo    o        ooooooooo    oo      oo   o         oooooo
o     oo   o    o       oo    oo    ooo        oo   o     oooo    o
o      o   oo   o      oo        oooo          oo    oooooo       o
oo     o    ooooo      oo    oooo          ooooo                oo 
 ooooooo                ooooo             oo                   o   
                                        ooo                  oo    
                                      oo                  oooo     
                                    ooo           oooooooo         
                                ooooo           ooo                
                            ooooo          ooooo                   
                        oooo       ooooooooo                       
                        oo     ooooo                               
                         ooooooo                                   
